#
# A fatal error has been detected by the Java Runtime Environment:
#
#  SIGSEGV (0xb) at pc=0x00007fff9c4ea05d, pid=1751, tid=0x0000000000000307
#
# JRE version: Java(TM) SE Runtime Environment (8.0_144-b01) (build 1.8.0_144-b01)
# Java VM: Java HotSpot(TM) 64-Bit Server VM (25.144-b01 mixed mode bsd-amd64 compressed oops)
# Problematic frame:
# C  [libobjc.A.dylib+0x705d]  objc_msgSend+0x1d
#
# Failed to write core dump. Core dumps have been disabled. To enable core dumping, try "ulimit -c unlimited" before starting Java again
#
# If you would like to submit a bug report, please visit:
#   http://bugreport.java.com/bugreport/crash.jsp
# The crash happened outside the Java Virtual Machine in native code.
# See problematic frame for where to report the bug.
#

---------------  T H R E A D  ---------------

Current thread (0x00007faf43071000):  JavaThread "AppKit Thread" daemon [_thread_in_native, id=775, stack(0x00007fff500b7000,0x00007fff508b7000)]

siginfo: si_signo: 11 (SIGSEGV), si_code: 1 (SEGV_MAPERR), si_addr: 0x0000000000000018

Registers:
RAX=0x0000000000000000, RBX=0x00007faf4154f460, RCX=0x0000000000000000, RDX=0x00000000000fc020
RSP=0x00007fff508b18a8, RBP=0x00007fff508b18d0, RSI=0x00007fff85dd67ab, RDI=0x00007faf41675610
R8 =0x0000000000000003, R9 =0x0000000000000000, R10=0x0000000000000000, R11=0x00007fff85dd67ab
R12=0x0000000000000094, R13=0x00007fff85db917f, R14=0x00007faf41675610, R15=0x0000000000000000
RIP=0x00007fff9c4ea05d, EFLAGS=0x0000000000010246, ERR=0x0000000000000004
  TRAPNO=0x000000000000000e

Top of Stack: (sp=0x00007fff508b18a8)
0x00007fff508b18a8:   000000012f0e5598 00007faf4154f460
0x00007fff508b18b8:   000000012f119c60 00007faf4150c080
0x00007fff508b18c8:   00007faf4150c080 00007fff508b1e40
0x00007fff508b18d8:   00007fff852a5e7b 0000000000000000
0x00007fff508b18e8:   0000000000000000 4084500000000000
0x00007fff508b18f8:   4086800000000000 0000000000000000
0x00007fff508b1908:   0000000000000000 4084500000000000
0x00007fff508b1918:   4086800000000000 00007fff508b1940
0x00007fff508b1928:   00007fff87deaf20 0000000000000c40
0x00007fff508b1938:   ffff8050be87e440 00007faf41781bc0
0x00007fff508b1948:   00007fffa5c47480 00007fff508b19b0
0x00007fff508b1958:   00007fff9c4f2243 00007fffa5c480c0
0x00007fff508b1968:   0000000185d71100 00007faf41781bc0
0x00007fff508b1978:   ffff8050be87e440 00007faf42a51580
0x00007fff508b1988:   00007faf4146a940 00007fff85d71100
0x00007fff508b1998:   00007faf4154f460 00007fff9c4ea040
0x00007fff508b19a8:   00007fff508b1a10 00007fff508b1a00
0x00007fff508b19b8:   00007fff8597f91f 401c000000000000
0x00007fff508b19c8:   4086a00000000000 402c000000000000
0x00007fff508b19d8:   0000000000000000 00007fff00000000
0x00007fff508b19e8:   0000000000000000 00007fff85d8abb8
0x00007fff508b19f8:   00007faf4146a900 00000001508b1a50
0x00007fff508b1a08:   00007faf4146a940 0000000000000088
0x00007fff508b1a18:   00007faf41527180 012c000000000000
0x00007fff508b1a28:   00007faf4154f460 00007fff508b1a50
0x00007fff508b1a38:   00007faf4146a940 00007fff508b1b20
0x00007fff508b1a48:   00007faf4146a940 00007fff508b1a90
0x00007fff508b1a58:   00007fff8535dc42 401c000000000000
0x00007fff508b1a68:   4086980000000000 402c000000000000
0x00007fff508b1a78:   4030000000000000 00007fff508b1b20
0x00007fff508b1a88:   00007faf4146a940 00007fff508b1b10
0x00007fff508b1a98:   00007fff8535dbe4 401c000000000000 

Instructions: (pc=0x00007fff9c4ea05d)
0x00007fff9c4ea03d:   0f 1f 00 48 85 ff 2e 74 62 40 f6 c7 01 2e 75 66
0x00007fff9c4ea04d:   49 ba f8 ff ff ff ff 7f 00 00 4c 23 17 49 89 f3
0x00007fff9c4ea05d:   45 23 5a 18 49 c1 e3 04 4d 03 5a 10 49 3b 33 75
0x00007fff9c4ea06d:   04 41 ff 63 08 49 83 3b 01 76 0d 49 83 c3 10 49 

Register to memory mapping:

RAX=0x0000000000000000 is an unknown value
RBX=0x00007faf4154f460 is an unknown value
RCX=0x0000000000000000 is an unknown value
RDX=0x00000000000fc020 is an unknown value
RSP=0x00007fff508b18a8 is pointing into the stack for thread: 0x00007faf43071000
RBP=0x00007fff508b18d0 is pointing into the stack for thread: 0x00007faf43071000
RSI=0x00007fff85dd67ab: __NSStyleNameIndexTable+0xe03f3 in /System/Library/Frameworks/AppKit.framework/Versions/C/AppKit at 0x00007fff85109000
RDI=0x00007faf41675610 is an unknown value
R8 =0x0000000000000003 is an unknown value
R9 =0x0000000000000000 is an unknown value
R10=0x0000000000000000 is an unknown value
R11=0x00007fff85dd67ab: __NSStyleNameIndexTable+0xe03f3 in /System/Library/Frameworks/AppKit.framework/Versions/C/AppKit at 0x00007fff85109000
R12=0x0000000000000094 is an unknown value
R13=0x00007fff85db917f: __NSStyleNameIndexTable+0xc2dc7 in /System/Library/Frameworks/AppKit.framework/Versions/C/AppKit at 0x00007fff85109000
R14=0x00007faf41675610 is an unknown value
R15=0x0000000000000000 is an unknown value


Stack: [0x00007fff500b7000,0x00007fff508b7000],  sp=0x00007fff508b18a8,  free space=8170k
Native frames: (J=compiled Java code, j=interpreted, Vv=VM code, C=native code)
C  [libobjc.A.dylib+0x705d]  objc_msgSend+0x1d
C  [AppKit+0x19ce7b]  -[NSView _recursiveDisplayRectIfNeededIgnoringOpacity:isVisibleRect:rectIsVisibleRectForView:topView:]+0x6ee
C  [AppKit+0x19d6d1]  -[NSView _recursiveDisplayRectIfNeededIgnoringOpacity:isVisibleRect:rectIsVisibleRectForView:topView:]+0xf44
C  [AppKit+0x19c2af]  -[NSThemeFrame _recursiveDisplayRectIfNeededIgnoringOpacity:isVisibleRect:rectIsVisibleRectForView:topView:]+0x14e
C  [AppKit+0x19a6d8]  -[NSView _displayRectIgnoringOpacity:isVisibleRect:rectIsVisibleRectForView:]+0x994
C  [AppKit+0x195fca]  -[NSView displayIfNeeded]+0x6d4
C  [AppKit+0x1958db]  -[NSWindow displayIfNeeded]+0xe6
C  [AppKit+0x8f5cb4]  ___NSWindowGetDisplayCycleObserver_block_invoke.6228+0x115
C  [AppKit+0x1953b9]  __37+[NSDisplayCycle currentDisplayCycle]_block_invoke+0x1c6
C  [QuartzCore+0x11d06]  _ZN2CA11Transaction19run_commit_handlersE18CATransactionPhase+0x2e
C  [QuartzCore+0x11b8bc]  _ZN2CA7Context18commit_transactionEPNS_11TransactionE+0xa0
C  [QuartzCore+0x107e1]  _ZN2CA11Transaction6commitEv+0x1db
C  [AppKit+0x4788b1]  __37+[NSDisplayCycle currentDisplayCycle]_block_invoke.31+0x143
C  [CoreFoundation+0xa6d37]  __CFRUNLOOP_IS_CALLING_OUT_TO_AN_OBSERVER_CALLBACK_FUNCTION__+0x17
C  [CoreFoundation+0xa6ca7]  __CFRunLoopDoObservers+0x187
C  [CoreFoundation+0x876d9]  __CFRunLoopRun+0x369
C  [CoreFoundation+0x87114]  CFRunLoopRunSpecific+0x1a4
C  [HIToolbox+0x30ebc]  RunCurrentEventLoopInMode+0xf0
C  [HIToolbox+0x30bf9]  ReceiveNextEventCommon+0xb8
C  [HIToolbox+0x30b26]  _BlockUntilNextEventMatchingListInModeWithFilter+0x47
C  [AppKit+0x46a54]  _DPSNextEvent+0x460
C  [AppKit+0x7c27ee]  -[NSApplication(NSEvent) _nextEventMatchingEventMask:untilDate:inMode:dequeue:]+0xaec
C  [libosxapp.dylib+0x23aa]  -[NSApplicationAWT nextEventMatchingMask:untilDate:inMode:dequeue:]+0x7c
C  [AppKit+0x3b3db]  -[NSApplication run]+0x39e
C  [libosxapp.dylib+0x214d]  +[NSApplicationAWT runAWTLoopWithApp:]+0x9c
C  [libawt_lwawt.dylib+0x45edf]  -[AWTStarter starter:]+0x389
C  [Foundation+0x7152a]  __NSThreadPerformPerform+0x146
C  [CoreFoundation+0xa7321]  __CFRUNLOOP_IS_CALLING_OUT_TO_A_SOURCE0_PERFORM_FUNCTION__+0x11
C  [CoreFoundation+0x8821d]  __CFRunLoopDoSources0+0x22d
C  [CoreFoundation+0x87716]  __CFRunLoopRun+0x3a6
C  [CoreFoundation+0x87114]  CFRunLoopRunSpecific+0x1a4
C  [java+0x6465]  CreateExecutionEnvironment+0x367
C  [java+0x218c]  JLI_Launch+0x7a0
C  [java+0x84c2]  main+0x65
C  [java+0x19e4]  start+0x34
C  0x0000000000000006


---------------  P R O C E S S  ---------------

Java Threads: ( => current thread )
  0x00007faf42c5e800 JavaThread "AWT-EventQueue-0" [_thread_blocked, id=76327, stack(0x0000700007d7d000,0x0000700007e7d000)]
  0x00007faf42319000 JavaThread "TimerQueue" daemon [_thread_blocked, id=29543, stack(0x0000700007c7a000,0x0000700007d7a000)]
  0x00007faf41b4d800 JavaThread "AWT-Shutdown" [_thread_blocked, id=29703, stack(0x000070000796b000,0x0000700007a6b000)]
=>0x00007faf43071000 JavaThread "AppKit Thread" daemon [_thread_in_native, id=775, stack(0x00007fff500b7000,0x00007fff508b7000)]
  0x00007faf42021000 JavaThread "Service Thread" daemon [_thread_blocked, id=18691, stack(0x00007000076e2000,0x00007000077e2000)]
  0x00007faf42022000 JavaThread "C1 CompilerThread2" daemon [_thread_blocked, id=18179, stack(0x00007000075df000,0x00007000076df000)]
  0x00007faf43001000 JavaThread "C2 CompilerThread1" daemon [_thread_blocked, id=17667, stack(0x00007000074dc000,0x00007000075dc000)]
  0x00007faf41820800 JavaThread "C2 CompilerThread0" daemon [_thread_blocked, id=17155, stack(0x00007000073d9000,0x00007000074d9000)]
  0x00007faf4181d000 JavaThread "Signal Dispatcher" daemon [_thread_blocked, id=16643, stack(0x00007000072d6000,0x00007000073d6000)]
  0x00007faf42869000 JavaThread "Finalizer" daemon [_thread_blocked, id=12547, stack(0x00007000071d3000,0x00007000072d3000)]
  0x00007faf42866000 JavaThread "Reference Handler" daemon [_thread_blocked, id=12035, stack(0x00007000070d0000,0x00007000071d0000)]
  0x00007faf42809000 JavaThread "main" [_thread_in_native, id=3587, stack(0x0000700006935000,0x0000700006a35000)]

Other Threads:
  0x00007faf42861800 VMThread [stack: 0x0000700006fcd000,0x00007000070cd000] [id=11523]
  0x00007faf4283e800 WatcherThread [stack: 0x00007000077e5000,0x00007000078e5000] [id=19203]

VM state:not at safepoint (normal execution)

VM Mutex/Monitor currently owned by a thread: None

Heap:
 PSYoungGen      total 38400K, used 33124K [0x0000000795580000, 0x0000000798000000, 0x00000007c0000000)
  eden space 33280K, 89% used [0x0000000795580000,0x00000007972b5028,0x0000000797600000)
  from space 5120K, 62% used [0x0000000797600000,0x0000000797924078,0x0000000797b00000)
  to   space 5120K, 0% used [0x0000000797b00000,0x0000000797b00000,0x0000000798000000)
 ParOldGen       total 87552K, used 60637K [0x0000000740000000, 0x0000000745580000, 0x0000000795580000)
  object space 87552K, 69% used [0x0000000740000000,0x0000000743b37630,0x0000000745580000)
 Metaspace       used 7891K, capacity 8035K, committed 8320K, reserved 1056768K
  class space    used 790K, capacity 856K, committed 896K, reserved 1048576K

Card table byte_map: [0x0000000111000000,0x0000000111401000] byte_map_base: 0x000000010d600000

Marking Bits: (ParMarkBitMap*) 0x000000010fcb95d0
 Begin Bits: [0x00000001116ac000, 0x00000001136ac000)
 End Bits:   [0x00000001136ac000, 0x00000001156ac000)

Polling page: 0x00000001103b0000

CodeCache: size=245760Kb used=4414Kb max_used=4426Kb free=241345Kb
 bounds [0x000000011bf22000, 0x000000011c382000, 0x000000012af22000]
 total_blobs=1488 nmethods=1081 adapters=321
 compilation: enabled

Compilation events (10 events):
Event: 17.979 Thread 0x00007faf42022000 1079       3       java.nio.HeapByteBuffer::getInt (18 bytes)
Event: 17.980 Thread 0x00007faf42022000 nmethod 1079 0x000000011c3712d0 code [0x000000011c3714e0, 0x000000011c371e48]
Event: 17.980 Thread 0x00007faf42022000 1080       3       java.nio.Bits::getInt (18 bytes)
Event: 17.980 Thread 0x00007faf42022000 nmethod 1080 0x000000011c372610 code [0x000000011c372820, 0x000000011c3731d8]
Event: 18.194 Thread 0x00007faf42022000 1081       3       java.nio.HeapByteBuffer::put (16 bytes)
Event: 18.194 Thread 0x00007faf42022000 nmethod 1081 0x000000011c36dbd0 code [0x000000011c36dd60, 0x000000011c36e108]
Event: 18.204 Thread 0x00007faf42022000 1082       3       java.nio.HeapByteBuffer::get (14 bytes)
Event: 18.204 Thread 0x00007faf42022000 nmethod 1082 0x000000011c373510 code [0x000000011c3736a0, 0x000000011c373a48]
Event: 18.556 Thread 0x00007faf41820800 1083       4       java.security.AccessControlContext::optimize (318 bytes)
Event: 18.563 Thread 0x00007faf41820800 nmethod 1083 0x000000011c376ed0 code [0x000000011c377060, 0x000000011c377708]

GC Heap History (2 events):
Event: 1.109 GC heap before
{Heap before GC invocations=1 (full 0):
 PSYoungGen      total 38400K, used 28240K [0x0000000795580000, 0x0000000798000000, 0x00000007c0000000)
  eden space 33280K, 84% used [0x0000000795580000,0x0000000797114098,0x0000000797600000)
  from space 5120K, 0% used [0x0000000797b00000,0x0000000797b00000,0x0000000798000000)
  to   space 5120K, 0% used [0x0000000797600000,0x0000000797600000,0x0000000797b00000)
 ParOldGen       total 87552K, used 0K [0x0000000740000000, 0x0000000745580000, 0x0000000795580000)
  object space 87552K, 0% used [0x0000000740000000,0x0000000740000000,0x0000000745580000)
 Metaspace       used 7253K, capacity 7427K, committed 7552K, reserved 1056768K
  class space    used 742K, capacity 824K, committed 896K, reserved 1048576K
Event: 1.116 GC heap after
Heap after GC invocations=1 (full 0):
 PSYoungGen      total 38400K, used 3216K [0x0000000795580000, 0x0000000798000000, 0x00000007c0000000)
  eden space 33280K, 0% used [0x0000000795580000,0x0000000795580000,0x0000000797600000)
  from space 5120K, 62% used [0x0000000797600000,0x0000000797924078,0x0000000797b00000)
  to   space 5120K, 0% used [0x0000000797b00000,0x0000000797b00000,0x0000000798000000)
 ParOldGen       total 87552K, used 8200K [0x0000000740000000, 0x0000000745580000, 0x0000000795580000)
  object space 87552K, 9% used [0x0000000740000000,0x0000000740802010,0x0000000745580000)
 Metaspace       used 7253K, capacity 7427K, committed 7552K, reserved 1056768K
  class space    used 742K, capacity 824K, committed 896K, reserved 1048576K
}

Deoptimization events (10 events):
Event: 0.651 Thread 0x00007faf42809000 Uncommon trap: reason=unstable_if action=reinterpret pc=0x000000011c1afd9c method=com.jcraft.jorbis.DspState.synthesis_blockin(Lcom/jcraft/jorbis/Block;)I @ 592
Event: 0.663 Thread 0x00007faf42809000 Uncommon trap: reason=unstable_if action=reinterpret pc=0x000000011c1badb8 method=com.jcraft.jorbis.Mapping0.inverse(Lcom/jcraft/jorbis/Block;Ljava/lang/Object;)I @ 596
Event: 0.717 Thread 0x00007faf42809000 Uncommon trap: reason=unstable_if action=reinterpret pc=0x000000011c1c0988 method=org.newdawn.slick.openal.OggInputStream.readPCM()V @ 270
Event: 0.752 Thread 0x00007faf42809000 Uncommon trap: reason=unstable_if action=reinterpret pc=0x000000011c1ce648 method=org.newdawn.slick.openal.OggInputStream.readPCM()V @ 270
Event: 1.599 Thread 0x00007faf42809000 Uncommon trap: reason=unstable_if action=reinterpret pc=0x000000011c1dda04 method=com.jcraft.jorbis.DspState.synthesis_blockin(Lcom/jcraft/jorbis/Block;)I @ 701
Event: 1.599 Thread 0x00007faf42809000 Uncommon trap: reason=unstable_if action=reinterpret pc=0x000000011c1e9f68 method=org.newdawn.slick.openal.OggInputStream.readPCM()V @ 63
Event: 1.599 Thread 0x00007faf42809000 Uncommon trap: reason=unstable_if action=reinterpret pc=0x000000011c1de950 method=org.newdawn.slick.openal.OggInputStream.atEnd()Z @ 4
Event: 1.599 Thread 0x00007faf42809000 Uncommon trap: reason=unstable_if action=reinterpret pc=0x000000011c1b6778 method=org.newdawn.slick.openal.OggInputStream.atEnd()Z @ 4
Event: 1.618 Thread 0x00007faf42809000 Uncommon trap: reason=unstable_if action=reinterpret pc=0x000000011c20b4d8 method=java.nio.Bits.copyFromArray(Ljava/lang/Object;JJJJ)V @ 18
Event: 2.279 Thread 0x00007faf42809000 Uncommon trap: reason=unstable_if action=reinterpret pc=0x000000011c21c2fc method=java.nio.DirectByteBuffer.put([BII)Ljava/nio/ByteBuffer; @ 8

Internal exceptions (10 events):
Event: 0.162 Thread 0x00007faf42809000 Exception <a 'java/lang/NoSuchFieldError': method resolution failed> (0x000000079590d6e0) thrown at [/Users/java_re/workspace/8-2-build-macosx-x86_64/jdk8u144/9417/hotspot/src/share/vm/prims/methodHandles.cpp, line 1146]
Event: 0.297 Thread 0x00007faf42809000 Exception <a 'java/io/FileNotFoundException'> (0x0000000795988010) thrown at [/Users/java_re/workspace/8-2-build-macosx-x86_64/jdk8u144/9417/hotspot/src/share/vm/prims/jni.cpp, line 709]
Event: 0.297 Thread 0x00007faf42809000 Exception <a 'java/io/FileNotFoundException'> (0x0000000795988b90) thrown at [/Users/java_re/workspace/8-2-build-macosx-x86_64/jdk8u144/9417/hotspot/src/share/vm/prims/jni.cpp, line 709]
Event: 0.509 Thread 0x00007faf42809000 Exception <a 'java/lang/NoClassDefFoundError': net/java/games/input/ControllerEnvironment> (0x0000000795e47bc0) thrown at [/Users/java_re/workspace/8-2-build-macosx-x86_64/jdk8u144/9417/hotspot/src/share/vm/classfile/systemDictionary.cpp, line 199]
Event: 0.511 Thread 0x00007faf42809000 Exception <a 'java/security/PrivilegedActionException'> (0x0000000795e5f418) thrown at [/Users/java_re/workspace/8-2-build-macosx-x86_64/jdk8u144/9417/hotspot/src/share/vm/prims/jvm.cpp, line 1390]
Event: 0.512 Thread 0x00007faf42809000 Exception <a 'java/security/PrivilegedActionException'> (0x0000000795e61000) thrown at [/Users/java_re/workspace/8-2-build-macosx-x86_64/jdk8u144/9417/hotspot/src/share/vm/prims/jvm.cpp, line 1390]
Event: 0.512 Thread 0x00007faf42809000 Exception <a 'java/security/PrivilegedActionException'> (0x0000000795e62120) thrown at [/Users/java_re/workspace/8-2-build-macosx-x86_64/jdk8u144/9417/hotspot/src/share/vm/prims/jvm.cpp, line 1390]
Event: 0.512 Thread 0x00007faf42809000 Exception <a 'java/security/PrivilegedActionException'> (0x0000000795e67240) thrown at [/Users/java_re/workspace/8-2-build-macosx-x86_64/jdk8u144/9417/hotspot/src/share/vm/prims/jvm.cpp, line 1390]
Event: 0.512 Thread 0x00007faf42809000 Exception <a 'java/security/PrivilegedActionException'> (0x0000000795e67e98) thrown at [/Users/java_re/workspace/8-2-build-macosx-x86_64/jdk8u144/9417/hotspot/src/share/vm/prims/jvm.cpp, line 1390]
Event: 0.512 Thread 0x00007faf42809000 Exception <a 'java/security/PrivilegedActionException'> (0x0000000795e68ac0) thrown at [/Users/java_re/workspace/8-2-build-macosx-x86_64/jdk8u144/9417/hotspot/src/share/vm/prims/jvm.cpp, line 1390]

Events (10 events):
Event: 5.363 loading class java/awt/TrayIcon
Event: 5.363 loading class java/awt/TrayIcon done
Event: 5.363 loading class java/awt/event/InputMethodEvent
Event: 5.363 loading class java/awt/event/InputMethodEvent done
Event: 5.363 loading class java/awt/event/ActionEvent
Event: 5.363 loading class java/awt/event/ActionEvent done
Event: 5.367 loading class game/plat/Main$2
Event: 5.367 loading class game/plat/Main$2 done
Event: 18.593 loading class org/lwjgl/opengl/CallbackUtil
Event: 18.593 loading class org/lwjgl/opengl/CallbackUtil done


Dynamic libraries:
0x0000000012258000 	/System/Library/Frameworks/Cocoa.framework/Versions/A/Cocoa
0x0000000012258000 	/System/Library/Frameworks/Security.framework/Versions/A/Security
0x0000000012258000 	/System/Library/Frameworks/ApplicationServices.framework/Versions/A/ApplicationServices
0x0000000012258000 	/usr/lib/libz.1.dylib
0x0000000012258000 	/usr/lib/libSystem.B.dylib
0x0000000012258000 	/usr/lib/libobjc.A.dylib
0x0000000012258000 	/System/Library/Frameworks/CoreFoundation.framework/Versions/A/CoreFoundation
0x0000000012258000 	/System/Library/Frameworks/Foundation.framework/Versions/C/Foundation
0x0000000012258000 	/System/Library/Frameworks/AppKit.framework/Versions/C/AppKit
0x0000000012258000 	/System/Library/Frameworks/CoreData.framework/Versions/A/CoreData
0x0000000012258000 	/System/Library/PrivateFrameworks/RemoteViewServices.framework/Versions/A/RemoteViewServices
0x0000000012258000 	/System/Library/PrivateFrameworks/UIFoundation.framework/Versions/A/UIFoundation
0x0000000012258000 	/System/Library/PrivateFrameworks/DFRFoundation.framework/Versions/A/DFRFoundation
0x0000000012258000 	/usr/lib/libenergytrace.dylib
0x0000000012258000 	/System/Library/PrivateFrameworks/SkyLight.framework/Versions/A/SkyLight
0x0000000012258000 	/System/Library/Frameworks/CoreGraphics.framework/Versions/A/CoreGraphics
0x0000000012258000 	/usr/lib/libScreenReader.dylib
0x0000000012258000 	/System/Library/Frameworks/Accelerate.framework/Versions/A/Accelerate
0x0000000012258000 	/System/Library/Frameworks/IOSurface.framework/Versions/A/IOSurface
0x0000000012258000 	/System/Library/Frameworks/AudioToolbox.framework/Versions/A/AudioToolbox
0x0000000012258000 	/System/Library/Frameworks/AudioUnit.framework/Versions/A/AudioUnit
0x0000000012258000 	/System/Library/PrivateFrameworks/DataDetectorsCore.framework/Versions/A/DataDetectorsCore
0x0000000012258000 	/System/Library/PrivateFrameworks/DesktopServicesPriv.framework/Versions/A/DesktopServicesPriv
0x0000000012258000 	/System/Library/Frameworks/Carbon.framework/Versions/A/Frameworks/HIToolbox.framework/Versions/A/HIToolbox
0x0000000012258000 	/usr/lib/libicucore.A.dylib
0x0000000012258000 	/System/Library/Frameworks/QuartzCore.framework/Versions/A/QuartzCore
0x0000000012258000 	/System/Library/Frameworks/Carbon.framework/Versions/A/Frameworks/SpeechRecognition.framework/Versions/A/SpeechRecognition
0x0000000012258000 	/usr/lib/libauto.dylib
0x0000000012258000 	/usr/lib/libxml2.2.dylib
0x0000000012258000 	/System/Library/PrivateFrameworks/CoreUI.framework/Versions/A/CoreUI
0x0000000012258000 	/System/Library/Frameworks/CoreAudio.framework/Versions/A/CoreAudio
0x0000000012258000 	/System/Library/Frameworks/DiskArbitration.framework/Versions/A/DiskArbitration
0x0000000012258000 	/usr/lib/liblangid.dylib
0x0000000012258000 	/System/Library/PrivateFrameworks/MultitouchSupport.framework/Versions/A/MultitouchSupport
0x0000000012258000 	/System/Library/Frameworks/IOKit.framework/Versions/A/IOKit
0x0000000012258000 	/usr/lib/libDiagnosticMessagesClient.dylib
0x0000000012258000 	/System/Library/Frameworks/CoreServices.framework/Versions/A/CoreServices
0x0000000012258000 	/System/Library/PrivateFrameworks/PerformanceAnalysis.framework/Versions/A/PerformanceAnalysis
0x0000000012258000 	/System/Library/PrivateFrameworks/GenerationalStorage.framework/Versions/A/GenerationalStorage
0x0000000012258000 	/System/Library/Frameworks/OpenGL.framework/Versions/A/OpenGL
0x0000000012258000 	/System/Library/Frameworks/CoreImage.framework/Versions/A/CoreImage
0x0000000012258000 	/System/Library/Frameworks/CoreText.framework/Versions/A/CoreText
0x0000000012258000 	/System/Library/Frameworks/ImageIO.framework/Versions/A/ImageIO
0x0000000012258000 	/System/Library/PrivateFrameworks/Backup.framework/Versions/A/Backup
0x0000000012258000 	/usr/lib/libarchive.2.dylib
0x0000000012258000 	/System/Library/Frameworks/CFNetwork.framework/Versions/A/CFNetwork
0x0000000012258000 	/System/Library/Frameworks/SystemConfiguration.framework/Versions/A/SystemConfiguration
0x0000000012258000 	/usr/lib/libCRFSuite.dylib
0x0000000012258000 	/usr/lib/libc++.1.dylib
0x0000000012258000 	/usr/lib/libc++abi.dylib
0x0000000012258000 	/usr/lib/system/libcache.dylib
0x0000000012258000 	/usr/lib/system/libcommonCrypto.dylib
0x0000000012258000 	/usr/lib/system/libcompiler_rt.dylib
0x0000000012258000 	/usr/lib/system/libcopyfile.dylib
0x0000000012258000 	/usr/lib/system/libcorecrypto.dylib
0x0000000012258000 	/usr/lib/system/libdispatch.dylib
0x0000000012258000 	/usr/lib/system/libdyld.dylib
0x0000000012258000 	/usr/lib/system/libkeymgr.dylib
0x0000000012258000 	/usr/lib/system/liblaunch.dylib
0x0000000012258000 	/usr/lib/system/libmacho.dylib
0x0000000012258000 	/usr/lib/system/libquarantine.dylib
0x0000000012258000 	/usr/lib/system/libremovefile.dylib
0x0000000012258000 	/usr/lib/system/libsystem_asl.dylib
0x0000000012258000 	/usr/lib/system/libsystem_blocks.dylib
0x0000000012258000 	/usr/lib/system/libsystem_c.dylib
0x0000000012258000 	/usr/lib/system/libsystem_configuration.dylib
0x0000000012258000 	/usr/lib/system/libsystem_coreservices.dylib
0x0000000012258000 	/usr/lib/system/libsystem_coretls.dylib
0x0000000012258000 	/usr/lib/system/libsystem_dnssd.dylib
0x0000000012258000 	/usr/lib/system/libsystem_info.dylib
0x0000000012258000 	/usr/lib/system/libsystem_kernel.dylib
0x0000000012258000 	/usr/lib/system/libsystem_m.dylib
0x0000000012258000 	/usr/lib/system/libsystem_malloc.dylib
0x0000000012258000 	/usr/lib/system/libsystem_network.dylib
0x0000000012258000 	/usr/lib/system/libsystem_networkextension.dylib
0x0000000012258000 	/usr/lib/system/libsystem_notify.dylib
0x0000000012258000 	/usr/lib/system/libsystem_platform.dylib
0x0000000012258000 	/usr/lib/system/libsystem_pthread.dylib
0x0000000012258000 	/usr/lib/system/libsystem_sandbox.dylib
0x0000000012258000 	/usr/lib/system/libsystem_secinit.dylib
0x0000000012258000 	/usr/lib/system/libsystem_symptoms.dylib
0x0000000012258000 	/usr/lib/system/libsystem_trace.dylib
0x0000000012258000 	/usr/lib/system/libunwind.dylib
0x0000000012258000 	/usr/lib/system/libxpc.dylib
0x0000000012258000 	/usr/lib/libbsm.0.dylib
0x0000000012258000 	/usr/lib/system/libkxld.dylib
0x0000000012258000 	/usr/lib/libcoretls.dylib
0x0000000012258000 	/usr/lib/libcoretls_cfhelpers.dylib
0x0000000012258000 	/usr/lib/libOpenScriptingUtil.dylib
0x0000000012258000 	/usr/lib/libpam.2.dylib
0x0000000012258000 	/usr/lib/libsqlite3.dylib
0x0000000012258000 	/usr/lib/libxar.1.dylib
0x0000000012258000 	/usr/lib/libbz2.1.0.dylib
0x0000000012258000 	/usr/lib/liblzma.5.dylib
0x0000000012258000 	/usr/lib/libnetwork.dylib
0x0000000012258000 	/usr/lib/libpcap.A.dylib
0x0000000012258000 	/System/Library/Frameworks/CoreServices.framework/Versions/A/Frameworks/FSEvents.framework/Versions/A/FSEvents
0x0000000012258000 	/System/Library/Frameworks/CoreServices.framework/Versions/A/Frameworks/CarbonCore.framework/Versions/A/CarbonCore
0x0000000012258000 	/System/Library/Frameworks/CoreServices.framework/Versions/A/Frameworks/Metadata.framework/Versions/A/Metadata
0x0000000012258000 	/System/Library/Frameworks/CoreServices.framework/Versions/A/Frameworks/OSServices.framework/Versions/A/OSServices
0x0000000012258000 	/System/Library/Frameworks/CoreServices.framework/Versions/A/Frameworks/SearchKit.framework/Versions/A/SearchKit
0x0000000012258000 	/System/Library/Frameworks/CoreServices.framework/Versions/A/Frameworks/AE.framework/Versions/A/AE
0x0000000012258000 	/System/Library/Frameworks/CoreServices.framework/Versions/A/Frameworks/LaunchServices.framework/Versions/A/LaunchServices
0x0000000012258000 	/System/Library/Frameworks/CoreServices.framework/Versions/A/Frameworks/DictionaryServices.framework/Versions/A/DictionaryServices
0x0000000012258000 	/System/Library/Frameworks/CoreServices.framework/Versions/A/Frameworks/SharedFileList.framework/Versions/A/SharedFileList
0x0000000012258000 	/System/Library/Frameworks/NetFS.framework/Versions/A/NetFS
0x0000000012258000 	/System/Library/PrivateFrameworks/NetAuth.framework/Versions/A/NetAuth
0x0000000012258000 	/System/Library/PrivateFrameworks/login.framework/Versions/A/Frameworks/loginsupport.framework/Versions/A/loginsupport
0x0000000012258000 	/System/Library/PrivateFrameworks/TCC.framework/Versions/A/TCC
0x0000000012258000 	/usr/lib/libmecabra.dylib
0x0000000012258000 	/System/Library/Frameworks/ApplicationServices.framework/Versions/A/Frameworks/ATS.framework/Versions/A/ATS
0x0000000012258000 	/System/Library/Frameworks/ApplicationServices.framework/Versions/A/Frameworks/ColorSync.framework/Versions/A/ColorSync
0x0000000012258000 	/System/Library/Frameworks/ApplicationServices.framework/Versions/A/Frameworks/HIServices.framework/Versions/A/HIServices
0x0000000012258000 	/System/Library/Frameworks/ApplicationServices.framework/Versions/A/Frameworks/LangAnalysis.framework/Versions/A/LangAnalysis
0x0000000012258000 	/System/Library/Frameworks/ApplicationServices.framework/Versions/A/Frameworks/PrintCore.framework/Versions/A/PrintCore
0x0000000012258000 	/System/Library/Frameworks/ApplicationServices.framework/Versions/A/Frameworks/QD.framework/Versions/A/QD
0x0000000012258000 	/System/Library/Frameworks/ApplicationServices.framework/Versions/A/Frameworks/SpeechSynthesis.framework/Versions/A/SpeechSynthesis
0x0000000012258000 	/System/Library/Frameworks/Accelerate.framework/Versions/A/Frameworks/vImage.framework/Versions/A/vImage
0x0000000012258000 	/System/Library/Frameworks/Accelerate.framework/Versions/A/Frameworks/vecLib.framework/Versions/A/vecLib
0x0000000012258000 	/System/Library/Frameworks/Accelerate.framework/Versions/A/Frameworks/vecLib.framework/Versions/A/libvDSP.dylib
0x0000000012258000 	/System/Library/Frameworks/Accelerate.framework/Versions/A/Frameworks/vecLib.framework/Versions/A/libBNNS.dylib
0x0000000012258000 	/System/Library/Frameworks/Accelerate.framework/Versions/A/Frameworks/vecLib.framework/Versions/A/libQuadrature.dylib
0x0000000012258000 	/System/Library/Frameworks/Accelerate.framework/Versions/A/Frameworks/vecLib.framework/Versions/A/libvMisc.dylib
0x0000000012258000 	/System/Library/Frameworks/Accelerate.framework/Versions/A/Frameworks/vecLib.framework/Versions/A/libLAPACK.dylib
0x0000000012258000 	/System/Library/Frameworks/Accelerate.framework/Versions/A/Frameworks/vecLib.framework/Versions/A/libBLAS.dylib
0x0000000012258000 	/System/Library/Frameworks/Accelerate.framework/Versions/A/Frameworks/vecLib.framework/Versions/A/libLinearAlgebra.dylib
0x0000000012258000 	/System/Library/Frameworks/Accelerate.framework/Versions/A/Frameworks/vecLib.framework/Versions/A/libSparseBLAS.dylib
0x0000000012258000 	/System/Library/Frameworks/ApplicationServices.framework/Versions/A/Frameworks/ATS.framework/Versions/A/Resources/libFontParser.dylib
0x0000000012258000 	/System/Library/Frameworks/ApplicationServices.framework/Versions/A/Frameworks/ATS.framework/Versions/A/Resources/libFontRegistry.dylib
0x0000000012258000 	/System/Library/Frameworks/ImageIO.framework/Versions/A/Resources/libJPEG.dylib
0x0000000012258000 	/System/Library/Frameworks/ImageIO.framework/Versions/A/Resources/libTIFF.dylib
0x0000000012258000 	/System/Library/Frameworks/ImageIO.framework/Versions/A/Resources/libPng.dylib
0x0000000012258000 	/System/Library/Frameworks/ImageIO.framework/Versions/A/Resources/libGIF.dylib
0x0000000012258000 	/System/Library/Frameworks/ImageIO.framework/Versions/A/Resources/libJP2.dylib
0x0000000012258000 	/System/Library/Frameworks/ImageIO.framework/Versions/A/Resources/libRadiance.dylib
0x0000000012258000 	/usr/lib/libcompression.dylib
0x0000000012258000 	/System/Library/PrivateFrameworks/AppleJPEG.framework/Versions/A/AppleJPEG
0x0000000012258000 	/usr/lib/libcups.2.dylib
0x0000000012258000 	/System/Library/Frameworks/Kerberos.framework/Versions/A/Kerberos
0x0000000012258000 	/System/Library/Frameworks/GSS.framework/Versions/A/GSS
0x0000000012258000 	/usr/lib/libresolv.9.dylib
0x0000000012258000 	/usr/lib/libiconv.2.dylib
0x0000000012258000 	/System/Library/PrivateFrameworks/Heimdal.framework/Versions/A/Heimdal
0x0000000012258000 	/usr/lib/libheimdal-asn1.dylib
0x0000000012258000 	/System/Library/Frameworks/OpenDirectory.framework/Versions/A/OpenDirectory
0x0000000012258000 	/System/Library/PrivateFrameworks/CommonAuth.framework/Versions/A/CommonAuth
0x0000000012258000 	/System/Library/Frameworks/OpenDirectory.framework/Versions/A/Frameworks/CFOpenDirectory.framework/Versions/A/CFOpenDirectory
0x0000000012258000 	/System/Library/Frameworks/SecurityFoundation.framework/Versions/A/SecurityFoundation
0x0000000012258000 	/System/Library/PrivateFrameworks/LanguageModeling.framework/Versions/A/LanguageModeling
0x0000000012258000 	/usr/lib/libmarisa.dylib
0x0000000012258000 	/usr/lib/libChineseTokenizer.dylib
0x0000000012258000 	/usr/lib/libcmph.dylib
0x0000000012258000 	/System/Library/PrivateFrameworks/CoreEmoji.framework/Versions/A/CoreEmoji
0x0000000012258000 	/System/Library/Frameworks/ServiceManagement.framework/Versions/A/ServiceManagement
0x0000000012258000 	/usr/lib/libxslt.1.dylib
0x0000000012258000 	/System/Library/Frameworks/Carbon.framework/Versions/A/Frameworks/Ink.framework/Versions/A/Ink
0x0000000012258000 	/System/Library/PrivateFrameworks/TextureIO.framework/Versions/A/TextureIO
0x0000000012258000 	/System/Library/Frameworks/Metal.framework/Versions/A/Metal
0x0000000012258000 	/usr/lib/libate.dylib
0x0000000012258000 	/System/Library/PrivateFrameworks/GPUCompiler.framework/libmetal_timestamp.dylib
0x0000000012258000 	/System/Library/Frameworks/OpenGL.framework/Versions/A/Libraries/libCoreFSCache.dylib
0x0000000012258000 	/System/Library/PrivateFrameworks/IOAccelerator.framework/Versions/A/IOAccelerator
0x0000000012258000 	/System/Library/Frameworks/CoreVideo.framework/Versions/A/CoreVideo
0x0000000012258000 	/usr/lib/libFosl_dynamic.dylib
0x0000000012258000 	/System/Library/PrivateFrameworks/MetalPerformanceShaders.framework/Versions/A/MetalPerformanceShaders
0x0000000012258000 	/System/Library/PrivateFrameworks/FaceCore.framework/Versions/A/FaceCore
0x0000000012258000 	/System/Library/Frameworks/OpenCL.framework/Versions/A/OpenCL
0x0000000012258000 	/System/Library/Frameworks/OpenGL.framework/Versions/A/Libraries/libGLU.dylib
0x0000000012258000 	/System/Library/Frameworks/OpenGL.framework/Versions/A/Libraries/libGFXShared.dylib
0x0000000012258000 	/System/Library/Frameworks/OpenGL.framework/Versions/A/Libraries/libGL.dylib
0x0000000012258000 	/System/Library/Frameworks/OpenGL.framework/Versions/A/Libraries/libGLImage.dylib
0x0000000012258000 	/System/Library/Frameworks/OpenGL.framework/Versions/A/Libraries/libCVMSPluginSupport.dylib
0x0000000012258000 	/System/Library/Frameworks/OpenGL.framework/Versions/A/Libraries/libCoreVMClient.dylib
0x0000000012258000 	/System/Library/PrivateFrameworks/CrashReporterSupport.framework/Versions/A/CrashReporterSupport
0x0000000012258000 	/System/Library/PrivateFrameworks/Sharing.framework/Versions/A/Sharing
0x0000000012258000 	/System/Library/PrivateFrameworks/IconServices.framework/Versions/A/IconServices
0x0000000012258000 	/System/Library/PrivateFrameworks/ProtocolBuffer.framework/Versions/A/ProtocolBuffer
0x0000000012258000 	/System/Library/PrivateFrameworks/Apple80211.framework/Versions/A/Apple80211
0x0000000012258000 	/System/Library/Frameworks/CoreWLAN.framework/Versions/A/CoreWLAN
0x0000000012258000 	/System/Library/PrivateFrameworks/CoreUtils.framework/Versions/A/CoreUtils
0x0000000012258000 	/System/Library/Frameworks/IOBluetooth.framework/Versions/A/IOBluetooth
0x0000000012258000 	/System/Library/PrivateFrameworks/CoreWiFi.framework/Versions/A/CoreWiFi
0x0000000012258000 	/System/Library/Frameworks/CoreBluetooth.framework/Versions/A/CoreBluetooth
0x0000000012258000 	/System/Library/Frameworks/CoreDisplay.framework/Versions/A/CoreDisplay
0x0000000012258000 	/System/Library/PrivateFrameworks/IOPresentment.framework/Versions/A/IOPresentment
0x0000000012258000 	/System/Library/PrivateFrameworks/DSExternalDisplay.framework/Versions/A/DSExternalDisplay
0x0000000012258000 	/System/Library/PrivateFrameworks/DebugSymbols.framework/Versions/A/DebugSymbols
0x0000000012258000 	/System/Library/PrivateFrameworks/CoreSymbolication.framework/Versions/A/CoreSymbolication
0x0000000012258000 	/System/Library/PrivateFrameworks/Symbolication.framework/Versions/A/Symbolication
0x0000000012258000 	/System/Library/PrivateFrameworks/AppleFSCompression.framework/Versions/A/AppleFSCompression
0x0000000012258000 	/System/Library/PrivateFrameworks/SpeechRecognitionCore.framework/Versions/A/SpeechRecognitionCore
0x0000000012258000 	/System/Library/PrivateFrameworks/ChunkingLibrary.framework/Versions/A/ChunkingLibrary
0x000000010f3c6000 	/Library/Java/JavaVirtualMachines/jdk1.8.0_144.jdk/Contents/Home/jre/lib/server/libjvm.dylib
0x0000000012258000 	/usr/lib/libstdc++.6.dylib
0x000000011036d000 	/Library/Java/JavaVirtualMachines/jdk1.8.0_144.jdk/Contents/Home/jre/lib/libverify.dylib
0x000000011037b000 	/Library/Java/JavaVirtualMachines/jdk1.8.0_144.jdk/Contents/Home/jre/lib/libjava.dylib
0x00000001103ba000 	/Library/Java/JavaVirtualMachines/jdk1.8.0_144.jdk/Contents/Home/jre/lib/libzip.dylib
0x0000000117534000 	/System/Library/Frameworks/JavaVM.framework/Frameworks/JavaRuntimeSupport.framework/JavaRuntimeSupport
0x000000011754e000 	/System/Library/Frameworks/JavaVM.framework/Versions/A/Frameworks/JavaNativeFoundation.framework/Versions/A/JavaNativeFoundation
0x0000000117563000 	/System/Library/Frameworks/JavaVM.framework/Versions/A/JavaVM
0x0000000012258000 	/System/Library/Frameworks/Carbon.framework/Versions/A/Carbon
0x00000001107f4000 	/System/Library/PrivateFrameworks/JavaLaunching.framework/Versions/A/JavaLaunching
0x0000000012258000 	/System/Library/Frameworks/Carbon.framework/Versions/A/Frameworks/CommonPanels.framework/Versions/A/CommonPanels
0x0000000012258000 	/System/Library/Frameworks/Carbon.framework/Versions/A/Frameworks/Help.framework/Versions/A/Help
0x0000000012258000 	/System/Library/Frameworks/Carbon.framework/Versions/A/Frameworks/ImageCapture.framework/Versions/A/ImageCapture
0x0000000012258000 	/System/Library/Frameworks/Carbon.framework/Versions/A/Frameworks/OpenScripting.framework/Versions/A/OpenScripting
0x0000000012258000 	/System/Library/Frameworks/Carbon.framework/Versions/A/Frameworks/Print.framework/Versions/A/Print
0x0000000012258000 	/System/Library/Frameworks/Carbon.framework/Versions/A/Frameworks/SecurityHI.framework/Versions/A/SecurityHI
0x0000000118ec6000 	/Library/Java/JavaVirtualMachines/jdk1.8.0_144.jdk/Contents/Home/jre/lib/libawt.dylib
0x0000000118f6e000 	/Library/Java/JavaVirtualMachines/jdk1.8.0_144.jdk/Contents/Home/jre/lib/./libmlib_image.dylib
0x000000011903a000 	/Library/Java/JavaVirtualMachines/jdk1.8.0_144.jdk/Contents/Home/jre/lib/libawt_lwawt.dylib
0x00000001190f1000 	/Library/Java/JavaVirtualMachines/jdk1.8.0_144.jdk/Contents/Home/jre/lib/./libosxapp.dylib
0x0000000012258000 	/System/Library/Frameworks/ExceptionHandling.framework/Versions/A/ExceptionHandling
0x0000000012258000 	/System/Library/PrivateFrameworks/CoreServicesInternal.framework/Versions/A/CoreServicesInternal
0x0000000012258000 	/System/Library/CoreServices/RawCamera.bundle/Contents/MacOS/RawCamera
0x0000000012258000 	/System/Library/Frameworks/Accelerate.framework/Versions/A/Frameworks/vImage.framework/Versions/A/Libraries/libCGInterfaces.dylib
0x0000000012258000 	/System/Library/Frameworks/ApplicationServices.framework/Versions/A/Frameworks/ATS.framework/Versions/A/Resources/libTrueTypeScaler.dylib
0x000000011ab08000 	/System/Library/Frameworks/OpenGL.framework/Resources/GLEngine.bundle/GLEngine
0x0000000012258000 	/System/Library/Frameworks/OpenGL.framework/Versions/A/Libraries/libGLProgrammability.dylib
0x0000000012258000 	/System/Library/Extensions/GeForceGLDriver.bundle/Contents/MacOS/GeForceGLDriver
0x0000000012258000 	/System/Library/Extensions/GeForceGLDriver.bundle/Contents/MacOS/libclh.dylib
0x0000000012258000 	/System/Library/PrivateFrameworks/GPUSupport.framework/Versions/A/Libraries/libGPUSupportMercury.dylib
0x000000011aced000 	/System/Library/Frameworks/OpenGL.framework/Resources//GLRendererFloat.bundle/GLRendererFloat
0x0000000012258000 	/System/Library/Frameworks/OpenCL.framework/Versions/A/Libraries/libcldcpuengine.dylib
0x0000000012258000 	/usr/lib/libcrypto.0.9.8.dylib
0x0000000012258000 	/System/Library/PrivateFrameworks/TrustEvaluationAgent.framework/Versions/A/TrustEvaluationAgent
0x0000000012258000 	/System/Library/Extensions/GeForceMTLDriver.bundle/Contents/MacOS/GeForceMTLDriver
0x0000000012258000 	/System/Library/PrivateFrameworks/FamilyControls.framework/Versions/A/FamilyControls
0x0000000012258000 	/System/Library/PrivateFrameworks/CommerceKit.framework/Versions/A/Frameworks/CommerceCore.framework/Versions/A/CommerceCore
0x0000000012258000 	/System/Library/PrivateFrameworks/SystemAdministration.framework/Versions/A/SystemAdministration
0x0000000012258000 	/System/Library/PrivateFrameworks/AppContainer.framework/Versions/A/AppContainer
0x0000000012258000 	/System/Library/PrivateFrameworks/SecCodeWrapper.framework/Versions/A/SecCodeWrapper
0x0000000012258000 	/System/Library/Frameworks/DirectoryService.framework/Versions/A/DirectoryService
0x0000000012258000 	/System/Library/PrivateFrameworks/DiskImages.framework/Versions/A/DiskImages
0x0000000012258000 	/System/Library/PrivateFrameworks/LoginUIKit.framework/Versions/A/Frameworks/LoginUICore.framework/Versions/A/LoginUICore
0x0000000012258000 	/usr/lib/libCoreStorage.dylib
0x0000000012258000 	/usr/lib/libcsfde.dylib
0x0000000012258000 	/usr/lib/libodfde.dylib
0x0000000012258000 	/System/Library/Frameworks/DiscRecording.framework/Versions/A/DiscRecording
0x0000000012258000 	/usr/lib/libcurl.4.dylib
0x0000000012258000 	/System/Library/PrivateFrameworks/MediaKit.framework/Versions/A/MediaKit
0x0000000012258000 	/System/Library/PrivateFrameworks/ProtectedCloudStorage.framework/Versions/A/ProtectedCloudStorage
0x0000000012258000 	/System/Library/PrivateFrameworks/EFILogin.framework/Versions/A/EFILogin
0x0000000012258000 	/usr/lib/libutil.dylib
0x0000000012258000 	/System/Library/Frameworks/LDAP.framework/Versions/A/LDAP
0x0000000012258000 	/usr/lib/libsasl2.2.dylib
0x0000000012258000 	/System/Library/PrivateFrameworks/CoreDaemon.framework/Versions/B/CoreDaemon
0x0000000012258000 	/System/Library/PrivateFrameworks/AppleSRP.framework/Versions/A/AppleSRP
0x0000000012258000 	/System/Library/PrivateFrameworks/APFS.framework/Versions/A/APFS
0x000000012f074000 	/Library/Java/JavaVirtualMachines/jdk1.8.0_144.jdk/Contents/Home/jre/lib/libfontmanager.dylib
0x000000012f0db000 	/Users/jhar3975/Documents/slick/liblwjgl.dylib
0x0000000119b4d000 	/Library/Java/JavaVirtualMachines/jdk1.8.0_144.jdk/Contents/Home/jre/lib/libjawt.dylib
0x000000012ffb9000 	/Users/jhar3975/Documents/slick/openal.dylib
0x000000013003c000 	/System/Library/Components/CoreAudio.component/Contents/MacOS/CoreAudio
0x000000013023a000 	/System/Library/Extensions/AppleHDA.kext/Contents/PlugIns/AppleHDAHALPlugIn.bundle/Contents/MacOS/AppleHDAHALPlugIn
0x0000000012258000 	/System/Library/PrivateFrameworks/ViewBridge.framework/Versions/A/ViewBridge
0x0000000012258000 	/System/Library/PrivateFrameworks/XPCService.framework/Versions/A/XPCService
0x0000000012258000 	/System/Library/PrivateFrameworks/AppSandbox.framework/Versions/A/AppSandbox
0x0000000012258000 	/usr/lib/libsandbox.1.dylib
0x0000000012258000 	/usr/lib/libMatch.1.dylib

VM Arguments:
jvm_args: -Djava.library.path=/Users/jhar3975/Documents/slick -Dfile.encoding=UTF-8 
java_command: game.plat.Main
java_class_path (initial): /Users/jhar3975/eclipse-workspace/Platformer/bin:/Users/jhar3975/Documents/slick/lib/lwjgl.jar:/Users/jhar3975/Documents/slick/lib/slick.jar:/Users/jhar3975/Documents/slick/lib/jogg-0.0.7.jar:/Users/jhar3975/Documents/slick/lib/jorbis-0.0.15.jar
Launcher Type: SUN_STANDARD

Environment Variables:
PATH=/usr/bin:/bin:/usr/sbin:/sbin
SHELL=/bin/bash

Signal Handlers:
SIGSEGV: [libjvm.dylib+0x5b26e5], sa_mask[0]=11111111011111110111111111111111, sa_flags=SA_ONSTACK|SA_RESTART|SA_SIGINFO
SIGBUS: [libjvm.dylib+0x5b26e5], sa_mask[0]=11111111011111110111111111111111, sa_flags=SA_RESTART|SA_SIGINFO
SIGFPE: [libjvm.dylib+0x489100], sa_mask[0]=11111111011111110111111111111111, sa_flags=SA_RESTART|SA_SIGINFO
SIGPIPE: [libjvm.dylib+0x489100], sa_mask[0]=11111111011111110111111111111111, sa_flags=SA_RESTART|SA_SIGINFO
SIGXFSZ: [libjvm.dylib+0x489100], sa_mask[0]=11111111011111110111111111111111, sa_flags=SA_RESTART|SA_SIGINFO
SIGILL: [libjvm.dylib+0x489100], sa_mask[0]=11111111011111110111111111111111, sa_flags=SA_RESTART|SA_SIGINFO
SIGUSR1: SIG_DFL, sa_mask[0]=00000000000000000000000000000000, sa_flags=none
SIGUSR2: [libjvm.dylib+0x488c1e], sa_mask[0]=00100000000000000000000000000000, sa_flags=SA_RESTART|SA_SIGINFO
SIGHUP: [libjvm.dylib+0x4871f5], sa_mask[0]=11111111011111110111111111111111, sa_flags=SA_RESTART|SA_SIGINFO
SIGINT: [libjvm.dylib+0x4871f5], sa_mask[0]=11111111011111110111111111111111, sa_flags=SA_RESTART|SA_SIGINFO
SIGTERM: [libjvm.dylib+0x4871f5], sa_mask[0]=11111111011111110111111111111111, sa_flags=SA_RESTART|SA_SIGINFO
SIGQUIT: [libjvm.dylib+0x4871f5], sa_mask[0]=11111111011111110111111111111111, sa_flags=SA_RESTART|SA_SIGINFO


---------------  S Y S T E M  ---------------

OS:Bsduname:Darwin 16.7.0 Darwin Kernel Version 16.7.0: Thu Jun 15 17:36:27 PDT 2017; root:xnu-3789.70.16~2/RELEASE_X86_64 x86_64
rlimit: STACK 8192k, CORE 0k, NPROC 709, NOFILE 10240, AS infinity
load average:1.55 1.61 1.54

CPU:total 4 (initial active 4) (4 cores per cpu, 1 threads per core) family 6 model 60 stepping 3, cmov, cx8, fxsr, mmx, sse, sse2, sse3, ssse3, sse4.1, sse4.2, popcnt, avx, avx2, aes, clmul, erms, rtm, lzcnt, tsc, tscinvbit, bmi1, bmi2

Memory: 4k page, physical 8388608k(2314324k free)

/proc/meminfo:


vm_info: Java HotSpot(TM) 64-Bit Server VM (25.144-b01) for bsd-amd64 JRE (1.8.0_144-b01), built on Jul 21 2017 22:07:42 by "java_re" with gcc 4.2.1 (Based on Apple Inc. build 5658) (LLVM build 2336.11.00)

time: Mon Nov 20 07:55:38 2017
elapsed time: 18 seconds (0d 0h 0m 18s)

