#
# A fatal error has been detected by the Java Runtime Environment:
#
#  SIGSEGV (0xb) at pc=0x00007fffae967069, pid=1992, tid=0x0000000000000307
#
# JRE version: Java(TM) SE Runtime Environment (8.0_144-b01) (build 1.8.0_144-b01)
# Java VM: Java HotSpot(TM) 64-Bit Server VM (25.144-b01 mixed mode bsd-amd64 compressed oops)
# Problematic frame:
# C  [libobjc.A.dylib+0x7069]  objc_msgSend+0x29
#
# Failed to write core dump. Core dumps have been disabled. To enable core dumping, try "ulimit -c unlimited" before starting Java again
#
# If you would like to submit a bug report, please visit:
#   http://bugreport.java.com/bugreport/crash.jsp
# The crash happened outside the Java Virtual Machine in native code.
# See problematic frame for where to report the bug.
#

---------------  T H R E A D  ---------------

Current thread (0x00007fac43106800):  JavaThread "AppKit Thread" daemon [_thread_in_native, id=775, stack(0x00007fff56912000,0x00007fff57112000)]

siginfo: si_signo: 11 (SIGSEGV), si_code: 1 (SEGV_MAPERR), si_addr: 0x0000000000000260

Registers:
RAX=0x0000000000000000, RBX=0x00007fac41c5f480, RCX=0x0000000000000000, RDX=0x00000000000fbfa0
RSP=0x00007fff5710c918, RBP=0x00007fff5710c940, RSI=0x00007fff982537ab, RDI=0x00007fac41fa8d40
R8 =0x0000000000000003, R9 =0x0000000000000000, R10=0x00007fffb4520000, R11=0x0000000000000260
R12=0x0000000000000094, R13=0x00007fff9823617f, R14=0x00007fac41fa8d40, R15=0x0000000000000000
RIP=0x00007fffae967069, EFLAGS=0x0000000000010206, ERR=0x0000000000000004
  TRAPNO=0x000000000000000e

Top of Stack: (sp=0x00007fff5710c918)
0x00007fff5710c918:   00000001288c2598 00007fac41c5f480
0x00007fff5710c928:   00000001288f6c60 00007fac41c44900
0x00007fff5710c938:   00007fac41c44900 00007fff5710ceb0
0x00007fff5710c948:   00007fff97722e7b 0000000000000000
0x00007fff5710c958:   0000000000000000 4084500000000000
0x00007fff5710c968:   4086800000000000 0000000000000000
0x00007fff5710c978:   0000000000000000 4084500000000000
0x00007fff5710c988:   4086800000000000 00007fff5710c9b0
0x00007fff5710c998:   00007fff9a267f20 0000000000000540
0x00007fff5710c9a8:   ffff8053be2b19a0 00007fac41d4e660
0x00007fff5710c9b8:   00007fffb80c4480 00007fff5710ca20
0x00007fff5710c9c8:   00007fffae96f243 00007fffb80c49c0
0x00007fff5710c9d8:   00000001981ee100 00007fac41d4e660
0x00007fff5710c9e8:   ffff8053be2b19a0 00007fac42967b10
0x00007fff5710c9f8:   00007fac41d5d750 00007fff981ee100
0x00007fff5710ca08:   00007fac41c5f480 00007fffae967040
0x00007fff5710ca18:   00007fff5710ca80 00007fff5710ca70
0x00007fff5710ca28:   00007fff97dfc91f 401c000000000000
0x00007fff5710ca38:   4086a00000000000 402c000000000000
0x00007fff5710ca48:   0000000000000000 00007fff00000000
0x00007fff5710ca58:   0000000000000000 00007fff98207bb8
0x00007fff5710ca68:   00007fac41d5d700 000000015710cac0
0x00007fff5710ca78:   00007fac41d5d750 0000000000000088
0x00007fff5710ca88:   00007fac41f3ae10 012c000000000000
0x00007fff5710ca98:   00007fac41c5f480 00007fff5710cac0
0x00007fff5710caa8:   00007fac41d5d750 00007fff5710cb90
0x00007fff5710cab8:   00007fac41d5d750 00007fff5710cb00
0x00007fff5710cac8:   00007fff977dac42 401c000000000000
0x00007fff5710cad8:   4086980000000000 402c000000000000
0x00007fff5710cae8:   4030000000000000 00007fff5710cb90
0x00007fff5710caf8:   00007fac41d5d750 00007fff5710cb80
0x00007fff5710cb08:   00007fff977dabe4 401c000000000000 

Instructions: (pc=0x00007fffae967069)
0x00007fffae967049:   01 2e 75 66 49 ba f8 ff ff ff ff 7f 00 00 4c 23
0x00007fffae967059:   17 49 89 f3 45 23 5a 18 49 c1 e3 04 4d 03 5a 10
0x00007fffae967069:   49 3b 33 75 04 41 ff 63 08 49 83 3b 01 76 0d 49
0x00007fffae967079:   83 c3 10 49 3b 33 75 f1 41 ff 63 08 72 64 4d 8b 

Register to memory mapping:

RAX=0x0000000000000000 is an unknown value
RBX=0x00007fac41c5f480 is an unknown value
RCX=0x0000000000000000 is an unknown value
RDX=0x00000000000fbfa0 is an unknown value
RSP=0x00007fff5710c918 is pointing into the stack for thread: 0x00007fac43106800
RBP=0x00007fff5710c940 is pointing into the stack for thread: 0x00007fac43106800
RSI=0x00007fff982537ab: __NSStyleNameIndexTable+0xe03f3 in /System/Library/Frameworks/AppKit.framework/Versions/C/AppKit at 0x00007fff97586000
RDI=0x00007fac41fa8d40 is an unknown value
R8 =0x0000000000000003 is an unknown value
R9 =0x0000000000000000 is an unknown value
R10=0x00007fffb4520000: OBJC_IVAR_$__NSCGSWindow._flags+0 in /System/Library/Frameworks/AppKit.framework/Versions/C/AppKit at 0x00007fff97586000
R11=0x0000000000000260 is an unknown value
R12=0x0000000000000094 is an unknown value
R13=0x00007fff9823617f: __NSStyleNameIndexTable+0xc2dc7 in /System/Library/Frameworks/AppKit.framework/Versions/C/AppKit at 0x00007fff97586000
R14=0x00007fac41fa8d40 is an unknown value
R15=0x0000000000000000 is an unknown value


Stack: [0x00007fff56912000,0x00007fff57112000],  sp=0x00007fff5710c918,  free space=8170k
Native frames: (J=compiled Java code, j=interpreted, Vv=VM code, C=native code)
C  [libobjc.A.dylib+0x7069]  objc_msgSend+0x29
C  [AppKit+0x19ce7b]  -[NSView _recursiveDisplayRectIfNeededIgnoringOpacity:isVisibleRect:rectIsVisibleRectForView:topView:]+0x6ee
C  [AppKit+0x19d6d1]  -[NSView _recursiveDisplayRectIfNeededIgnoringOpacity:isVisibleRect:rectIsVisibleRectForView:topView:]+0xf44
C  [AppKit+0x19c2af]  -[NSThemeFrame _recursiveDisplayRectIfNeededIgnoringOpacity:isVisibleRect:rectIsVisibleRectForView:topView:]+0x14e
C  [AppKit+0x19a6d8]  -[NSView _displayRectIgnoringOpacity:isVisibleRect:rectIsVisibleRectForView:]+0x994
C  [AppKit+0x195fca]  -[NSView displayIfNeeded]+0x6d4
C  [AppKit+0x1958db]  -[NSWindow displayIfNeeded]+0xe6
C  [AppKit+0x8f5cb4]  ___NSWindowGetDisplayCycleObserver_block_invoke.6228+0x115
C  [AppKit+0x1953b9]  __37+[NSDisplayCycle currentDisplayCycle]_block_invoke+0x1c6
C  [QuartzCore+0x11d06]  _ZN2CA11Transaction19run_commit_handlersE18CATransactionPhase+0x2e
C  [QuartzCore+0x11b8bc]  _ZN2CA7Context18commit_transactionEPNS_11TransactionE+0xa0
C  [QuartzCore+0x107e1]  _ZN2CA11Transaction6commitEv+0x1db
C  [AppKit+0x4788b1]  __37+[NSDisplayCycle currentDisplayCycle]_block_invoke.31+0x143
C  [CoreFoundation+0xa6d37]  __CFRUNLOOP_IS_CALLING_OUT_TO_AN_OBSERVER_CALLBACK_FUNCTION__+0x17
C  [CoreFoundation+0xa6ca7]  __CFRunLoopDoObservers+0x187
C  [CoreFoundation+0x876d9]  __CFRunLoopRun+0x369
C  [CoreFoundation+0x87114]  CFRunLoopRunSpecific+0x1a4
C  [HIToolbox+0x30ebc]  RunCurrentEventLoopInMode+0xf0
C  [HIToolbox+0x30bf9]  ReceiveNextEventCommon+0xb8
C  [HIToolbox+0x30b26]  _BlockUntilNextEventMatchingListInModeWithFilter+0x47
C  [AppKit+0x46a54]  _DPSNextEvent+0x460
C  [AppKit+0x7c27ee]  -[NSApplication(NSEvent) _nextEventMatchingEventMask:untilDate:inMode:dequeue:]+0xaec
C  [libosxapp.dylib+0x23aa]  -[NSApplicationAWT nextEventMatchingMask:untilDate:inMode:dequeue:]+0x7c
C  [AppKit+0x3b3db]  -[NSApplication run]+0x39e
C  [libosxapp.dylib+0x214d]  +[NSApplicationAWT runAWTLoopWithApp:]+0x9c
C  [libawt_lwawt.dylib+0x45edf]  -[AWTStarter starter:]+0x389
C  [Foundation+0x7152a]  __NSThreadPerformPerform+0x146
C  [CoreFoundation+0xa7321]  __CFRUNLOOP_IS_CALLING_OUT_TO_A_SOURCE0_PERFORM_FUNCTION__+0x11
C  [CoreFoundation+0x8821d]  __CFRunLoopDoSources0+0x22d
C  [CoreFoundation+0x87716]  __CFRunLoopRun+0x3a6
C  [CoreFoundation+0x87114]  CFRunLoopRunSpecific+0x1a4
C  [java+0x6465]  CreateExecutionEnvironment+0x367
C  [java+0x218c]  JLI_Launch+0x7a0
C  [java+0x84c2]  main+0x65
C  [java+0x19e4]  start+0x34
C  0x0000000000000006


---------------  P R O C E S S  ---------------

Java Threads: ( => current thread )
  0x00007fac42934000 JavaThread "AWT-Shutdown" [_thread_blocked, id=29727, stack(0x000070000a161000,0x000070000a261000)]
=>0x00007fac43106800 JavaThread "AppKit Thread" daemon [_thread_in_native, id=775, stack(0x00007fff56912000,0x00007fff57112000)]
  0x00007fac43055000 JavaThread "Service Thread" daemon [_thread_blocked, id=18691, stack(0x0000700009ed8000,0x0000700009fd8000)]
  0x00007fac43801000 JavaThread "C1 CompilerThread2" daemon [_thread_blocked, id=18179, stack(0x0000700009dd5000,0x0000700009ed5000)]
  0x00007fac43056800 JavaThread "C2 CompilerThread1" daemon [_thread_blocked, id=17667, stack(0x0000700009cd2000,0x0000700009dd2000)]
  0x00007fac4203d800 JavaThread "C2 CompilerThread0" daemon [_thread_blocked, id=17155, stack(0x0000700009bcf000,0x0000700009ccf000)]
  0x00007fac42003000 JavaThread "Signal Dispatcher" daemon [_thread_blocked, id=16643, stack(0x0000700009acc000,0x0000700009bcc000)]
  0x00007fac4303e800 JavaThread "Finalizer" daemon [_thread_blocked, id=12547, stack(0x00007000099c9000,0x0000700009ac9000)]
  0x00007fac4303c000 JavaThread "Reference Handler" daemon [_thread_blocked, id=12035, stack(0x00007000098c6000,0x00007000099c6000)]
  0x00007fac42806800 JavaThread "main" [_thread_in_native, id=6915, stack(0x00007000092b4000,0x00007000093b4000)]

Other Threads:
  0x00007fac43800000 VMThread [stack: 0x00007000097c3000,0x00007000098c3000] [id=11523]
  0x00007fac4304a000 WatcherThread [stack: 0x0000700009fdb000,0x000070000a0db000] [id=19203]

VM state:not at safepoint (normal execution)

VM Mutex/Monitor currently owned by a thread: None

Heap:
 PSYoungGen      total 38400K, used 9551K [0x0000000795580000, 0x0000000798000000, 0x00000007c0000000)
  eden space 33280K, 28% used [0x0000000795580000,0x0000000795ed3f08,0x0000000797600000)
  from space 5120K, 0% used [0x0000000797b00000,0x0000000797b00000,0x0000000798000000)
  to   space 5120K, 0% used [0x0000000797600000,0x0000000797600000,0x0000000797b00000)
 ParOldGen       total 87552K, used 0K [0x0000000740000000, 0x0000000745580000, 0x0000000795580000)
  object space 87552K, 0% used [0x0000000740000000,0x0000000740000000,0x0000000745580000)
 Metaspace       used 6955K, capacity 7043K, committed 7168K, reserved 1056768K
  class space    used 703K, capacity 760K, committed 768K, reserved 1048576K

Card table byte_map: [0x00000001097c0000,0x0000000109bc1000] byte_map_base: 0x0000000105dc0000

Marking Bits: (ParMarkBitMap*) 0x000000010aa075d0
 Begin Bits: [0x000000011a0bb000, 0x000000011c0bb000)
 End Bits:   [0x000000011c0bb000, 0x000000011e0bb000)

Polling page: 0x0000000108bae000

CodeCache: size=245760Kb used=2615Kb max_used=2615Kb free=243144Kb
 bounds [0x000000010b0bb000, 0x000000010b34b000, 0x000000011a0bb000]
 total_blobs=1032 nmethods=644 adapters=302
 compilation: enabled

Compilation events (10 events):
Event: 2.785 Thread 0x00007fac43801000  640       3       java.nio.Bits::makeInt (29 bytes)
Event: 2.785 Thread 0x00007fac43801000 nmethod 640 0x000000010b347410 code [0x000000010b347560, 0x000000010b3476b0]
Event: 2.869 Thread 0x00007fac43801000  641       3       org.newdawn.slick.Input::getMouseX (16 bytes)
Event: 2.869 Thread 0x00007fac43801000 nmethod 641 0x000000010b347750 code [0x000000010b3478c0, 0x000000010b347bf0]
Event: 2.869 Thread 0x00007fac43801000  642   !   3       org.lwjgl.input.Mouse::getX (17 bytes)
Event: 2.869 Thread 0x00007fac43801000 nmethod 642 0x000000010b347d10 code [0x000000010b347e80, 0x000000010b3480f0]
Event: 3.152 Thread 0x00007fac43801000  643       3       org.newdawn.slick.opengl.renderer.ImmediateModeOGLRenderer::glEnd (4 bytes)
Event: 3.152 Thread 0x00007fac43801000 nmethod 643 0x000000010b3481d0 code [0x000000010b3483c0, 0x000000010b348af8]
Event: 3.152 Thread 0x00007fac43801000  644       3       org.lwjgl.opengl.GL11::glEnd (18 bytes)
Event: 3.153 Thread 0x00007fac43801000 nmethod 644 0x000000010b348f90 code [0x000000010b349180, 0x000000010b349838]

GC Heap History (0 events):
No events

Deoptimization events (1 events):
Event: 0.481 Thread 0x00007fac42806800 Uncommon trap: reason=unstable_if action=reinterpret pc=0x000000010b26aff0 method=java.lang.String.replace(CC)Ljava/lang/String; @ 26

Internal exceptions (10 events):
Event: 0.081 Thread 0x00007fac42806800 Exception <a 'java/security/PrivilegedActionException'> (0x00000007956e0378) thrown at [/Users/java_re/workspace/8-2-build-macosx-x86_64/jdk8u144/9417/hotspot/src/share/vm/prims/jvm.cpp, line 1390]
Event: 0.120 Thread 0x00007fac42806800 Exception <a 'java/security/PrivilegedActionException'> (0x0000000795828210) thrown at [/Users/java_re/workspace/8-2-build-macosx-x86_64/jdk8u144/9417/hotspot/src/share/vm/prims/jvm.cpp, line 1390]
Event: 0.120 Thread 0x00007fac42806800 Exception <a 'java/security/PrivilegedActionException'> (0x0000000795828420) thrown at [/Users/java_re/workspace/8-2-build-macosx-x86_64/jdk8u144/9417/hotspot/src/share/vm/prims/jvm.cpp, line 1390]
Event: 0.120 Thread 0x00007fac42806800 Exception <a 'java/security/PrivilegedActionException'> (0x000000079582b938) thrown at [/Users/java_re/workspace/8-2-build-macosx-x86_64/jdk8u144/9417/hotspot/src/share/vm/prims/jvm.cpp, line 1390]
Event: 0.120 Thread 0x00007fac42806800 Exception <a 'java/security/PrivilegedActionException'> (0x000000079582bb48) thrown at [/Users/java_re/workspace/8-2-build-macosx-x86_64/jdk8u144/9417/hotspot/src/share/vm/prims/jvm.cpp, line 1390]
Event: 0.153 Thread 0x00007fac42806800 Exception <a 'java/lang/NoSuchFieldError': method resolution failed> (0x00000007958f9c78) thrown at [/Users/java_re/workspace/8-2-build-macosx-x86_64/jdk8u144/9417/hotspot/src/share/vm/prims/methodHandles.cpp, line 1146]
Event: 0.155 Thread 0x00007fac42806800 Exception <a 'java/lang/NoSuchFieldError': method resolution failed> (0x00000007959073c8) thrown at [/Users/java_re/workspace/8-2-build-macosx-x86_64/jdk8u144/9417/hotspot/src/share/vm/prims/methodHandles.cpp, line 1146]
Event: 0.294 Thread 0x00007fac42806800 Exception <a 'java/io/FileNotFoundException'> (0x0000000795981e28) thrown at [/Users/java_re/workspace/8-2-build-macosx-x86_64/jdk8u144/9417/hotspot/src/share/vm/prims/jni.cpp, line 709]
Event: 0.294 Thread 0x00007fac42806800 Exception <a 'java/io/FileNotFoundException'> (0x00000007959829a8) thrown at [/Users/java_re/workspace/8-2-build-macosx-x86_64/jdk8u144/9417/hotspot/src/share/vm/prims/jni.cpp, line 709]
Event: 0.499 Thread 0x00007fac42806800 Exception <a 'java/lang/NoClassDefFoundError': net/java/games/input/ControllerEnvironment> (0x0000000795e3ef88) thrown at [/Users/java_re/workspace/8-2-build-macosx-x86_64/jdk8u144/9417/hotspot/src/share/vm/classfile/systemDictionary.cpp, line 199]

Events (10 events):
Event: 0.532 loading class org/newdawn/slick/AngelCodeFont$DisplayList
Event: 0.532 loading class org/newdawn/slick/AngelCodeFont$DisplayList done
Event: 0.532 loading class org/lwjgl/opengl/Sync
Event: 0.532 loading class org/lwjgl/opengl/Sync done
Event: 0.533 loading class org/lwjgl/opengl/Sync$RunningAvg
Event: 0.533 loading class org/lwjgl/opengl/Sync$RunningAvg done
Event: 1.882 Thread 0x00007fac42806800 DEOPT PACKING pc=0x000000010b310ad3 sp=0x00007000093b3600
Event: 1.882 Thread 0x00007fac42806800 DEOPT UNPACKING pc=0x000000010b102633 sp=0x00007000093b3430 mode 0
Event: 3.420 loading class org/lwjgl/opengl/CallbackUtil
Event: 3.420 loading class org/lwjgl/opengl/CallbackUtil done


Dynamic libraries:
0x00000000246d5000 	/System/Library/Frameworks/Cocoa.framework/Versions/A/Cocoa
0x00000000246d5000 	/System/Library/Frameworks/Security.framework/Versions/A/Security
0x00000000246d5000 	/System/Library/Frameworks/ApplicationServices.framework/Versions/A/ApplicationServices
0x00000000246d5000 	/usr/lib/libz.1.dylib
0x00000000246d5000 	/usr/lib/libSystem.B.dylib
0x00000000246d5000 	/usr/lib/libobjc.A.dylib
0x00000000246d5000 	/System/Library/Frameworks/CoreFoundation.framework/Versions/A/CoreFoundation
0x00000000246d5000 	/System/Library/Frameworks/Foundation.framework/Versions/C/Foundation
0x00000000246d5000 	/System/Library/Frameworks/AppKit.framework/Versions/C/AppKit
0x00000000246d5000 	/System/Library/Frameworks/CoreData.framework/Versions/A/CoreData
0x00000000246d5000 	/System/Library/PrivateFrameworks/RemoteViewServices.framework/Versions/A/RemoteViewServices
0x00000000246d5000 	/System/Library/PrivateFrameworks/UIFoundation.framework/Versions/A/UIFoundation
0x00000000246d5000 	/System/Library/PrivateFrameworks/DFRFoundation.framework/Versions/A/DFRFoundation
0x00000000246d5000 	/usr/lib/libenergytrace.dylib
0x00000000246d5000 	/System/Library/PrivateFrameworks/SkyLight.framework/Versions/A/SkyLight
0x00000000246d5000 	/System/Library/Frameworks/CoreGraphics.framework/Versions/A/CoreGraphics
0x00000000246d5000 	/usr/lib/libScreenReader.dylib
0x00000000246d5000 	/System/Library/Frameworks/Accelerate.framework/Versions/A/Accelerate
0x00000000246d5000 	/System/Library/Frameworks/IOSurface.framework/Versions/A/IOSurface
0x00000000246d5000 	/System/Library/Frameworks/AudioToolbox.framework/Versions/A/AudioToolbox
0x00000000246d5000 	/System/Library/Frameworks/AudioUnit.framework/Versions/A/AudioUnit
0x00000000246d5000 	/System/Library/PrivateFrameworks/DataDetectorsCore.framework/Versions/A/DataDetectorsCore
0x00000000246d5000 	/System/Library/PrivateFrameworks/DesktopServicesPriv.framework/Versions/A/DesktopServicesPriv
0x00000000246d5000 	/System/Library/Frameworks/Carbon.framework/Versions/A/Frameworks/HIToolbox.framework/Versions/A/HIToolbox
0x00000000246d5000 	/usr/lib/libicucore.A.dylib
0x00000000246d5000 	/System/Library/Frameworks/QuartzCore.framework/Versions/A/QuartzCore
0x00000000246d5000 	/System/Library/Frameworks/Carbon.framework/Versions/A/Frameworks/SpeechRecognition.framework/Versions/A/SpeechRecognition
0x00000000246d5000 	/usr/lib/libauto.dylib
0x00000000246d5000 	/usr/lib/libxml2.2.dylib
0x00000000246d5000 	/System/Library/PrivateFrameworks/CoreUI.framework/Versions/A/CoreUI
0x00000000246d5000 	/System/Library/Frameworks/CoreAudio.framework/Versions/A/CoreAudio
0x00000000246d5000 	/System/Library/Frameworks/DiskArbitration.framework/Versions/A/DiskArbitration
0x00000000246d5000 	/usr/lib/liblangid.dylib
0x00000000246d5000 	/System/Library/PrivateFrameworks/MultitouchSupport.framework/Versions/A/MultitouchSupport
0x00000000246d5000 	/System/Library/Frameworks/IOKit.framework/Versions/A/IOKit
0x00000000246d5000 	/usr/lib/libDiagnosticMessagesClient.dylib
0x00000000246d5000 	/System/Library/Frameworks/CoreServices.framework/Versions/A/CoreServices
0x00000000246d5000 	/System/Library/PrivateFrameworks/PerformanceAnalysis.framework/Versions/A/PerformanceAnalysis
0x00000000246d5000 	/System/Library/PrivateFrameworks/GenerationalStorage.framework/Versions/A/GenerationalStorage
0x00000000246d5000 	/System/Library/Frameworks/OpenGL.framework/Versions/A/OpenGL
0x00000000246d5000 	/System/Library/Frameworks/CoreImage.framework/Versions/A/CoreImage
0x00000000246d5000 	/System/Library/Frameworks/CoreText.framework/Versions/A/CoreText
0x00000000246d5000 	/System/Library/Frameworks/ImageIO.framework/Versions/A/ImageIO
0x00000000246d5000 	/System/Library/PrivateFrameworks/Backup.framework/Versions/A/Backup
0x00000000246d5000 	/usr/lib/libarchive.2.dylib
0x00000000246d5000 	/System/Library/Frameworks/CFNetwork.framework/Versions/A/CFNetwork
0x00000000246d5000 	/System/Library/Frameworks/SystemConfiguration.framework/Versions/A/SystemConfiguration
0x00000000246d5000 	/usr/lib/libCRFSuite.dylib
0x00000000246d5000 	/usr/lib/libc++.1.dylib
0x00000000246d5000 	/usr/lib/libc++abi.dylib
0x00000000246d5000 	/usr/lib/system/libcache.dylib
0x00000000246d5000 	/usr/lib/system/libcommonCrypto.dylib
0x00000000246d5000 	/usr/lib/system/libcompiler_rt.dylib
0x00000000246d5000 	/usr/lib/system/libcopyfile.dylib
0x00000000246d5000 	/usr/lib/system/libcorecrypto.dylib
0x00000000246d5000 	/usr/lib/system/libdispatch.dylib
0x00000000246d5000 	/usr/lib/system/libdyld.dylib
0x00000000246d5000 	/usr/lib/system/libkeymgr.dylib
0x00000000246d5000 	/usr/lib/system/liblaunch.dylib
0x00000000246d5000 	/usr/lib/system/libmacho.dylib
0x00000000246d5000 	/usr/lib/system/libquarantine.dylib
0x00000000246d5000 	/usr/lib/system/libremovefile.dylib
0x00000000246d5000 	/usr/lib/system/libsystem_asl.dylib
0x00000000246d5000 	/usr/lib/system/libsystem_blocks.dylib
0x00000000246d5000 	/usr/lib/system/libsystem_c.dylib
0x00000000246d5000 	/usr/lib/system/libsystem_configuration.dylib
0x00000000246d5000 	/usr/lib/system/libsystem_coreservices.dylib
0x00000000246d5000 	/usr/lib/system/libsystem_coretls.dylib
0x00000000246d5000 	/usr/lib/system/libsystem_dnssd.dylib
0x00000000246d5000 	/usr/lib/system/libsystem_info.dylib
0x00000000246d5000 	/usr/lib/system/libsystem_kernel.dylib
0x00000000246d5000 	/usr/lib/system/libsystem_m.dylib
0x00000000246d5000 	/usr/lib/system/libsystem_malloc.dylib
0x00000000246d5000 	/usr/lib/system/libsystem_network.dylib
0x00000000246d5000 	/usr/lib/system/libsystem_networkextension.dylib
0x00000000246d5000 	/usr/lib/system/libsystem_notify.dylib
0x00000000246d5000 	/usr/lib/system/libsystem_platform.dylib
0x00000000246d5000 	/usr/lib/system/libsystem_pthread.dylib
0x00000000246d5000 	/usr/lib/system/libsystem_sandbox.dylib
0x00000000246d5000 	/usr/lib/system/libsystem_secinit.dylib
0x00000000246d5000 	/usr/lib/system/libsystem_symptoms.dylib
0x00000000246d5000 	/usr/lib/system/libsystem_trace.dylib
0x00000000246d5000 	/usr/lib/system/libunwind.dylib
0x00000000246d5000 	/usr/lib/system/libxpc.dylib
0x00000000246d5000 	/usr/lib/libbsm.0.dylib
0x00000000246d5000 	/usr/lib/system/libkxld.dylib
0x00000000246d5000 	/usr/lib/libcoretls.dylib
0x00000000246d5000 	/usr/lib/libcoretls_cfhelpers.dylib
0x00000000246d5000 	/usr/lib/libOpenScriptingUtil.dylib
0x00000000246d5000 	/usr/lib/libpam.2.dylib
0x00000000246d5000 	/usr/lib/libsqlite3.dylib
0x00000000246d5000 	/usr/lib/libxar.1.dylib
0x00000000246d5000 	/usr/lib/libbz2.1.0.dylib
0x00000000246d5000 	/usr/lib/liblzma.5.dylib
0x00000000246d5000 	/usr/lib/libnetwork.dylib
0x00000000246d5000 	/usr/lib/libpcap.A.dylib
0x00000000246d5000 	/System/Library/Frameworks/CoreServices.framework/Versions/A/Frameworks/FSEvents.framework/Versions/A/FSEvents
0x00000000246d5000 	/System/Library/Frameworks/CoreServices.framework/Versions/A/Frameworks/CarbonCore.framework/Versions/A/CarbonCore
0x00000000246d5000 	/System/Library/Frameworks/CoreServices.framework/Versions/A/Frameworks/Metadata.framework/Versions/A/Metadata
0x00000000246d5000 	/System/Library/Frameworks/CoreServices.framework/Versions/A/Frameworks/OSServices.framework/Versions/A/OSServices
0x00000000246d5000 	/System/Library/Frameworks/CoreServices.framework/Versions/A/Frameworks/SearchKit.framework/Versions/A/SearchKit
0x00000000246d5000 	/System/Library/Frameworks/CoreServices.framework/Versions/A/Frameworks/AE.framework/Versions/A/AE
0x00000000246d5000 	/System/Library/Frameworks/CoreServices.framework/Versions/A/Frameworks/LaunchServices.framework/Versions/A/LaunchServices
0x00000000246d5000 	/System/Library/Frameworks/CoreServices.framework/Versions/A/Frameworks/DictionaryServices.framework/Versions/A/DictionaryServices
0x00000000246d5000 	/System/Library/Frameworks/CoreServices.framework/Versions/A/Frameworks/SharedFileList.framework/Versions/A/SharedFileList
0x00000000246d5000 	/System/Library/Frameworks/NetFS.framework/Versions/A/NetFS
0x00000000246d5000 	/System/Library/PrivateFrameworks/NetAuth.framework/Versions/A/NetAuth
0x00000000246d5000 	/System/Library/PrivateFrameworks/login.framework/Versions/A/Frameworks/loginsupport.framework/Versions/A/loginsupport
0x00000000246d5000 	/System/Library/PrivateFrameworks/TCC.framework/Versions/A/TCC
0x00000000246d5000 	/usr/lib/libmecabra.dylib
0x00000000246d5000 	/System/Library/Frameworks/ApplicationServices.framework/Versions/A/Frameworks/ATS.framework/Versions/A/ATS
0x00000000246d5000 	/System/Library/Frameworks/ApplicationServices.framework/Versions/A/Frameworks/ColorSync.framework/Versions/A/ColorSync
0x00000000246d5000 	/System/Library/Frameworks/ApplicationServices.framework/Versions/A/Frameworks/HIServices.framework/Versions/A/HIServices
0x00000000246d5000 	/System/Library/Frameworks/ApplicationServices.framework/Versions/A/Frameworks/LangAnalysis.framework/Versions/A/LangAnalysis
0x00000000246d5000 	/System/Library/Frameworks/ApplicationServices.framework/Versions/A/Frameworks/PrintCore.framework/Versions/A/PrintCore
0x00000000246d5000 	/System/Library/Frameworks/ApplicationServices.framework/Versions/A/Frameworks/QD.framework/Versions/A/QD
0x00000000246d5000 	/System/Library/Frameworks/ApplicationServices.framework/Versions/A/Frameworks/SpeechSynthesis.framework/Versions/A/SpeechSynthesis
0x00000000246d5000 	/System/Library/Frameworks/Accelerate.framework/Versions/A/Frameworks/vImage.framework/Versions/A/vImage
0x00000000246d5000 	/System/Library/Frameworks/Accelerate.framework/Versions/A/Frameworks/vecLib.framework/Versions/A/vecLib
0x00000000246d5000 	/System/Library/Frameworks/Accelerate.framework/Versions/A/Frameworks/vecLib.framework/Versions/A/libvDSP.dylib
0x00000000246d5000 	/System/Library/Frameworks/Accelerate.framework/Versions/A/Frameworks/vecLib.framework/Versions/A/libBNNS.dylib
0x00000000246d5000 	/System/Library/Frameworks/Accelerate.framework/Versions/A/Frameworks/vecLib.framework/Versions/A/libQuadrature.dylib
0x00000000246d5000 	/System/Library/Frameworks/Accelerate.framework/Versions/A/Frameworks/vecLib.framework/Versions/A/libvMisc.dylib
0x00000000246d5000 	/System/Library/Frameworks/Accelerate.framework/Versions/A/Frameworks/vecLib.framework/Versions/A/libLAPACK.dylib
0x00000000246d5000 	/System/Library/Frameworks/Accelerate.framework/Versions/A/Frameworks/vecLib.framework/Versions/A/libBLAS.dylib
0x00000000246d5000 	/System/Library/Frameworks/Accelerate.framework/Versions/A/Frameworks/vecLib.framework/Versions/A/libLinearAlgebra.dylib
0x00000000246d5000 	/System/Library/Frameworks/Accelerate.framework/Versions/A/Frameworks/vecLib.framework/Versions/A/libSparseBLAS.dylib
0x00000000246d5000 	/System/Library/Frameworks/ApplicationServices.framework/Versions/A/Frameworks/ATS.framework/Versions/A/Resources/libFontParser.dylib
0x00000000246d5000 	/System/Library/Frameworks/ApplicationServices.framework/Versions/A/Frameworks/ATS.framework/Versions/A/Resources/libFontRegistry.dylib
0x00000000246d5000 	/System/Library/Frameworks/ImageIO.framework/Versions/A/Resources/libJPEG.dylib
0x00000000246d5000 	/System/Library/Frameworks/ImageIO.framework/Versions/A/Resources/libTIFF.dylib
0x00000000246d5000 	/System/Library/Frameworks/ImageIO.framework/Versions/A/Resources/libPng.dylib
0x00000000246d5000 	/System/Library/Frameworks/ImageIO.framework/Versions/A/Resources/libGIF.dylib
0x00000000246d5000 	/System/Library/Frameworks/ImageIO.framework/Versions/A/Resources/libJP2.dylib
0x00000000246d5000 	/System/Library/Frameworks/ImageIO.framework/Versions/A/Resources/libRadiance.dylib
0x00000000246d5000 	/usr/lib/libcompression.dylib
0x00000000246d5000 	/System/Library/PrivateFrameworks/AppleJPEG.framework/Versions/A/AppleJPEG
0x00000000246d5000 	/usr/lib/libcups.2.dylib
0x00000000246d5000 	/System/Library/Frameworks/Kerberos.framework/Versions/A/Kerberos
0x00000000246d5000 	/System/Library/Frameworks/GSS.framework/Versions/A/GSS
0x00000000246d5000 	/usr/lib/libresolv.9.dylib
0x00000000246d5000 	/usr/lib/libiconv.2.dylib
0x00000000246d5000 	/System/Library/PrivateFrameworks/Heimdal.framework/Versions/A/Heimdal
0x00000000246d5000 	/usr/lib/libheimdal-asn1.dylib
0x00000000246d5000 	/System/Library/Frameworks/OpenDirectory.framework/Versions/A/OpenDirectory
0x00000000246d5000 	/System/Library/PrivateFrameworks/CommonAuth.framework/Versions/A/CommonAuth
0x00000000246d5000 	/System/Library/Frameworks/OpenDirectory.framework/Versions/A/Frameworks/CFOpenDirectory.framework/Versions/A/CFOpenDirectory
0x00000000246d5000 	/System/Library/Frameworks/SecurityFoundation.framework/Versions/A/SecurityFoundation
0x00000000246d5000 	/System/Library/PrivateFrameworks/LanguageModeling.framework/Versions/A/LanguageModeling
0x00000000246d5000 	/usr/lib/libmarisa.dylib
0x00000000246d5000 	/usr/lib/libChineseTokenizer.dylib
0x00000000246d5000 	/usr/lib/libcmph.dylib
0x00000000246d5000 	/System/Library/PrivateFrameworks/CoreEmoji.framework/Versions/A/CoreEmoji
0x00000000246d5000 	/System/Library/Frameworks/ServiceManagement.framework/Versions/A/ServiceManagement
0x00000000246d5000 	/usr/lib/libxslt.1.dylib
0x00000000246d5000 	/System/Library/Frameworks/Carbon.framework/Versions/A/Frameworks/Ink.framework/Versions/A/Ink
0x00000000246d5000 	/System/Library/PrivateFrameworks/TextureIO.framework/Versions/A/TextureIO
0x00000000246d5000 	/System/Library/Frameworks/Metal.framework/Versions/A/Metal
0x00000000246d5000 	/usr/lib/libate.dylib
0x00000000246d5000 	/System/Library/PrivateFrameworks/GPUCompiler.framework/libmetal_timestamp.dylib
0x00000000246d5000 	/System/Library/Frameworks/OpenGL.framework/Versions/A/Libraries/libCoreFSCache.dylib
0x00000000246d5000 	/System/Library/PrivateFrameworks/IOAccelerator.framework/Versions/A/IOAccelerator
0x00000000246d5000 	/System/Library/Frameworks/CoreVideo.framework/Versions/A/CoreVideo
0x00000000246d5000 	/usr/lib/libFosl_dynamic.dylib
0x00000000246d5000 	/System/Library/PrivateFrameworks/MetalPerformanceShaders.framework/Versions/A/MetalPerformanceShaders
0x00000000246d5000 	/System/Library/PrivateFrameworks/FaceCore.framework/Versions/A/FaceCore
0x00000000246d5000 	/System/Library/Frameworks/OpenCL.framework/Versions/A/OpenCL
0x00000000246d5000 	/System/Library/Frameworks/OpenGL.framework/Versions/A/Libraries/libGLU.dylib
0x00000000246d5000 	/System/Library/Frameworks/OpenGL.framework/Versions/A/Libraries/libGFXShared.dylib
0x00000000246d5000 	/System/Library/Frameworks/OpenGL.framework/Versions/A/Libraries/libGL.dylib
0x00000000246d5000 	/System/Library/Frameworks/OpenGL.framework/Versions/A/Libraries/libGLImage.dylib
0x00000000246d5000 	/System/Library/Frameworks/OpenGL.framework/Versions/A/Libraries/libCVMSPluginSupport.dylib
0x00000000246d5000 	/System/Library/Frameworks/OpenGL.framework/Versions/A/Libraries/libCoreVMClient.dylib
0x00000000246d5000 	/System/Library/PrivateFrameworks/CrashReporterSupport.framework/Versions/A/CrashReporterSupport
0x00000000246d5000 	/System/Library/PrivateFrameworks/Sharing.framework/Versions/A/Sharing
0x00000000246d5000 	/System/Library/PrivateFrameworks/IconServices.framework/Versions/A/IconServices
0x00000000246d5000 	/System/Library/PrivateFrameworks/ProtocolBuffer.framework/Versions/A/ProtocolBuffer
0x00000000246d5000 	/System/Library/PrivateFrameworks/Apple80211.framework/Versions/A/Apple80211
0x00000000246d5000 	/System/Library/Frameworks/CoreWLAN.framework/Versions/A/CoreWLAN
0x00000000246d5000 	/System/Library/PrivateFrameworks/CoreUtils.framework/Versions/A/CoreUtils
0x00000000246d5000 	/System/Library/Frameworks/IOBluetooth.framework/Versions/A/IOBluetooth
0x00000000246d5000 	/System/Library/PrivateFrameworks/CoreWiFi.framework/Versions/A/CoreWiFi
0x00000000246d5000 	/System/Library/Frameworks/CoreBluetooth.framework/Versions/A/CoreBluetooth
0x00000000246d5000 	/System/Library/Frameworks/CoreDisplay.framework/Versions/A/CoreDisplay
0x00000000246d5000 	/System/Library/PrivateFrameworks/IOPresentment.framework/Versions/A/IOPresentment
0x00000000246d5000 	/System/Library/PrivateFrameworks/DSExternalDisplay.framework/Versions/A/DSExternalDisplay
0x00000000246d5000 	/System/Library/PrivateFrameworks/DebugSymbols.framework/Versions/A/DebugSymbols
0x00000000246d5000 	/System/Library/PrivateFrameworks/CoreSymbolication.framework/Versions/A/CoreSymbolication
0x00000000246d5000 	/System/Library/PrivateFrameworks/Symbolication.framework/Versions/A/Symbolication
0x00000000246d5000 	/System/Library/PrivateFrameworks/AppleFSCompression.framework/Versions/A/AppleFSCompression
0x00000000246d5000 	/System/Library/PrivateFrameworks/SpeechRecognitionCore.framework/Versions/A/SpeechRecognitionCore
0x00000000246d5000 	/System/Library/PrivateFrameworks/ChunkingLibrary.framework/Versions/A/ChunkingLibrary
0x000000010a114000 	/Library/Java/JavaVirtualMachines/jdk1.8.0_144.jdk/Contents/Home/jre/lib/server/libjvm.dylib
0x00000000246d5000 	/usr/lib/libstdc++.6.dylib
0x0000000108b6b000 	/Library/Java/JavaVirtualMachines/jdk1.8.0_144.jdk/Contents/Home/jre/lib/libverify.dylib
0x0000000108b79000 	/Library/Java/JavaVirtualMachines/jdk1.8.0_144.jdk/Contents/Home/jre/lib/libjava.dylib
0x0000000108bb8000 	/Library/Java/JavaVirtualMachines/jdk1.8.0_144.jdk/Contents/Home/jre/lib/libzip.dylib
0x000000010a056000 	/System/Library/Frameworks/JavaVM.framework/Frameworks/JavaRuntimeSupport.framework/JavaRuntimeSupport
0x0000000108bea000 	/System/Library/Frameworks/JavaVM.framework/Versions/A/Frameworks/JavaNativeFoundation.framework/Versions/A/JavaNativeFoundation
0x000000010a070000 	/System/Library/Frameworks/JavaVM.framework/Versions/A/JavaVM
0x00000000246d5000 	/System/Library/Frameworks/Carbon.framework/Versions/A/Carbon
0x000000010a07d000 	/System/Library/PrivateFrameworks/JavaLaunching.framework/Versions/A/JavaLaunching
0x00000000246d5000 	/System/Library/Frameworks/Carbon.framework/Versions/A/Frameworks/CommonPanels.framework/Versions/A/CommonPanels
0x00000000246d5000 	/System/Library/Frameworks/Carbon.framework/Versions/A/Frameworks/Help.framework/Versions/A/Help
0x00000000246d5000 	/System/Library/Frameworks/Carbon.framework/Versions/A/Frameworks/ImageCapture.framework/Versions/A/ImageCapture
0x00000000246d5000 	/System/Library/Frameworks/Carbon.framework/Versions/A/Frameworks/OpenScripting.framework/Versions/A/OpenScripting
0x00000000246d5000 	/System/Library/Frameworks/Carbon.framework/Versions/A/Frameworks/Print.framework/Versions/A/Print
0x00000000246d5000 	/System/Library/Frameworks/Carbon.framework/Versions/A/Frameworks/SecurityHI.framework/Versions/A/SecurityHI
0x00000001216f6000 	/Library/Java/JavaVirtualMachines/jdk1.8.0_144.jdk/Contents/Home/jre/lib/libawt.dylib
0x000000012179e000 	/Library/Java/JavaVirtualMachines/jdk1.8.0_144.jdk/Contents/Home/jre/lib/./libmlib_image.dylib
0x000000012186a000 	/Library/Java/JavaVirtualMachines/jdk1.8.0_144.jdk/Contents/Home/jre/lib/libawt_lwawt.dylib
0x0000000121921000 	/Library/Java/JavaVirtualMachines/jdk1.8.0_144.jdk/Contents/Home/jre/lib/./libosxapp.dylib
0x00000000246d5000 	/System/Library/Frameworks/ExceptionHandling.framework/Versions/A/ExceptionHandling
0x00000000246d5000 	/System/Library/PrivateFrameworks/CoreServicesInternal.framework/Versions/A/CoreServicesInternal
0x00000000246d5000 	/System/Library/CoreServices/RawCamera.bundle/Contents/MacOS/RawCamera
0x00000000246d5000 	/System/Library/Frameworks/Accelerate.framework/Versions/A/Frameworks/vImage.framework/Versions/A/Libraries/libCGInterfaces.dylib
0x00000000246d5000 	/System/Library/Frameworks/ApplicationServices.framework/Versions/A/Frameworks/ATS.framework/Versions/A/Resources/libTrueTypeScaler.dylib
0x0000000123393000 	/System/Library/Frameworks/OpenGL.framework/Resources/GLEngine.bundle/GLEngine
0x00000000246d5000 	/System/Library/Frameworks/OpenGL.framework/Versions/A/Libraries/libGLProgrammability.dylib
0x00000000246d5000 	/System/Library/Extensions/GeForceGLDriver.bundle/Contents/MacOS/GeForceGLDriver
0x00000000246d5000 	/System/Library/Extensions/GeForceGLDriver.bundle/Contents/MacOS/libclh.dylib
0x00000000246d5000 	/System/Library/PrivateFrameworks/GPUSupport.framework/Versions/A/Libraries/libGPUSupportMercury.dylib
0x0000000123578000 	/System/Library/Frameworks/OpenGL.framework/Resources//GLRendererFloat.bundle/GLRendererFloat
0x00000000246d5000 	/System/Library/Frameworks/OpenCL.framework/Versions/A/Libraries/libcldcpuengine.dylib
0x00000000246d5000 	/usr/lib/libcrypto.0.9.8.dylib
0x00000000246d5000 	/System/Library/PrivateFrameworks/TrustEvaluationAgent.framework/Versions/A/TrustEvaluationAgent
0x00000000246d5000 	/System/Library/Extensions/GeForceMTLDriver.bundle/Contents/MacOS/GeForceMTLDriver
0x00000000246d5000 	/System/Library/PrivateFrameworks/FamilyControls.framework/Versions/A/FamilyControls
0x00000000246d5000 	/System/Library/PrivateFrameworks/CommerceKit.framework/Versions/A/Frameworks/CommerceCore.framework/Versions/A/CommerceCore
0x00000000246d5000 	/System/Library/PrivateFrameworks/SystemAdministration.framework/Versions/A/SystemAdministration
0x00000000246d5000 	/System/Library/PrivateFrameworks/AppContainer.framework/Versions/A/AppContainer
0x00000000246d5000 	/System/Library/PrivateFrameworks/SecCodeWrapper.framework/Versions/A/SecCodeWrapper
0x00000000246d5000 	/System/Library/Frameworks/DirectoryService.framework/Versions/A/DirectoryService
0x00000000246d5000 	/System/Library/PrivateFrameworks/DiskImages.framework/Versions/A/DiskImages
0x00000000246d5000 	/System/Library/PrivateFrameworks/LoginUIKit.framework/Versions/A/Frameworks/LoginUICore.framework/Versions/A/LoginUICore
0x00000000246d5000 	/usr/lib/libCoreStorage.dylib
0x00000000246d5000 	/usr/lib/libcsfde.dylib
0x00000000246d5000 	/usr/lib/libodfde.dylib
0x00000000246d5000 	/System/Library/Frameworks/DiscRecording.framework/Versions/A/DiscRecording
0x00000000246d5000 	/usr/lib/libcurl.4.dylib
0x00000000246d5000 	/System/Library/PrivateFrameworks/MediaKit.framework/Versions/A/MediaKit
0x00000000246d5000 	/System/Library/PrivateFrameworks/ProtectedCloudStorage.framework/Versions/A/ProtectedCloudStorage
0x00000000246d5000 	/System/Library/PrivateFrameworks/EFILogin.framework/Versions/A/EFILogin
0x00000000246d5000 	/usr/lib/libutil.dylib
0x00000000246d5000 	/System/Library/Frameworks/LDAP.framework/Versions/A/LDAP
0x00000000246d5000 	/usr/lib/libsasl2.2.dylib
0x00000000246d5000 	/System/Library/PrivateFrameworks/CoreDaemon.framework/Versions/B/CoreDaemon
0x00000000246d5000 	/System/Library/PrivateFrameworks/AppleSRP.framework/Versions/A/AppleSRP
0x00000000246d5000 	/System/Library/PrivateFrameworks/APFS.framework/Versions/A/APFS
0x0000000128851000 	/Library/Java/JavaVirtualMachines/jdk1.8.0_144.jdk/Contents/Home/jre/lib/libfontmanager.dylib
0x00000001288b8000 	/Users/jhar3975/Documents/slick/liblwjgl.dylib
0x0000000121d2f000 	/Library/Java/JavaVirtualMachines/jdk1.8.0_144.jdk/Contents/Home/jre/lib/libjawt.dylib
0x00000000246d5000 	/System/Library/PrivateFrameworks/ViewBridge.framework/Versions/A/ViewBridge
0x00000000246d5000 	/System/Library/PrivateFrameworks/XPCService.framework/Versions/A/XPCService
0x00000000246d5000 	/System/Library/PrivateFrameworks/AppSandbox.framework/Versions/A/AppSandbox
0x00000000246d5000 	/usr/lib/libsandbox.1.dylib
0x00000000246d5000 	/usr/lib/libMatch.1.dylib

VM Arguments:
jvm_args: -Djava.library.path=/Users/jhar3975/Documents/slick -Dfile.encoding=UTF-8 
java_command: Main
java_class_path (initial): /Users/jhar3975/eclipse-workspace/Platformer/bin:/Users/jhar3975/Documents/slick/lib/lwjgl.jar:/Users/jhar3975/Documents/slick/lib/slick.jar
Launcher Type: SUN_STANDARD

Environment Variables:
PATH=/usr/bin:/bin:/usr/sbin:/sbin
SHELL=/bin/bash

Signal Handlers:
SIGSEGV: [libjvm.dylib+0x5b26e5], sa_mask[0]=11111111011111110111111111111111, sa_flags=SA_ONSTACK|SA_RESTART|SA_SIGINFO
SIGBUS: [libjvm.dylib+0x5b26e5], sa_mask[0]=11111111011111110111111111111111, sa_flags=SA_RESTART|SA_SIGINFO
SIGFPE: [libjvm.dylib+0x489100], sa_mask[0]=11111111011111110111111111111111, sa_flags=SA_RESTART|SA_SIGINFO
SIGPIPE: [libjvm.dylib+0x489100], sa_mask[0]=11111111011111110111111111111111, sa_flags=SA_RESTART|SA_SIGINFO
SIGXFSZ: [libjvm.dylib+0x489100], sa_mask[0]=11111111011111110111111111111111, sa_flags=SA_RESTART|SA_SIGINFO
SIGILL: [libjvm.dylib+0x489100], sa_mask[0]=11111111011111110111111111111111, sa_flags=SA_RESTART|SA_SIGINFO
SIGUSR1: SIG_DFL, sa_mask[0]=00000000000000000000000000000000, sa_flags=none
SIGUSR2: [libjvm.dylib+0x488c1e], sa_mask[0]=00100000000000000000000000000000, sa_flags=SA_RESTART|SA_SIGINFO
SIGHUP: [libjvm.dylib+0x4871f5], sa_mask[0]=11111111011111110111111111111111, sa_flags=SA_RESTART|SA_SIGINFO
SIGINT: [libjvm.dylib+0x4871f5], sa_mask[0]=11111111011111110111111111111111, sa_flags=SA_RESTART|SA_SIGINFO
SIGTERM: [libjvm.dylib+0x4871f5], sa_mask[0]=11111111011111110111111111111111, sa_flags=SA_RESTART|SA_SIGINFO
SIGQUIT: [libjvm.dylib+0x4871f5], sa_mask[0]=11111111011111110111111111111111, sa_flags=SA_RESTART|SA_SIGINFO


---------------  S Y S T E M  ---------------

OS:Bsduname:Darwin 16.7.0 Darwin Kernel Version 16.7.0: Thu Jun 15 17:36:27 PDT 2017; root:xnu-3789.70.16~2/RELEASE_X86_64 x86_64
rlimit: STACK 8192k, CORE 0k, NPROC 709, NOFILE 10240, AS infinity
load average:2.20 1.86 1.75

CPU:total 4 (initial active 4) (4 cores per cpu, 1 threads per core) family 6 model 60 stepping 3, cmov, cx8, fxsr, mmx, sse, sse2, sse3, ssse3, sse4.1, sse4.2, popcnt, avx, avx2, aes, clmul, erms, rtm, lzcnt, tsc, tscinvbit, bmi1, bmi2

Memory: 4k page, physical 8388608k(623384k free)

/proc/meminfo:


vm_info: Java HotSpot(TM) 64-Bit Server VM (25.144-b01) for bsd-amd64 JRE (1.8.0_144-b01), built on Jul 21 2017 22:07:42 by "java_re" with gcc 4.2.1 (Based on Apple Inc. build 5658) (LLVM build 2336.11.00)

time: Mon Oct 16 08:43:02 2017
elapsed time: 3 seconds (0d 0h 0m 3s)

