#
# A fatal error has been detected by the Java Runtime Environment:
#
#  SIGSEGV (0xb) at pc=0x00007fffa011d069, pid=1731, tid=0x0000000000000307
#
# JRE version: Java(TM) SE Runtime Environment (8.0_144-b01) (build 1.8.0_144-b01)
# Java VM: Java HotSpot(TM) 64-Bit Server VM (25.144-b01 mixed mode bsd-amd64 compressed oops)
# Problematic frame:
# C  [libobjc.A.dylib+0x7069]  objc_msgSend+0x29
#
# Failed to write core dump. Core dumps have been disabled. To enable core dumping, try "ulimit -c unlimited" before starting Java again
#
# If you would like to submit a bug report, please visit:
#   http://bugreport.java.com/bugreport/crash.jsp
# The crash happened outside the Java Virtual Machine in native code.
# See problematic frame for where to report the bug.
#

---------------  T H R E A D  ---------------

Current thread (0x00007f9b38130800):  JavaThread "AppKit Thread" daemon [_thread_in_native, id=775, stack(0x00007fff58457000,0x00007fff58c57000)]

siginfo: si_signo: 11 (SIGSEGV), si_code: 0 (unknown), si_addr: 0x0000000000000000

Registers:
RAX=0x0000000000000000, RBX=0x00007f9b37da0ca0, RCX=0x0000000000000000, RDX=0x00000000000fc020
RSP=0x00007fff58c518b8, RBP=0x00007fff58c518e0, RSI=0x00007fff89a097ab, RDI=0x00007f9b37e5cf00
R8 =0x0000000000000003, R9 =0x0000000000000000, R10=0x00007fff8cc8cd60, R11=0x90c35d0f24111885
R12=0x0000000000000094, R13=0x00007fff899ec17f, R14=0x00007f9b37e5cf00, R15=0x0000000000000000
RIP=0x00007fffa011d069, EFLAGS=0x0000000000010282, ERR=0x0000000000000000
  TRAPNO=0x000000000000000d

Top of Stack: (sp=0x00007fff58c518b8)
0x00007fff58c518b8:   0000000126d44598 00007f9b37da0ca0
0x00007fff58c518c8:   0000000126d78c60 00007f9b37d4c5c0
0x00007fff58c518d8:   00007f9b37d4c5c0 00007fff58c51e50
0x00007fff58c518e8:   00007fff88ed8e7b 0000000000000000
0x00007fff58c518f8:   0000000000000000 4084500000000000
0x00007fff58c51908:   4086800000000000 0000000000000000
0x00007fff58c51918:   0000000000000000 4084500000000000
0x00007fff58c51928:   4086800000000000 00007fff58c51950
0x00007fff58c51938:   00007fff8ba1df20 0000000000000dc0
0x00007fff58c51948:   ffff8064c81c2270 00007f9b37e3dd90
0x00007fff58c51958:   00007fffa987a480 00007fff58c519c0
0x00007fff58c51968:   00007fffa0125243 00007fffa987b240
0x00007fff58c51978:   00000001899a4100 00007f9b37e3dd90
0x00007fff58c51988:   ffff8064c81c2270 00007f9b388bf4e0
0x00007fff58c51998:   00007f9b37da1f90 00007fff899a4100
0x00007fff58c519a8:   00007f9b37da0ca0 00007fffa011d040
0x00007fff58c519b8:   00007fff58c51a20 00007fff58c51a10
0x00007fff58c519c8:   00007fff895b291f 401c000000000000
0x00007fff58c519d8:   4086a00000000000 402c000000000000
0x00007fff58c519e8:   0000000000000000 00007fff00000000
0x00007fff58c519f8:   0000000000000000 00007fff899bdbb8
0x00007fff58c51a08:   00007f9b37da1f00 0000000158c51a60
0x00007fff58c51a18:   00007f9b37da1f90 0000000000000088
0x00007fff58c51a28:   00007f9b37d556e0 012c000000000000
0x00007fff58c51a38:   00007f9b37da0ca0 00007fff58c51a60
0x00007fff58c51a48:   00007f9b37da1f90 00007fff58c51b30
0x00007fff58c51a58:   00007f9b37da1f90 00007fff58c51aa0
0x00007fff58c51a68:   00007fff88f90c42 401c000000000000
0x00007fff58c51a78:   4086980000000000 402c000000000000
0x00007fff58c51a88:   4030000000000000 00007fff58c51b30
0x00007fff58c51a98:   00007f9b37da1f90 00007fff58c51b20
0x00007fff58c51aa8:   00007fff88f90be4 401c000000000000 

Instructions: (pc=0x00007fffa011d069)
0x00007fffa011d049:   01 2e 75 66 49 ba f8 ff ff ff ff 7f 00 00 4c 23
0x00007fffa011d059:   17 49 89 f3 45 23 5a 18 49 c1 e3 04 4d 03 5a 10
0x00007fffa011d069:   49 3b 33 75 04 41 ff 63 08 49 83 3b 01 76 0d 49
0x00007fffa011d079:   83 c3 10 49 3b 33 75 f1 41 ff 63 08 72 64 4d 8b 

Register to memory mapping:

RAX=0x0000000000000000 is an unknown value
RBX=0x00007f9b37da0ca0 is an unknown value
RCX=0x0000000000000000 is an unknown value
RDX=0x00000000000fc020 is an unknown value
RSP=0x00007fff58c518b8 is pointing into the stack for thread: 0x00007f9b38130800
RBP=0x00007fff58c518e0 is pointing into the stack for thread: 0x00007f9b38130800
RSI=0x00007fff89a097ab: __NSStyleNameIndexTable+0xe03f3 in /System/Library/Frameworks/AppKit.framework/Versions/C/AppKit at 0x00007fff88d3c000
RDI=0x00007f9b37e5cf00 is an unknown value
R8 =0x0000000000000003 is an unknown value
R9 =0x0000000000000000 is an unknown value
R10=0x00007fff8cc8cd60: pointerHash+0xb in /System/Library/Frameworks/Foundation.framework/Versions/C/Foundation at 0x00007fff8cc7a000
R11=0x90c35d0f24111885 is an unknown value
R12=0x0000000000000094 is an unknown value
R13=0x00007fff899ec17f: __NSStyleNameIndexTable+0xc2dc7 in /System/Library/Frameworks/AppKit.framework/Versions/C/AppKit at 0x00007fff88d3c000
R14=0x00007f9b37e5cf00 is an unknown value
R15=0x0000000000000000 is an unknown value


Stack: [0x00007fff58457000,0x00007fff58c57000],  sp=0x00007fff58c518b8,  free space=8170k
Native frames: (J=compiled Java code, j=interpreted, Vv=VM code, C=native code)
C  [libobjc.A.dylib+0x7069]  objc_msgSend+0x29
C  [AppKit+0x19ce7b]  -[NSView _recursiveDisplayRectIfNeededIgnoringOpacity:isVisibleRect:rectIsVisibleRectForView:topView:]+0x6ee
C  [AppKit+0x19d6d1]  -[NSView _recursiveDisplayRectIfNeededIgnoringOpacity:isVisibleRect:rectIsVisibleRectForView:topView:]+0xf44
C  [AppKit+0x19c2af]  -[NSThemeFrame _recursiveDisplayRectIfNeededIgnoringOpacity:isVisibleRect:rectIsVisibleRectForView:topView:]+0x14e
C  [AppKit+0x19a6d8]  -[NSView _displayRectIgnoringOpacity:isVisibleRect:rectIsVisibleRectForView:]+0x994
C  [AppKit+0x195fca]  -[NSView displayIfNeeded]+0x6d4
C  [AppKit+0x1958db]  -[NSWindow displayIfNeeded]+0xe6
C  [AppKit+0x8f5cb4]  ___NSWindowGetDisplayCycleObserver_block_invoke.6228+0x115
C  [AppKit+0x1953b9]  __37+[NSDisplayCycle currentDisplayCycle]_block_invoke+0x1c6
C  [QuartzCore+0x11d06]  CA::Transaction::run_commit_handlers(CATransactionPhase)+0x2e
C  [QuartzCore+0x11b8bc]  CA::Context::commit_transaction(CA::Transaction*)+0xa0
C  [QuartzCore+0x107e1]  CA::Transaction::commit()+0x1db
C  [AppKit+0x4788b1]  __37+[NSDisplayCycle currentDisplayCycle]_block_invoke.31+0x143
C  [CoreFoundation+0xa6d37]  __CFRUNLOOP_IS_CALLING_OUT_TO_AN_OBSERVER_CALLBACK_FUNCTION__+0x17
C  [CoreFoundation+0xa6ca7]  __CFRunLoopDoObservers+0x187
C  [CoreFoundation+0x876d9]  __CFRunLoopRun+0x369
C  [CoreFoundation+0x87114]  CFRunLoopRunSpecific+0x1a4
C  [HIToolbox+0x30ebc]  RunCurrentEventLoopInMode+0xf0
C  [HIToolbox+0x30bf9]  ReceiveNextEventCommon+0xb8
C  [HIToolbox+0x30b26]  _BlockUntilNextEventMatchingListInModeWithFilter+0x47
C  [AppKit+0x46a54]  _DPSNextEvent+0x460
C  [AppKit+0x7c27ee]  -[NSApplication(NSEvent) _nextEventMatchingEventMask:untilDate:inMode:dequeue:]+0xaec
C  [libosxapp.dylib+0x23aa]  -[NSApplicationAWT nextEventMatchingMask:untilDate:inMode:dequeue:]+0x7c
C  [AppKit+0x3b3db]  -[NSApplication run]+0x39e
C  [libosxapp.dylib+0x214d]  +[NSApplicationAWT runAWTLoopWithApp:]+0x9c
C  [libawt_lwawt.dylib+0x45edf]  -[AWTStarter starter:]+0x389
C  [Foundation+0x7152a]  __NSThreadPerformPerform+0x146
C  [CoreFoundation+0xa7321]  __CFRUNLOOP_IS_CALLING_OUT_TO_A_SOURCE0_PERFORM_FUNCTION__+0x11
C  [CoreFoundation+0x8821d]  __CFRunLoopDoSources0+0x22d
C  [CoreFoundation+0x87716]  __CFRunLoopRun+0x3a6
C  [CoreFoundation+0x87114]  CFRunLoopRunSpecific+0x1a4
C  [java+0x6465]  CreateExecutionEnvironment+0x367
C  [java+0x218c]  JLI_Launch+0x7a0
C  [java+0x84c2]  main+0x65
C  [java+0x19e4]  start+0x34
C  0x0000000000000006


---------------  P R O C E S S  ---------------

Java Threads: ( => current thread )
  0x00007f9b382d9800 JavaThread "AWT-Shutdown" [_thread_blocked, id=76311, stack(0x000070000162c000,0x000070000172c000)]
=>0x00007f9b38130800 JavaThread "AppKit Thread" daemon [_thread_in_native, id=775, stack(0x00007fff58457000,0x00007fff58c57000)]
  0x00007f9b3980c800 JavaThread "Service Thread" daemon [_thread_blocked, id=18691, stack(0x00007000022d6000,0x00007000023d6000)]
  0x00007f9b3980b800 JavaThread "C1 CompilerThread2" daemon [_thread_blocked, id=18179, stack(0x00007000021d3000,0x00007000022d3000)]
  0x00007f9b39065000 JavaThread "C2 CompilerThread1" daemon [_thread_blocked, id=17667, stack(0x00007000020d0000,0x00007000021d0000)]
  0x00007f9b3980b000 JavaThread "C2 CompilerThread0" daemon [_thread_blocked, id=17155, stack(0x0000700001fcd000,0x00007000020cd000)]
  0x00007f9b38003000 JavaThread "Signal Dispatcher" daemon [_thread_blocked, id=16643, stack(0x0000700001eca000,0x0000700001fca000)]
  0x00007f9b39802000 JavaThread "Finalizer" daemon [_thread_blocked, id=12547, stack(0x0000700001dc7000,0x0000700001ec7000)]
  0x00007f9b39002800 JavaThread "Reference Handler" daemon [_thread_blocked, id=12035, stack(0x0000700001cc4000,0x0000700001dc4000)]
  0x00007f9b38008800 JavaThread "main" [_thread_in_native, id=3587, stack(0x0000700001529000,0x0000700001629000)]

Other Threads:
  0x00007f9b38804800 VMThread [stack: 0x0000700001bc1000,0x0000700001cc1000] [id=11523]
  0x00007f9b39064000 WatcherThread [stack: 0x00007000023d9000,0x00007000024d9000] [id=19203]

VM state:not at safepoint (normal execution)

VM Mutex/Monitor currently owned by a thread: None

Heap:
 PSYoungGen      total 38400K, used 32754K [0x0000000795580000, 0x0000000798000000, 0x00000007c0000000)
  eden space 33280K, 88% used [0x0000000795580000,0x0000000797262ae0,0x0000000797600000)
  from space 5120K, 62% used [0x0000000797600000,0x0000000797919e10,0x0000000797b00000)
  to   space 5120K, 0% used [0x0000000797b00000,0x0000000797b00000,0x0000000798000000)
 ParOldGen       total 87552K, used 60637K [0x0000000740000000, 0x0000000745580000, 0x0000000795580000)
  object space 87552K, 69% used [0x0000000740000000,0x0000000743b37630,0x0000000745580000)
 Metaspace       used 7513K, capacity 7683K, committed 7808K, reserved 1056768K
  class space    used 753K, capacity 824K, committed 896K, reserved 1048576K

Card table byte_map: [0x0000000108c00000,0x0000000109001000] byte_map_base: 0x0000000105200000

Marking Bits: (ParMarkBitMap*) 0x00000001079195d0
 Begin Bits: [0x00000001092ac000, 0x000000010b2ac000)
 End Bits:   [0x000000010b2ac000, 0x000000010d2ac000)

Polling page: 0x0000000108010000

CodeCache: size=245760Kb used=4038Kb max_used=4050Kb free=241721Kb
 bounds [0x00000001165ad000, 0x00000001169ad000, 0x00000001255ad000]
 total_blobs=1335 nmethods=933 adapters=316
 compilation: enabled

Compilation events (10 events):
Event: 22.352 Thread 0x00007f9b3980b800  933       3       java.nio.Bits::putLong (21 bytes)
Event: 22.353 Thread 0x00007f9b3980b800 nmethod 933 0x000000011699bb90 code [0x000000011699bd00, 0x000000011699bef8]
Event: 22.372 Thread 0x00007f9b3980b800  934       3       java.nio.HeapByteBuffer::getLong (19 bytes)
Event: 22.372 Thread 0x00007f9b3980b800 nmethod 934 0x000000011699edd0 code [0x000000011699ef80, 0x000000011699f328]
Event: 22.372 Thread 0x00007f9b3980b800  935       3       java.nio.Bits::getLong (18 bytes)
Event: 22.372 Thread 0x00007f9b3980b800 nmethod 935 0x000000011699f490 code [0x000000011699f600, 0x000000011699f7f8]
Event: 22.536 Thread 0x00007f9b39065000  936  s    4       sun.misc.URLClassPath::getNextLoader (88 bytes)
Event: 22.536 Thread 0x00007f9b3980b800  937       3       java.util.jar.JarFile::maybeInstantiateVerifier (96 bytes)
Event: 22.537 Thread 0x00007f9b3980b800 nmethod 937 0x000000011699f8d0 code [0x000000011699fb00, 0x00000001169a07a8]
Event: 22.537 Thread 0x00007f9b39065000 nmethod 936 0x00000001169a3cd0 code [0x00000001169a3e20, 0x00000001169a4148]

GC Heap History (2 events):
Event: 1.190 GC heap before
{Heap before GC invocations=1 (full 0):
 PSYoungGen      total 38400K, used 28158K [0x0000000795580000, 0x0000000798000000, 0x00000007c0000000)
  eden space 33280K, 84% used [0x0000000795580000,0x00000007970ffb70,0x0000000797600000)
  from space 5120K, 0% used [0x0000000797b00000,0x0000000797b00000,0x0000000798000000)
  to   space 5120K, 0% used [0x0000000797600000,0x0000000797600000,0x0000000797b00000)
 ParOldGen       total 87552K, used 0K [0x0000000740000000, 0x0000000745580000, 0x0000000795580000)
  object space 87552K, 0% used [0x0000000740000000,0x0000000740000000,0x0000000745580000)
 Metaspace       used 7251K, capacity 7427K, committed 7552K, reserved 1056768K
  class space    used 742K, capacity 824K, committed 896K, reserved 1048576K
Event: 1.196 GC heap after
Heap after GC invocations=1 (full 0):
 PSYoungGen      total 38400K, used 3175K [0x0000000795580000, 0x0000000798000000, 0x00000007c0000000)
  eden space 33280K, 0% used [0x0000000795580000,0x0000000795580000,0x0000000797600000)
  from space 5120K, 62% used [0x0000000797600000,0x0000000797919e10,0x0000000797b00000)
  to   space 5120K, 0% used [0x0000000797b00000,0x0000000797b00000,0x0000000798000000)
 ParOldGen       total 87552K, used 8200K [0x0000000740000000, 0x0000000745580000, 0x0000000795580000)
  object space 87552K, 9% used [0x0000000740000000,0x0000000740802010,0x0000000745580000)
 Metaspace       used 7251K, capacity 7427K, committed 7552K, reserved 1056768K
  class space    used 742K, capacity 824K, committed 896K, reserved 1048576K
}

Deoptimization events (10 events):
Event: 0.726 Thread 0x00007f9b38008800 Uncommon trap: reason=unstable_if action=reinterpret pc=0x0000000116828cdc method=com.jcraft.jorbis.DspState.synthesis_blockin(Lcom/jcraft/jorbis/Block;)I @ 592
Event: 0.780 Thread 0x00007f9b38008800 Uncommon trap: reason=unstable_if action=reinterpret pc=0x0000000116854088 method=org.newdawn.slick.openal.OggInputStream.readPCM()V @ 270
Event: 0.824 Thread 0x00007f9b38008800 Uncommon trap: reason=unstable_if action=reinterpret pc=0x0000000116860848 method=org.newdawn.slick.openal.OggInputStream.readPCM()V @ 270
Event: 1.043 Thread 0x00007f9b38008800 Uncommon trap: reason=unstable_if action=reinterpret pc=0x0000000116863390 method=org.newdawn.slick.openal.OggInputStream.read()I @ 11
Event: 1.674 Thread 0x00007f9b38008800 Uncommon trap: reason=unstable_if action=reinterpret pc=0x00000001168642e8 method=com.jcraft.jorbis.DspState.synthesis_blockin(Lcom/jcraft/jorbis/Block;)I @ 642
Event: 1.674 Thread 0x00007f9b38008800 Uncommon trap: reason=unstable_if action=reinterpret pc=0x0000000116870628 method=org.newdawn.slick.openal.OggInputStream.readPCM()V @ 63
Event: 1.674 Thread 0x00007f9b38008800 Uncommon trap: reason=unstable_if action=reinterpret pc=0x000000011685aecc method=org.newdawn.slick.openal.OggInputStream.atEnd()Z @ 4
Event: 1.674 Thread 0x00007f9b38008800 Uncommon trap: reason=unstable_if action=reinterpret pc=0x000000011684a6f8 method=org.newdawn.slick.openal.OggInputStream.atEnd()Z @ 4
Event: 1.693 Thread 0x00007f9b38008800 Uncommon trap: reason=unstable_if action=reinterpret pc=0x000000011689ec98 method=java.nio.Bits.copyFromArray(Ljava/lang/Object;JJJJ)V @ 18
Event: 2.338 Thread 0x00007f9b38008800 Uncommon trap: reason=unstable_if action=reinterpret pc=0x00000001168ae67c method=java.nio.DirectByteBuffer.put([BII)Ljava/nio/ByteBuffer; @ 8

Internal exceptions (10 events):
Event: 0.185 Thread 0x00007f9b38008800 Exception <a 'java/lang/NoSuchFieldError': method resolution failed> (0x000000079590ccf0) thrown at [/Users/java_re/workspace/8-2-build-macosx-x86_64/jdk8u144/9417/hotspot/src/share/vm/prims/methodHandles.cpp, line 1146]
Event: 0.337 Thread 0x00007f9b38008800 Exception <a 'java/io/FileNotFoundException'> (0x00000007959875c0) thrown at [/Users/java_re/workspace/8-2-build-macosx-x86_64/jdk8u144/9417/hotspot/src/share/vm/prims/jni.cpp, line 709]
Event: 0.337 Thread 0x00007f9b38008800 Exception <a 'java/io/FileNotFoundException'> (0x0000000795988140) thrown at [/Users/java_re/workspace/8-2-build-macosx-x86_64/jdk8u144/9417/hotspot/src/share/vm/prims/jni.cpp, line 709]
Event: 0.545 Thread 0x00007f9b38008800 Exception <a 'java/lang/NoClassDefFoundError': net/java/games/input/ControllerEnvironment> (0x0000000795e491f0) thrown at [/Users/java_re/workspace/8-2-build-macosx-x86_64/jdk8u144/9417/hotspot/src/share/vm/classfile/systemDictionary.cpp, line 199]
Event: 0.547 Thread 0x00007f9b38008800 Exception <a 'java/security/PrivilegedActionException'> (0x0000000795e60a48) thrown at [/Users/java_re/workspace/8-2-build-macosx-x86_64/jdk8u144/9417/hotspot/src/share/vm/prims/jvm.cpp, line 1390]
Event: 0.547 Thread 0x00007f9b38008800 Exception <a 'java/security/PrivilegedActionException'> (0x0000000795e62630) thrown at [/Users/java_re/workspace/8-2-build-macosx-x86_64/jdk8u144/9417/hotspot/src/share/vm/prims/jvm.cpp, line 1390]
Event: 0.547 Thread 0x00007f9b38008800 Exception <a 'java/security/PrivilegedActionException'> (0x0000000795e63750) thrown at [/Users/java_re/workspace/8-2-build-macosx-x86_64/jdk8u144/9417/hotspot/src/share/vm/prims/jvm.cpp, line 1390]
Event: 0.547 Thread 0x00007f9b38008800 Exception <a 'java/security/PrivilegedActionException'> (0x0000000795e68870) thrown at [/Users/java_re/workspace/8-2-build-macosx-x86_64/jdk8u144/9417/hotspot/src/share/vm/prims/jvm.cpp, line 1390]
Event: 0.547 Thread 0x00007f9b38008800 Exception <a 'java/security/PrivilegedActionException'> (0x0000000795e694c8) thrown at [/Users/java_re/workspace/8-2-build-macosx-x86_64/jdk8u144/9417/hotspot/src/share/vm/prims/jvm.cpp, line 1390]
Event: 0.547 Thread 0x00007f9b38008800 Exception <a 'java/security/PrivilegedActionException'> (0x0000000795e6a0f0) thrown at [/Users/java_re/workspace/8-2-build-macosx-x86_64/jdk8u144/9417/hotspot/src/share/vm/prims/jvm.cpp, line 1390]

Events (10 events):
Event: 2.338 Thread 0x00007f9b38008800 DEOPT UNPACKING pc=0x00000001165b2229 sp=0x0000700001628480 mode 2
Event: 3.544 Thread 0x00007f9b3933d800 Thread added: 0x00007f9b3933d800
Event: 4.119 Executing VM operation: EnableBiasedLocking
Event: 4.119 Executing VM operation: EnableBiasedLocking done
Event: 5.469 Thread 0x00007f9b38008800 DEOPT PACKING pc=0x000000011690e2d3 sp=0x0000700001628600
Event: 5.469 Thread 0x00007f9b38008800 DEOPT UNPACKING pc=0x00000001165f4633 sp=0x0000700001628430 mode 0
Event: 12.329 Thread 0x00007f9b3933d800 Thread exited: 0x00007f9b3933d800
Event: 12.760 Thread 0x00007f9b382d9800 Thread added: 0x00007f9b382d9800
Event: 22.536 loading class org/lwjgl/opengl/CallbackUtil
Event: 22.536 loading class org/lwjgl/opengl/CallbackUtil done


Dynamic libraries:
0x0000000015e8b000 	/System/Library/Frameworks/Cocoa.framework/Versions/A/Cocoa
0x0000000015e8b000 	/System/Library/Frameworks/Security.framework/Versions/A/Security
0x0000000015e8b000 	/System/Library/Frameworks/ApplicationServices.framework/Versions/A/ApplicationServices
0x0000000015e8b000 	/usr/lib/libz.1.dylib
0x0000000015e8b000 	/usr/lib/libSystem.B.dylib
0x0000000015e8b000 	/usr/lib/libobjc.A.dylib
0x0000000015e8b000 	/System/Library/Frameworks/CoreFoundation.framework/Versions/A/CoreFoundation
0x0000000015e8b000 	/System/Library/Frameworks/Foundation.framework/Versions/C/Foundation
0x0000000015e8b000 	/System/Library/Frameworks/AppKit.framework/Versions/C/AppKit
0x0000000015e8b000 	/System/Library/Frameworks/CoreData.framework/Versions/A/CoreData
0x0000000015e8b000 	/System/Library/PrivateFrameworks/RemoteViewServices.framework/Versions/A/RemoteViewServices
0x0000000015e8b000 	/System/Library/PrivateFrameworks/UIFoundation.framework/Versions/A/UIFoundation
0x0000000015e8b000 	/System/Library/PrivateFrameworks/DFRFoundation.framework/Versions/A/DFRFoundation
0x0000000015e8b000 	/usr/lib/libenergytrace.dylib
0x0000000015e8b000 	/System/Library/PrivateFrameworks/SkyLight.framework/Versions/A/SkyLight
0x0000000015e8b000 	/System/Library/Frameworks/CoreGraphics.framework/Versions/A/CoreGraphics
0x0000000015e8b000 	/usr/lib/libScreenReader.dylib
0x0000000015e8b000 	/System/Library/Frameworks/Accelerate.framework/Versions/A/Accelerate
0x0000000015e8b000 	/System/Library/Frameworks/IOSurface.framework/Versions/A/IOSurface
0x0000000015e8b000 	/System/Library/Frameworks/AudioToolbox.framework/Versions/A/AudioToolbox
0x0000000015e8b000 	/System/Library/Frameworks/AudioUnit.framework/Versions/A/AudioUnit
0x0000000015e8b000 	/System/Library/PrivateFrameworks/DataDetectorsCore.framework/Versions/A/DataDetectorsCore
0x0000000015e8b000 	/System/Library/PrivateFrameworks/DesktopServicesPriv.framework/Versions/A/DesktopServicesPriv
0x0000000015e8b000 	/System/Library/Frameworks/Carbon.framework/Versions/A/Frameworks/HIToolbox.framework/Versions/A/HIToolbox
0x0000000015e8b000 	/usr/lib/libicucore.A.dylib
0x0000000015e8b000 	/System/Library/Frameworks/QuartzCore.framework/Versions/A/QuartzCore
0x0000000015e8b000 	/System/Library/Frameworks/Carbon.framework/Versions/A/Frameworks/SpeechRecognition.framework/Versions/A/SpeechRecognition
0x0000000015e8b000 	/usr/lib/libauto.dylib
0x0000000015e8b000 	/usr/lib/libxml2.2.dylib
0x0000000015e8b000 	/System/Library/PrivateFrameworks/CoreUI.framework/Versions/A/CoreUI
0x0000000015e8b000 	/System/Library/Frameworks/CoreAudio.framework/Versions/A/CoreAudio
0x0000000015e8b000 	/System/Library/Frameworks/DiskArbitration.framework/Versions/A/DiskArbitration
0x0000000015e8b000 	/usr/lib/liblangid.dylib
0x0000000015e8b000 	/System/Library/PrivateFrameworks/MultitouchSupport.framework/Versions/A/MultitouchSupport
0x0000000015e8b000 	/System/Library/Frameworks/IOKit.framework/Versions/A/IOKit
0x0000000015e8b000 	/usr/lib/libDiagnosticMessagesClient.dylib
0x0000000015e8b000 	/System/Library/Frameworks/CoreServices.framework/Versions/A/CoreServices
0x0000000015e8b000 	/System/Library/PrivateFrameworks/PerformanceAnalysis.framework/Versions/A/PerformanceAnalysis
0x0000000015e8b000 	/System/Library/PrivateFrameworks/GenerationalStorage.framework/Versions/A/GenerationalStorage
0x0000000015e8b000 	/System/Library/Frameworks/OpenGL.framework/Versions/A/OpenGL
0x0000000015e8b000 	/System/Library/Frameworks/CoreImage.framework/Versions/A/CoreImage
0x0000000015e8b000 	/System/Library/Frameworks/CoreText.framework/Versions/A/CoreText
0x0000000015e8b000 	/System/Library/Frameworks/ImageIO.framework/Versions/A/ImageIO
0x0000000015e8b000 	/System/Library/PrivateFrameworks/Backup.framework/Versions/A/Backup
0x0000000015e8b000 	/usr/lib/libarchive.2.dylib
0x0000000015e8b000 	/System/Library/Frameworks/CFNetwork.framework/Versions/A/CFNetwork
0x0000000015e8b000 	/System/Library/Frameworks/SystemConfiguration.framework/Versions/A/SystemConfiguration
0x0000000015e8b000 	/usr/lib/libCRFSuite.dylib
0x0000000015e8b000 	/usr/lib/libc++.1.dylib
0x0000000015e8b000 	/usr/lib/libc++abi.dylib
0x0000000015e8b000 	/usr/lib/system/libcache.dylib
0x0000000015e8b000 	/usr/lib/system/libcommonCrypto.dylib
0x0000000015e8b000 	/usr/lib/system/libcompiler_rt.dylib
0x0000000015e8b000 	/usr/lib/system/libcopyfile.dylib
0x0000000015e8b000 	/usr/lib/system/libcorecrypto.dylib
0x0000000015e8b000 	/usr/lib/system/libdispatch.dylib
0x0000000015e8b000 	/usr/lib/system/libdyld.dylib
0x0000000015e8b000 	/usr/lib/system/libkeymgr.dylib
0x0000000015e8b000 	/usr/lib/system/liblaunch.dylib
0x0000000015e8b000 	/usr/lib/system/libmacho.dylib
0x0000000015e8b000 	/usr/lib/system/libquarantine.dylib
0x0000000015e8b000 	/usr/lib/system/libremovefile.dylib
0x0000000015e8b000 	/usr/lib/system/libsystem_asl.dylib
0x0000000015e8b000 	/usr/lib/system/libsystem_blocks.dylib
0x0000000015e8b000 	/usr/lib/system/libsystem_c.dylib
0x0000000015e8b000 	/usr/lib/system/libsystem_configuration.dylib
0x0000000015e8b000 	/usr/lib/system/libsystem_coreservices.dylib
0x0000000015e8b000 	/usr/lib/system/libsystem_coretls.dylib
0x0000000015e8b000 	/usr/lib/system/libsystem_dnssd.dylib
0x0000000015e8b000 	/usr/lib/system/libsystem_info.dylib
0x0000000015e8b000 	/usr/lib/system/libsystem_kernel.dylib
0x0000000015e8b000 	/usr/lib/system/libsystem_m.dylib
0x0000000015e8b000 	/usr/lib/system/libsystem_malloc.dylib
0x0000000015e8b000 	/usr/lib/system/libsystem_network.dylib
0x0000000015e8b000 	/usr/lib/system/libsystem_networkextension.dylib
0x0000000015e8b000 	/usr/lib/system/libsystem_notify.dylib
0x0000000015e8b000 	/usr/lib/system/libsystem_platform.dylib
0x0000000015e8b000 	/usr/lib/system/libsystem_pthread.dylib
0x0000000015e8b000 	/usr/lib/system/libsystem_sandbox.dylib
0x0000000015e8b000 	/usr/lib/system/libsystem_secinit.dylib
0x0000000015e8b000 	/usr/lib/system/libsystem_symptoms.dylib
0x0000000015e8b000 	/usr/lib/system/libsystem_trace.dylib
0x0000000015e8b000 	/usr/lib/system/libunwind.dylib
0x0000000015e8b000 	/usr/lib/system/libxpc.dylib
0x0000000015e8b000 	/usr/lib/libbsm.0.dylib
0x0000000015e8b000 	/usr/lib/system/libkxld.dylib
0x0000000015e8b000 	/usr/lib/libcoretls.dylib
0x0000000015e8b000 	/usr/lib/libcoretls_cfhelpers.dylib
0x0000000015e8b000 	/usr/lib/libOpenScriptingUtil.dylib
0x0000000015e8b000 	/usr/lib/libpam.2.dylib
0x0000000015e8b000 	/usr/lib/libsqlite3.dylib
0x0000000015e8b000 	/usr/lib/libxar.1.dylib
0x0000000015e8b000 	/usr/lib/libbz2.1.0.dylib
0x0000000015e8b000 	/usr/lib/liblzma.5.dylib
0x0000000015e8b000 	/usr/lib/libnetwork.dylib
0x0000000015e8b000 	/usr/lib/libpcap.A.dylib
0x0000000015e8b000 	/System/Library/Frameworks/CoreServices.framework/Versions/A/Frameworks/FSEvents.framework/Versions/A/FSEvents
0x0000000015e8b000 	/System/Library/Frameworks/CoreServices.framework/Versions/A/Frameworks/CarbonCore.framework/Versions/A/CarbonCore
0x0000000015e8b000 	/System/Library/Frameworks/CoreServices.framework/Versions/A/Frameworks/Metadata.framework/Versions/A/Metadata
0x0000000015e8b000 	/System/Library/Frameworks/CoreServices.framework/Versions/A/Frameworks/OSServices.framework/Versions/A/OSServices
0x0000000015e8b000 	/System/Library/Frameworks/CoreServices.framework/Versions/A/Frameworks/SearchKit.framework/Versions/A/SearchKit
0x0000000015e8b000 	/System/Library/Frameworks/CoreServices.framework/Versions/A/Frameworks/AE.framework/Versions/A/AE
0x0000000015e8b000 	/System/Library/Frameworks/CoreServices.framework/Versions/A/Frameworks/LaunchServices.framework/Versions/A/LaunchServices
0x0000000015e8b000 	/System/Library/Frameworks/CoreServices.framework/Versions/A/Frameworks/DictionaryServices.framework/Versions/A/DictionaryServices
0x0000000015e8b000 	/System/Library/Frameworks/CoreServices.framework/Versions/A/Frameworks/SharedFileList.framework/Versions/A/SharedFileList
0x0000000015e8b000 	/System/Library/Frameworks/NetFS.framework/Versions/A/NetFS
0x0000000015e8b000 	/System/Library/PrivateFrameworks/NetAuth.framework/Versions/A/NetAuth
0x0000000015e8b000 	/System/Library/PrivateFrameworks/login.framework/Versions/A/Frameworks/loginsupport.framework/Versions/A/loginsupport
0x0000000015e8b000 	/System/Library/PrivateFrameworks/TCC.framework/Versions/A/TCC
0x0000000015e8b000 	/usr/lib/libmecabra.dylib
0x0000000015e8b000 	/System/Library/Frameworks/ApplicationServices.framework/Versions/A/Frameworks/ATS.framework/Versions/A/ATS
0x0000000015e8b000 	/System/Library/Frameworks/ApplicationServices.framework/Versions/A/Frameworks/ColorSync.framework/Versions/A/ColorSync
0x0000000015e8b000 	/System/Library/Frameworks/ApplicationServices.framework/Versions/A/Frameworks/HIServices.framework/Versions/A/HIServices
0x0000000015e8b000 	/System/Library/Frameworks/ApplicationServices.framework/Versions/A/Frameworks/LangAnalysis.framework/Versions/A/LangAnalysis
0x0000000015e8b000 	/System/Library/Frameworks/ApplicationServices.framework/Versions/A/Frameworks/PrintCore.framework/Versions/A/PrintCore
0x0000000015e8b000 	/System/Library/Frameworks/ApplicationServices.framework/Versions/A/Frameworks/QD.framework/Versions/A/QD
0x0000000015e8b000 	/System/Library/Frameworks/ApplicationServices.framework/Versions/A/Frameworks/SpeechSynthesis.framework/Versions/A/SpeechSynthesis
0x0000000015e8b000 	/System/Library/Frameworks/Accelerate.framework/Versions/A/Frameworks/vImage.framework/Versions/A/vImage
0x0000000015e8b000 	/System/Library/Frameworks/Accelerate.framework/Versions/A/Frameworks/vecLib.framework/Versions/A/vecLib
0x0000000015e8b000 	/System/Library/Frameworks/Accelerate.framework/Versions/A/Frameworks/vecLib.framework/Versions/A/libvDSP.dylib
0x0000000015e8b000 	/System/Library/Frameworks/Accelerate.framework/Versions/A/Frameworks/vecLib.framework/Versions/A/libBNNS.dylib
0x0000000015e8b000 	/System/Library/Frameworks/Accelerate.framework/Versions/A/Frameworks/vecLib.framework/Versions/A/libQuadrature.dylib
0x0000000015e8b000 	/System/Library/Frameworks/Accelerate.framework/Versions/A/Frameworks/vecLib.framework/Versions/A/libvMisc.dylib
0x0000000015e8b000 	/System/Library/Frameworks/Accelerate.framework/Versions/A/Frameworks/vecLib.framework/Versions/A/libLAPACK.dylib
0x0000000015e8b000 	/System/Library/Frameworks/Accelerate.framework/Versions/A/Frameworks/vecLib.framework/Versions/A/libBLAS.dylib
0x0000000015e8b000 	/System/Library/Frameworks/Accelerate.framework/Versions/A/Frameworks/vecLib.framework/Versions/A/libLinearAlgebra.dylib
0x0000000015e8b000 	/System/Library/Frameworks/Accelerate.framework/Versions/A/Frameworks/vecLib.framework/Versions/A/libSparseBLAS.dylib
0x0000000015e8b000 	/System/Library/Frameworks/ApplicationServices.framework/Versions/A/Frameworks/ATS.framework/Versions/A/Resources/libFontParser.dylib
0x0000000015e8b000 	/System/Library/Frameworks/ApplicationServices.framework/Versions/A/Frameworks/ATS.framework/Versions/A/Resources/libFontRegistry.dylib
0x0000000015e8b000 	/System/Library/Frameworks/ImageIO.framework/Versions/A/Resources/libJPEG.dylib
0x0000000015e8b000 	/System/Library/Frameworks/ImageIO.framework/Versions/A/Resources/libTIFF.dylib
0x0000000015e8b000 	/System/Library/Frameworks/ImageIO.framework/Versions/A/Resources/libPng.dylib
0x0000000015e8b000 	/System/Library/Frameworks/ImageIO.framework/Versions/A/Resources/libGIF.dylib
0x0000000015e8b000 	/System/Library/Frameworks/ImageIO.framework/Versions/A/Resources/libJP2.dylib
0x0000000015e8b000 	/System/Library/Frameworks/ImageIO.framework/Versions/A/Resources/libRadiance.dylib
0x0000000015e8b000 	/usr/lib/libcompression.dylib
0x0000000015e8b000 	/System/Library/PrivateFrameworks/AppleJPEG.framework/Versions/A/AppleJPEG
0x0000000015e8b000 	/usr/lib/libcups.2.dylib
0x0000000015e8b000 	/System/Library/Frameworks/Kerberos.framework/Versions/A/Kerberos
0x0000000015e8b000 	/System/Library/Frameworks/GSS.framework/Versions/A/GSS
0x0000000015e8b000 	/usr/lib/libresolv.9.dylib
0x0000000015e8b000 	/usr/lib/libiconv.2.dylib
0x0000000015e8b000 	/System/Library/PrivateFrameworks/Heimdal.framework/Versions/A/Heimdal
0x0000000015e8b000 	/usr/lib/libheimdal-asn1.dylib
0x0000000015e8b000 	/System/Library/Frameworks/OpenDirectory.framework/Versions/A/OpenDirectory
0x0000000015e8b000 	/System/Library/PrivateFrameworks/CommonAuth.framework/Versions/A/CommonAuth
0x0000000015e8b000 	/System/Library/Frameworks/OpenDirectory.framework/Versions/A/Frameworks/CFOpenDirectory.framework/Versions/A/CFOpenDirectory
0x0000000015e8b000 	/System/Library/Frameworks/SecurityFoundation.framework/Versions/A/SecurityFoundation
0x0000000015e8b000 	/System/Library/PrivateFrameworks/LanguageModeling.framework/Versions/A/LanguageModeling
0x0000000015e8b000 	/usr/lib/libmarisa.dylib
0x0000000015e8b000 	/usr/lib/libChineseTokenizer.dylib
0x0000000015e8b000 	/usr/lib/libcmph.dylib
0x0000000015e8b000 	/System/Library/PrivateFrameworks/CoreEmoji.framework/Versions/A/CoreEmoji
0x0000000015e8b000 	/System/Library/Frameworks/ServiceManagement.framework/Versions/A/ServiceManagement
0x0000000015e8b000 	/usr/lib/libxslt.1.dylib
0x0000000015e8b000 	/System/Library/Frameworks/Carbon.framework/Versions/A/Frameworks/Ink.framework/Versions/A/Ink
0x0000000015e8b000 	/System/Library/PrivateFrameworks/TextureIO.framework/Versions/A/TextureIO
0x0000000015e8b000 	/System/Library/Frameworks/Metal.framework/Versions/A/Metal
0x0000000015e8b000 	/usr/lib/libate.dylib
0x0000000015e8b000 	/System/Library/PrivateFrameworks/GPUCompiler.framework/libmetal_timestamp.dylib
0x0000000015e8b000 	/System/Library/Frameworks/OpenGL.framework/Versions/A/Libraries/libCoreFSCache.dylib
0x0000000015e8b000 	/System/Library/PrivateFrameworks/IOAccelerator.framework/Versions/A/IOAccelerator
0x0000000015e8b000 	/System/Library/Frameworks/CoreVideo.framework/Versions/A/CoreVideo
0x0000000015e8b000 	/usr/lib/libFosl_dynamic.dylib
0x0000000015e8b000 	/System/Library/PrivateFrameworks/MetalPerformanceShaders.framework/Versions/A/MetalPerformanceShaders
0x0000000015e8b000 	/System/Library/PrivateFrameworks/FaceCore.framework/Versions/A/FaceCore
0x0000000015e8b000 	/System/Library/Frameworks/OpenCL.framework/Versions/A/OpenCL
0x0000000015e8b000 	/System/Library/Frameworks/OpenGL.framework/Versions/A/Libraries/libGLU.dylib
0x0000000015e8b000 	/System/Library/Frameworks/OpenGL.framework/Versions/A/Libraries/libGFXShared.dylib
0x0000000015e8b000 	/System/Library/Frameworks/OpenGL.framework/Versions/A/Libraries/libGL.dylib
0x0000000015e8b000 	/System/Library/Frameworks/OpenGL.framework/Versions/A/Libraries/libGLImage.dylib
0x0000000015e8b000 	/System/Library/Frameworks/OpenGL.framework/Versions/A/Libraries/libCVMSPluginSupport.dylib
0x0000000015e8b000 	/System/Library/Frameworks/OpenGL.framework/Versions/A/Libraries/libCoreVMClient.dylib
0x0000000015e8b000 	/System/Library/PrivateFrameworks/CrashReporterSupport.framework/Versions/A/CrashReporterSupport
0x0000000015e8b000 	/System/Library/PrivateFrameworks/Sharing.framework/Versions/A/Sharing
0x0000000015e8b000 	/System/Library/PrivateFrameworks/IconServices.framework/Versions/A/IconServices
0x0000000015e8b000 	/System/Library/PrivateFrameworks/ProtocolBuffer.framework/Versions/A/ProtocolBuffer
0x0000000015e8b000 	/System/Library/PrivateFrameworks/Apple80211.framework/Versions/A/Apple80211
0x0000000015e8b000 	/System/Library/Frameworks/CoreWLAN.framework/Versions/A/CoreWLAN
0x0000000015e8b000 	/System/Library/PrivateFrameworks/CoreUtils.framework/Versions/A/CoreUtils
0x0000000015e8b000 	/System/Library/Frameworks/IOBluetooth.framework/Versions/A/IOBluetooth
0x0000000015e8b000 	/System/Library/PrivateFrameworks/CoreWiFi.framework/Versions/A/CoreWiFi
0x0000000015e8b000 	/System/Library/Frameworks/CoreBluetooth.framework/Versions/A/CoreBluetooth
0x0000000015e8b000 	/System/Library/Frameworks/CoreDisplay.framework/Versions/A/CoreDisplay
0x0000000015e8b000 	/System/Library/PrivateFrameworks/IOPresentment.framework/Versions/A/IOPresentment
0x0000000015e8b000 	/System/Library/PrivateFrameworks/DSExternalDisplay.framework/Versions/A/DSExternalDisplay
0x0000000015e8b000 	/System/Library/PrivateFrameworks/DebugSymbols.framework/Versions/A/DebugSymbols
0x0000000015e8b000 	/System/Library/PrivateFrameworks/CoreSymbolication.framework/Versions/A/CoreSymbolication
0x0000000015e8b000 	/System/Library/PrivateFrameworks/Symbolication.framework/Versions/A/Symbolication
0x0000000015e8b000 	/System/Library/PrivateFrameworks/AppleFSCompression.framework/Versions/A/AppleFSCompression
0x0000000015e8b000 	/System/Library/PrivateFrameworks/SpeechRecognitionCore.framework/Versions/A/SpeechRecognitionCore
0x0000000015e8b000 	/System/Library/PrivateFrameworks/ChunkingLibrary.framework/Versions/A/ChunkingLibrary
0x0000000107026000 	/Library/Java/JavaVirtualMachines/jdk1.8.0_144.jdk/Contents/Home/jre/lib/server/libjvm.dylib
0x0000000015e8b000 	/usr/lib/libstdc++.6.dylib
0x0000000107fcd000 	/Library/Java/JavaVirtualMachines/jdk1.8.0_144.jdk/Contents/Home/jre/lib/libverify.dylib
0x0000000107fdb000 	/Library/Java/JavaVirtualMachines/jdk1.8.0_144.jdk/Contents/Home/jre/lib/libjava.dylib
0x000000010801a000 	/Library/Java/JavaVirtualMachines/jdk1.8.0_144.jdk/Contents/Home/jre/lib/libzip.dylib
0x00000001083e4000 	/System/Library/Frameworks/JavaVM.framework/Frameworks/JavaRuntimeSupport.framework/JavaRuntimeSupport
0x000000010f1a4000 	/System/Library/Frameworks/JavaVM.framework/Versions/A/Frameworks/JavaNativeFoundation.framework/Versions/A/JavaNativeFoundation
0x000000010f1b9000 	/System/Library/Frameworks/JavaVM.framework/Versions/A/JavaVM
0x0000000015e8b000 	/System/Library/Frameworks/Carbon.framework/Versions/A/Carbon
0x000000010f1c6000 	/System/Library/PrivateFrameworks/JavaLaunching.framework/Versions/A/JavaLaunching
0x0000000015e8b000 	/System/Library/Frameworks/Carbon.framework/Versions/A/Frameworks/CommonPanels.framework/Versions/A/CommonPanels
0x0000000015e8b000 	/System/Library/Frameworks/Carbon.framework/Versions/A/Frameworks/Help.framework/Versions/A/Help
0x0000000015e8b000 	/System/Library/Frameworks/Carbon.framework/Versions/A/Frameworks/ImageCapture.framework/Versions/A/ImageCapture
0x0000000015e8b000 	/System/Library/Frameworks/Carbon.framework/Versions/A/Frameworks/OpenScripting.framework/Versions/A/OpenScripting
0x0000000015e8b000 	/System/Library/Frameworks/Carbon.framework/Versions/A/Frameworks/Print.framework/Versions/A/Print
0x0000000015e8b000 	/System/Library/Frameworks/Carbon.framework/Versions/A/Frameworks/SecurityHI.framework/Versions/A/SecurityHI
0x0000000110b27000 	/Library/Java/JavaVirtualMachines/jdk1.8.0_144.jdk/Contents/Home/jre/lib/libawt.dylib
0x0000000110bcf000 	/Library/Java/JavaVirtualMachines/jdk1.8.0_144.jdk/Contents/Home/jre/lib/./libmlib_image.dylib
0x0000000110c9b000 	/Library/Java/JavaVirtualMachines/jdk1.8.0_144.jdk/Contents/Home/jre/lib/libawt_lwawt.dylib
0x0000000110d52000 	/Library/Java/JavaVirtualMachines/jdk1.8.0_144.jdk/Contents/Home/jre/lib/./libosxapp.dylib
0x0000000015e8b000 	/System/Library/Frameworks/ExceptionHandling.framework/Versions/A/ExceptionHandling
0x0000000015e8b000 	/System/Library/PrivateFrameworks/CoreServicesInternal.framework/Versions/A/CoreServicesInternal
0x0000000015e8b000 	/System/Library/CoreServices/RawCamera.bundle/Contents/MacOS/RawCamera
0x0000000015e8b000 	/System/Library/Frameworks/Accelerate.framework/Versions/A/Frameworks/vImage.framework/Versions/A/Libraries/libCGInterfaces.dylib
0x0000000015e8b000 	/System/Library/Frameworks/ApplicationServices.framework/Versions/A/Frameworks/ATS.framework/Versions/A/Resources/libTrueTypeScaler.dylib
0x0000000112768000 	/System/Library/Frameworks/OpenGL.framework/Resources/GLEngine.bundle/GLEngine
0x0000000015e8b000 	/System/Library/Frameworks/OpenGL.framework/Versions/A/Libraries/libGLProgrammability.dylib
0x0000000015e8b000 	/System/Library/Extensions/GeForceGLDriver.bundle/Contents/MacOS/GeForceGLDriver
0x0000000015e8b000 	/System/Library/Extensions/GeForceGLDriver.bundle/Contents/MacOS/libclh.dylib
0x0000000015e8b000 	/System/Library/PrivateFrameworks/GPUSupport.framework/Versions/A/Libraries/libGPUSupportMercury.dylib
0x000000011294d000 	/System/Library/Frameworks/OpenGL.framework/Resources//GLRendererFloat.bundle/GLRendererFloat
0x0000000015e8b000 	/System/Library/Frameworks/OpenCL.framework/Versions/A/Libraries/libcldcpuengine.dylib
0x0000000015e8b000 	/usr/lib/libcrypto.0.9.8.dylib
0x0000000015e8b000 	/System/Library/PrivateFrameworks/TrustEvaluationAgent.framework/Versions/A/TrustEvaluationAgent
0x0000000015e8b000 	/System/Library/Extensions/GeForceMTLDriver.bundle/Contents/MacOS/GeForceMTLDriver
0x0000000015e8b000 	/System/Library/PrivateFrameworks/FamilyControls.framework/Versions/A/FamilyControls
0x0000000015e8b000 	/System/Library/PrivateFrameworks/CommerceKit.framework/Versions/A/Frameworks/CommerceCore.framework/Versions/A/CommerceCore
0x0000000015e8b000 	/System/Library/PrivateFrameworks/SystemAdministration.framework/Versions/A/SystemAdministration
0x0000000015e8b000 	/System/Library/PrivateFrameworks/AppContainer.framework/Versions/A/AppContainer
0x0000000015e8b000 	/System/Library/PrivateFrameworks/SecCodeWrapper.framework/Versions/A/SecCodeWrapper
0x0000000015e8b000 	/System/Library/Frameworks/DirectoryService.framework/Versions/A/DirectoryService
0x0000000015e8b000 	/System/Library/PrivateFrameworks/DiskImages.framework/Versions/A/DiskImages
0x0000000015e8b000 	/System/Library/PrivateFrameworks/LoginUIKit.framework/Versions/A/Frameworks/LoginUICore.framework/Versions/A/LoginUICore
0x0000000015e8b000 	/usr/lib/libCoreStorage.dylib
0x0000000015e8b000 	/usr/lib/libcsfde.dylib
0x0000000015e8b000 	/usr/lib/libodfde.dylib
0x0000000015e8b000 	/System/Library/Frameworks/DiscRecording.framework/Versions/A/DiscRecording
0x0000000015e8b000 	/usr/lib/libcurl.4.dylib
0x0000000015e8b000 	/System/Library/PrivateFrameworks/MediaKit.framework/Versions/A/MediaKit
0x0000000015e8b000 	/System/Library/PrivateFrameworks/ProtectedCloudStorage.framework/Versions/A/ProtectedCloudStorage
0x0000000015e8b000 	/System/Library/PrivateFrameworks/EFILogin.framework/Versions/A/EFILogin
0x0000000015e8b000 	/usr/lib/libutil.dylib
0x0000000015e8b000 	/System/Library/Frameworks/LDAP.framework/Versions/A/LDAP
0x0000000015e8b000 	/usr/lib/libsasl2.2.dylib
0x0000000015e8b000 	/System/Library/PrivateFrameworks/CoreDaemon.framework/Versions/B/CoreDaemon
0x0000000015e8b000 	/System/Library/PrivateFrameworks/AppleSRP.framework/Versions/A/AppleSRP
0x0000000015e8b000 	/System/Library/PrivateFrameworks/APFS.framework/Versions/A/APFS
0x0000000126cd3000 	/Library/Java/JavaVirtualMachines/jdk1.8.0_144.jdk/Contents/Home/jre/lib/libfontmanager.dylib
0x0000000126d3a000 	/Users/jhar3975/Documents/slick/liblwjgl.dylib
0x00000001117ad000 	/Library/Java/JavaVirtualMachines/jdk1.8.0_144.jdk/Contents/Home/jre/lib/libjawt.dylib
0x0000000127c18000 	/Users/jhar3975/Documents/slick/openal.dylib
0x0000000127c9b000 	/System/Library/Components/CoreAudio.component/Contents/MacOS/CoreAudio
0x0000000127e99000 	/System/Library/Extensions/AppleHDA.kext/Contents/PlugIns/AppleHDAHALPlugIn.bundle/Contents/MacOS/AppleHDAHALPlugIn
0x0000000015e8b000 	/System/Library/PrivateFrameworks/ViewBridge.framework/Versions/A/ViewBridge
0x0000000015e8b000 	/System/Library/PrivateFrameworks/XPCService.framework/Versions/A/XPCService
0x0000000015e8b000 	/System/Library/PrivateFrameworks/AppSandbox.framework/Versions/A/AppSandbox
0x0000000015e8b000 	/usr/lib/libsandbox.1.dylib
0x0000000015e8b000 	/usr/lib/libMatch.1.dylib

VM Arguments:
jvm_args: -Djava.library.path=/Users/jhar3975/Documents/slick -Dfile.encoding=UTF-8 
java_command: Main
java_class_path (initial): /Users/jhar3975/eclipse-workspace/Platformer/bin:/Users/jhar3975/Documents/slick/lib/lwjgl.jar:/Users/jhar3975/Documents/slick/lib/slick.jar:/Users/jhar3975/Documents/slick/lib/jogg-0.0.7.jar:/Users/jhar3975/Documents/slick/lib/jorbis-0.0.15.jar
Launcher Type: SUN_STANDARD

Environment Variables:
PATH=/usr/bin:/bin:/usr/sbin:/sbin
SHELL=/bin/bash

Signal Handlers:
SIGSEGV: [libjvm.dylib+0x5b26e5], sa_mask[0]=11111111011111110111111111111111, sa_flags=SA_ONSTACK|SA_RESTART|SA_SIGINFO
SIGBUS: [libjvm.dylib+0x5b26e5], sa_mask[0]=11111111011111110111111111111111, sa_flags=SA_RESTART|SA_SIGINFO
SIGFPE: [libjvm.dylib+0x489100], sa_mask[0]=11111111011111110111111111111111, sa_flags=SA_RESTART|SA_SIGINFO
SIGPIPE: [libjvm.dylib+0x489100], sa_mask[0]=11111111011111110111111111111111, sa_flags=SA_RESTART|SA_SIGINFO
SIGXFSZ: [libjvm.dylib+0x489100], sa_mask[0]=11111111011111110111111111111111, sa_flags=SA_RESTART|SA_SIGINFO
SIGILL: [libjvm.dylib+0x489100], sa_mask[0]=11111111011111110111111111111111, sa_flags=SA_RESTART|SA_SIGINFO
SIGUSR1: SIG_DFL, sa_mask[0]=00000000000000000000000000000000, sa_flags=none
SIGUSR2: [libjvm.dylib+0x488c1e], sa_mask[0]=00100000000000000000000000000000, sa_flags=SA_RESTART|SA_SIGINFO
SIGHUP: [libjvm.dylib+0x4871f5], sa_mask[0]=11111111011111110111111111111111, sa_flags=SA_RESTART|SA_SIGINFO
SIGINT: [libjvm.dylib+0x4871f5], sa_mask[0]=11111111011111110111111111111111, sa_flags=SA_RESTART|SA_SIGINFO
SIGTERM: [libjvm.dylib+0x4871f5], sa_mask[0]=11111111011111110111111111111111, sa_flags=SA_RESTART|SA_SIGINFO
SIGQUIT: [libjvm.dylib+0x4871f5], sa_mask[0]=11111111011111110111111111111111, sa_flags=SA_RESTART|SA_SIGINFO


---------------  S Y S T E M  ---------------

OS:Bsduname:Darwin 16.7.0 Darwin Kernel Version 16.7.0: Thu Jun 15 17:36:27 PDT 2017; root:xnu-3789.70.16~2/RELEASE_X86_64 x86_64
rlimit: STACK 8192k, CORE 0k, NPROC 709, NOFILE 10240, AS infinity
load average:1.61 1.50 1.43

CPU:total 4 (initial active 4) (4 cores per cpu, 1 threads per core) family 6 model 60 stepping 3, cmov, cx8, fxsr, mmx, sse, sse2, sse3, ssse3, sse4.1, sse4.2, popcnt, avx, avx2, aes, clmul, erms, rtm, lzcnt, tsc, tscinvbit, bmi1, bmi2

Memory: 4k page, physical 8388608k(3047480k free)

/proc/meminfo:


vm_info: Java HotSpot(TM) 64-Bit Server VM (25.144-b01) for bsd-amd64 JRE (1.8.0_144-b01), built on Jul 21 2017 22:07:42 by "java_re" with gcc 4.2.1 (Based on Apple Inc. build 5658) (LLVM build 2336.11.00)

time: Wed Nov 15 07:54:58 2017
elapsed time: 22 seconds (0d 0h 0m 22s)

