#
# A fatal error has been detected by the Java Runtime Environment:
#
#  SIGSEGV (0xb) at pc=0x00007fffae96705d, pid=16296, tid=0x0000000000000307
#
# JRE version: Java(TM) SE Runtime Environment (8.0_144-b01) (build 1.8.0_144-b01)
# Java VM: Java HotSpot(TM) 64-Bit Server VM (25.144-b01 mixed mode bsd-amd64 compressed oops)
# Problematic frame:
# C  [libobjc.A.dylib+0x705d]  objc_msgSend+0x1d
#
# Failed to write core dump. Core dumps have been disabled. To enable core dumping, try "ulimit -c unlimited" before starting Java again
#
# If you would like to submit a bug report, please visit:
#   http://bugreport.java.com/bugreport/crash.jsp
# The crash happened outside the Java Virtual Machine in native code.
# See problematic frame for where to report the bug.
#

---------------  T H R E A D  ---------------

Current thread (0x00007fa3a1919800):  JavaThread "AppKit Thread" daemon [_thread_in_native, id=775, stack(0x00007fff5f270000,0x00007fff5fa70000)]

siginfo: si_signo: 11 (SIGSEGV), si_code: 1 (SEGV_MAPERR), si_addr: 0x0000000000000018

Registers:
RAX=0x00007fa3a163d500, RBX=0x00007fa3a176f0b0, RCX=0x00007fa3a1489040, RDX=0x00007fa3a163d500
RSP=0x00007fff5fa6b0f8, RBP=0x00007fff5fa6b100, RSI=0x00007fff98253843, RDI=0x00007fa3a1489040
R8 =0x000000000000001f, R9 =0x00007fa3a177e640, R10=0x0000000000000000, R11=0x00007fff98253843
R12=0x0000000000000000, R13=0x00007fa3a177e640, R14=0x00007fa3a163d500, R15=0x0000000000000000
RIP=0x00007fffae96705d, EFLAGS=0x0000000000010246, ERR=0x0000000000000004
  TRAPNO=0x000000000000000e

Top of Stack: (sp=0x00007fff5fa6b0f8)
0x00007fff5fa6b0f8:   00007fff99ae945c 00007fff5fa6b170
0x00007fff5fa6b108:   00007fff99ae935b 0000000000000000
0x00007fff5fa6b118:   00007fffb8157060 00000000c2000000
0x00007fff5fa6b128:   00007fff99ae93b0 00007fffb49cc680
0x00007fff5fa6b138:   00007fa3a177e640 00007fa3a163d500
0x00007fff5fa6b148:   00007fff5fa6b938 00007fffae967040
0x00007fff5fa6b158:   00007fff5fa6b240 00007fa3a177e640
0x00007fff5fa6b168:   00007fff981eb05a 00007fff5fa6b1b0
0x00007fff5fa6b178:   00007fff99ae90c2 00007fff5fa6b780
0x00007fff5fa6b188:   0000000000000001 00007fffae967040
0x00007fff5fa6b198:   00007fff5fa6b240 00007fff5fa6b938
0x00007fff5fa6b1a8:   00007fff981eb05a 00007fff5fa6b8d0
0x00007fff5fa6b1b8:   00007fff99aa6523 00000001001b0400
0x00007fff5fa6b1c8:   0000000000000004 00000001001ac000
0x00007fff5fa6b1d8:   00007fa3a1500000 00007fa3a1706a00
0x00007fff5fa6b1e8:   00007fffb49cdcb0 0000000000000000
0x00007fff5fa6b1f8:   00007fa3a213a0d0 00007fa3a1706a01
0x00007fff5fa6b208:   00007fa3a1491810 00007fffb4b000e0
0x00007fff5fa6b218:   0000000000000000 0000000000000000
0x00007fff5fa6b228:   0000000000000000 00007fa3a1492420
0x00007fff5fa6b238:   00007fffb4a0c900 00007fff5fa6b780
0x00007fff5fa6b248:   0000000000000002 0000000000000100
0x00007fff5fa6b258:   00007fffae969500 00007fff5fa6b680
0x00007fff5fa6b268:   0000000000000000 0000000000000100
0x00007fff5fa6b278:   00007fff99ae9d00 ffff805c5eac1020
0x00007fff5fa6b288:   00007fa3a153efe0 00007fffb4afd640
0x00007fff5fa6b298:   00007fa3a153efe0 00007fff5fa6b2d0
0x00007fff5fa6b2a8:   00007fff99ae9d58 ffff805c5eac1020
0x00007fff5fa6b2b8:   00007fa3a153efe0 00007fffb4afd8c0
0x00007fff5fa6b2c8:   00007fa3a153efe0 00007fff5fa6b300
0x00007fff5fa6b2d8:   00007fff99ae9e3b 0000000000000780
0x00007fff5fa6b2e8:   ffff805c5e8d09b0 00007fa3a172f650 

Instructions: (pc=0x00007fffae96705d)
0x00007fffae96703d:   0f 1f 00 48 85 ff 2e 74 62 40 f6 c7 01 2e 75 66
0x00007fffae96704d:   49 ba f8 ff ff ff ff 7f 00 00 4c 23 17 49 89 f3
0x00007fffae96705d:   45 23 5a 18 49 c1 e3 04 4d 03 5a 10 49 3b 33 75
0x00007fffae96706d:   04 41 ff 63 08 49 83 3b 01 76 0d 49 83 c3 10 49 

Register to memory mapping:

RAX=0x00007fa3a163d500 is an unknown value
RBX=0x00007fa3a176f0b0 is an unknown value
RCX=0x00007fa3a1489040 is an unknown value
RDX=0x00007fa3a163d500 is an unknown value
RSP=0x00007fff5fa6b0f8 is pointing into the stack for thread: 0x00007fa3a1919800
RBP=0x00007fff5fa6b100 is pointing into the stack for thread: 0x00007fa3a1919800
RSI=0x00007fff98253843: __NSStyleNameIndexTable+0xe048b in /System/Library/Frameworks/AppKit.framework/Versions/C/AppKit at 0x00007fff97586000
RDI=0x00007fa3a1489040 is an unknown value
R8 =0x000000000000001f is an unknown value
R9 =0x00007fa3a177e640 is an unknown value
R10=0x0000000000000000 is an unknown value
R11=0x00007fff98253843: __NSStyleNameIndexTable+0xe048b in /System/Library/Frameworks/AppKit.framework/Versions/C/AppKit at 0x00007fff97586000
R12=0x0000000000000000 is an unknown value
R13=0x00007fa3a177e640 is an unknown value
R14=0x00007fa3a163d500 is an unknown value
R15=0x0000000000000000 is an unknown value


Stack: [0x00007fff5f270000,0x00007fff5fa70000],  sp=0x00007fff5fa6b0f8,  free space=8172k
Native frames: (J=compiled Java code, j=interpreted, Vv=VM code, C=native code)
C  [libobjc.A.dylib+0x705d]  objc_msgSend+0x1d
C  [CoreFoundation+0x9d35b]  _CFXRegistrationPost+0x1ab
C  [CoreFoundation+0x9d0c2]  ___CFXNotificationPost_block_invoke+0x32
C  [CoreFoundation+0x5a523]  -[_CFXNotificationRegistrar find:object:observer:enumerator:]+0x723
C  [CoreFoundation+0x5955c]  _CFXNotificationPost+0x25c
C  [Foundation+0x6677]  -[NSNotificationCenter postNotificationName:object:userInfo:]+0x42
C  [AppKit+0x24ee3b]  -[NSSurface _disposeSurface]+0x98
C  [AppKit+0x24e9ea]  -[NSSurface setWindow:]+0x35
C  [AppKit+0x28960]  -[NSView _setWindow:]+0xa0f
C  [AppKit+0x2b587]  -[NSView removeFromSuperview]+0x1d1
C  [AppKit+0x14cd60]  -[NSView removeFromSuperviewWithoutNeedingDisplay]+0x26
C  [liblwjgl.dylib+0xa205]  +[MacOSXKeyableWindow destroyWindow]+0xb5
C  [Foundation+0x7152a]  __NSThreadPerformPerform+0x146
C  [CoreFoundation+0xa7321]  __CFRUNLOOP_IS_CALLING_OUT_TO_A_SOURCE0_PERFORM_FUNCTION__+0x11
C  [CoreFoundation+0x8821d]  __CFRunLoopDoSources0+0x22d
C  [CoreFoundation+0x87716]  __CFRunLoopRun+0x3a6
C  [CoreFoundation+0x87114]  CFRunLoopRunSpecific+0x1a4
C  [HIToolbox+0x30ebc]  RunCurrentEventLoopInMode+0xf0
C  [HIToolbox+0x30cf1]  ReceiveNextEventCommon+0x1b0
C  [HIToolbox+0x30b26]  _BlockUntilNextEventMatchingListInModeWithFilter+0x47
C  [AppKit+0x46a54]  _DPSNextEvent+0x460
C  [AppKit+0x7c27ee]  -[NSApplication(NSEvent) _nextEventMatchingEventMask:untilDate:inMode:dequeue:]+0xaec
C  [libosxapp.dylib+0x23aa]  -[NSApplicationAWT nextEventMatchingMask:untilDate:inMode:dequeue:]+0x7c
C  [AppKit+0x3b3db]  -[NSApplication run]+0x39e
C  [libosxapp.dylib+0x214d]  +[NSApplicationAWT runAWTLoopWithApp:]+0x9c
C  [libawt_lwawt.dylib+0x45edf]  -[AWTStarter starter:]+0x389
C  [Foundation+0x7152a]  __NSThreadPerformPerform+0x146
C  [CoreFoundation+0xa7321]  __CFRUNLOOP_IS_CALLING_OUT_TO_A_SOURCE0_PERFORM_FUNCTION__+0x11
C  [CoreFoundation+0x8821d]  __CFRunLoopDoSources0+0x22d
C  [CoreFoundation+0x87716]  __CFRunLoopRun+0x3a6
C  [CoreFoundation+0x87114]  CFRunLoopRunSpecific+0x1a4
C  [java+0x6465]  CreateExecutionEnvironment+0x367
C  [java+0x218c]  JLI_Launch+0x7a0
C  [java+0x84c2]  main+0x65
C  [java+0x19e4]  start+0x34
C  0x0000000000000006


---------------  P R O C E S S  ---------------

Java Threads: ( => current thread )
  0x00007fa3a219e000 JavaThread "AWT-Shutdown" [_thread_blocked, id=29703, stack(0x0000700007f38000,0x0000700008038000)]
=>0x00007fa3a1919800 JavaThread "AppKit Thread" daemon [_thread_in_native, id=775, stack(0x00007fff5f270000,0x00007fff5fa70000)]
  0x00007fa3a184c800 JavaThread "Service Thread" daemon [_thread_blocked, id=18435, stack(0x0000700007caf000,0x0000700007daf000)]
  0x00007fa3a181f000 JavaThread "C1 CompilerThread2" daemon [_thread_blocked, id=17923, stack(0x0000700007bac000,0x0000700007cac000)]
  0x00007fa3a2831800 JavaThread "C2 CompilerThread1" daemon [_thread_blocked, id=17411, stack(0x0000700007aa9000,0x0000700007ba9000)]
  0x00007fa3a2831000 JavaThread "C2 CompilerThread0" daemon [_thread_blocked, id=16899, stack(0x00007000079a6000,0x0000700007aa6000)]
  0x00007fa3a181e800 JavaThread "Signal Dispatcher" daemon [_thread_blocked, id=16387, stack(0x00007000078a3000,0x00007000079a3000)]
  0x00007fa3a3005000 JavaThread "Finalizer" daemon [_thread_blocked, id=12547, stack(0x00007000077a0000,0x00007000078a0000)]
  0x00007fa3a3002000 JavaThread "Reference Handler" daemon [_thread_blocked, id=12035, stack(0x000070000769d000,0x000070000779d000)]
  0x00007fa3a2002000 JavaThread "main" [_thread_in_native, id=3587, stack(0x0000700006f02000,0x0000700007002000)]

Other Threads:
  0x00007fa3a1815800 VMThread [stack: 0x000070000759a000,0x000070000769a000] [id=11523]
  0x00007fa3a285a000 WatcherThread [stack: 0x0000700007db2000,0x0000700007eb2000] [id=18947]

VM state:not at safepoint (normal execution)

VM Mutex/Monitor currently owned by a thread: None

Heap:
 PSYoungGen      total 38400K, used 10235K [0x0000000795580000, 0x0000000798000000, 0x00000007c0000000)
  eden space 33280K, 30% used [0x0000000795580000,0x0000000795f7ec78,0x0000000797600000)
  from space 5120K, 0% used [0x0000000797b00000,0x0000000797b00000,0x0000000798000000)
  to   space 5120K, 0% used [0x0000000797600000,0x0000000797600000,0x0000000797b00000)
 ParOldGen       total 87552K, used 0K [0x0000000740000000, 0x0000000745580000, 0x0000000795580000)
  object space 87552K, 0% used [0x0000000740000000,0x0000000740000000,0x0000000745580000)
 Metaspace       used 7049K, capacity 7203K, committed 7552K, reserved 1056768K
  class space    used 713K, capacity 792K, committed 896K, reserved 1048576K

Card table byte_map: [0x0000000101e00000,0x0000000102201000] byte_map_base: 0x00000000fe400000

Marking Bits: (ParMarkBitMap*) 0x0000000100b005d0
 Begin Bits: [0x00000001024ac000, 0x00000001044ac000)
 End Bits:   [0x00000001044ac000, 0x00000001064ac000)

Polling page: 0x00000001011f7000

CodeCache: size=245760Kb used=2898Kb max_used=2898Kb free=242862Kb
 bounds [0x000000010bbed000, 0x000000010becd000, 0x000000011abed000]
 total_blobs=1096 nmethods=705 adapters=305
 compilation: enabled

Compilation events (10 events):
Event: 6.913 Thread 0x00007fa3a181f000  700       3       org.lwjgl.opengl.ContextGL::swapBuffers (9 bytes)
Event: 6.913 Thread 0x00007fa3a181f000 nmethod 700 0x000000010bebcc90 code [0x000000010bebce00, 0x000000010bebcf88]
Event: 6.913 Thread 0x00007fa3a181f000  701   !   3       org.lwjgl.opengl.MacOSXContextImplementation::swapBuffers (40 bytes)
Event: 6.913 Thread 0x00007fa3a181f000 nmethod 701 0x000000010bebd010 code [0x000000010bebd1c0, 0x000000010bebd808]
Event: 6.913 Thread 0x00007fa3a181f000  702   !   3       org.lwjgl.opengl.MacOSXDisplay::update (114 bytes)
Event: 6.915 Thread 0x00007fa3a181f000 nmethod 702 0x000000010bebda10 code [0x000000010bebde40, 0x000000010bec01c8]
Event: 6.915 Thread 0x00007fa3a181f000  703  s    3       org.lwjgl.opengl.ContextGL::update (30 bytes)
Event: 6.915 Thread 0x00007fa3a181f000 nmethod 703 0x000000010bec1b10 code [0x000000010bec1ca0, 0x000000010bec21b8]
Event: 6.925 Thread 0x00007fa3a181f000  704       3       java.io.UnixFileSystem::getBooleanAttributes (49 bytes)
Event: 6.925 Thread 0x00007fa3a181f000 nmethod 704 0x000000010bec26d0 code [0x000000010bec2880, 0x000000010bec2e28]

GC Heap History (0 events):
No events

Deoptimization events (1 events):
Event: 0.318 Thread 0x00007fa3a2002000 Uncommon trap: reason=unstable_if action=reinterpret pc=0x000000010bd85370 method=java.lang.String.replace(CC)Ljava/lang/String; @ 26

Internal exceptions (10 events):
Event: 0.085 Thread 0x00007fa3a2002000 Exception <a 'java/security/PrivilegedActionException'> (0x00000007956e0378) thrown at [/Users/java_re/workspace/8-2-build-macosx-x86_64/jdk8u144/9417/hotspot/src/share/vm/prims/jvm.cpp, line 1390]
Event: 0.126 Thread 0x00007fa3a2002000 Exception <a 'java/security/PrivilegedActionException'> (0x000000079582ba58) thrown at [/Users/java_re/workspace/8-2-build-macosx-x86_64/jdk8u144/9417/hotspot/src/share/vm/prims/jvm.cpp, line 1390]
Event: 0.126 Thread 0x00007fa3a2002000 Exception <a 'java/security/PrivilegedActionException'> (0x000000079582bc68) thrown at [/Users/java_re/workspace/8-2-build-macosx-x86_64/jdk8u144/9417/hotspot/src/share/vm/prims/jvm.cpp, line 1390]
Event: 0.126 Thread 0x00007fa3a2002000 Exception <a 'java/security/PrivilegedActionException'> (0x000000079582f180) thrown at [/Users/java_re/workspace/8-2-build-macosx-x86_64/jdk8u144/9417/hotspot/src/share/vm/prims/jvm.cpp, line 1390]
Event: 0.126 Thread 0x00007fa3a2002000 Exception <a 'java/security/PrivilegedActionException'> (0x000000079582f390) thrown at [/Users/java_re/workspace/8-2-build-macosx-x86_64/jdk8u144/9417/hotspot/src/share/vm/prims/jvm.cpp, line 1390]
Event: 0.159 Thread 0x00007fa3a2002000 Exception <a 'java/lang/NoSuchFieldError': method resolution failed> (0x00000007958fd4c0) thrown at [/Users/java_re/workspace/8-2-build-macosx-x86_64/jdk8u144/9417/hotspot/src/share/vm/prims/methodHandles.cpp, line 1146]
Event: 0.160 Thread 0x00007fa3a2002000 Exception <a 'java/lang/NoSuchFieldError': method resolution failed> (0x000000079590ac10) thrown at [/Users/java_re/workspace/8-2-build-macosx-x86_64/jdk8u144/9417/hotspot/src/share/vm/prims/methodHandles.cpp, line 1146]
Event: 0.302 Thread 0x00007fa3a2002000 Exception <a 'java/io/FileNotFoundException'> (0x00000007959854e8) thrown at [/Users/java_re/workspace/8-2-build-macosx-x86_64/jdk8u144/9417/hotspot/src/share/vm/prims/jni.cpp, line 709]
Event: 0.302 Thread 0x00007fa3a2002000 Exception <a 'java/io/FileNotFoundException'> (0x0000000795986068) thrown at [/Users/java_re/workspace/8-2-build-macosx-x86_64/jdk8u144/9417/hotspot/src/share/vm/prims/jni.cpp, line 709]
Event: 0.512 Thread 0x00007fa3a2002000 Exception <a 'java/lang/NoClassDefFoundError': net/java/games/input/ControllerEnvironment> (0x0000000795e43600) thrown at [/Users/java_re/workspace/8-2-build-macosx-x86_64/jdk8u144/9417/hotspot/src/share/vm/classfile/systemDictionary.cpp, line 199]

Events (10 events):
Event: 3.082 loading class java/util/IdentityHashMap$IdentityHashMapIterator done
Event: 3.082 loading class java/util/IdentityHashMap$ValueIterator done
Event: 3.082 Thread 0x00007fa3a29da800 Thread exited: 0x00007fa3a29da800
Event: 3.463 Thread 0x00007fa3a2002000 DEOPT PACKING pc=0x000000010be66319 sp=0x0000700007001670
Event: 3.463 Thread 0x00007fa3a2002000 DEOPT UNPACKING pc=0x000000010bc34633 sp=0x00007000070013b0 mode 0
Event: 3.994 Thread 0x00007fa3a219e000 Thread added: 0x00007fa3a219e000
Event: 4.099 Executing VM operation: EnableBiasedLocking
Event: 4.099 Executing VM operation: EnableBiasedLocking done
Event: 6.925 loading class org/lwjgl/opengl/CallbackUtil
Event: 6.925 loading class org/lwjgl/opengl/CallbackUtil done


Dynamic libraries:
0x00000000246d5000 	/System/Library/Frameworks/Cocoa.framework/Versions/A/Cocoa
0x00000000246d5000 	/System/Library/Frameworks/Security.framework/Versions/A/Security
0x00000000246d5000 	/System/Library/Frameworks/ApplicationServices.framework/Versions/A/ApplicationServices
0x00000000246d5000 	/usr/lib/libz.1.dylib
0x00000000246d5000 	/usr/lib/libSystem.B.dylib
0x00000000246d5000 	/usr/lib/libobjc.A.dylib
0x00000000246d5000 	/System/Library/Frameworks/CoreFoundation.framework/Versions/A/CoreFoundation
0x00000000246d5000 	/System/Library/Frameworks/Foundation.framework/Versions/C/Foundation
0x00000000246d5000 	/System/Library/Frameworks/AppKit.framework/Versions/C/AppKit
0x00000000246d5000 	/System/Library/Frameworks/CoreData.framework/Versions/A/CoreData
0x00000000246d5000 	/System/Library/PrivateFrameworks/RemoteViewServices.framework/Versions/A/RemoteViewServices
0x00000000246d5000 	/System/Library/PrivateFrameworks/UIFoundation.framework/Versions/A/UIFoundation
0x00000000246d5000 	/System/Library/PrivateFrameworks/DFRFoundation.framework/Versions/A/DFRFoundation
0x00000000246d5000 	/usr/lib/libenergytrace.dylib
0x00000000246d5000 	/System/Library/PrivateFrameworks/SkyLight.framework/Versions/A/SkyLight
0x00000000246d5000 	/System/Library/Frameworks/CoreGraphics.framework/Versions/A/CoreGraphics
0x00000000246d5000 	/usr/lib/libScreenReader.dylib
0x00000000246d5000 	/System/Library/Frameworks/Accelerate.framework/Versions/A/Accelerate
0x00000000246d5000 	/System/Library/Frameworks/IOSurface.framework/Versions/A/IOSurface
0x00000000246d5000 	/System/Library/Frameworks/AudioToolbox.framework/Versions/A/AudioToolbox
0x00000000246d5000 	/System/Library/Frameworks/AudioUnit.framework/Versions/A/AudioUnit
0x00000000246d5000 	/System/Library/PrivateFrameworks/DataDetectorsCore.framework/Versions/A/DataDetectorsCore
0x00000000246d5000 	/System/Library/PrivateFrameworks/DesktopServicesPriv.framework/Versions/A/DesktopServicesPriv
0x00000000246d5000 	/System/Library/Frameworks/Carbon.framework/Versions/A/Frameworks/HIToolbox.framework/Versions/A/HIToolbox
0x00000000246d5000 	/usr/lib/libicucore.A.dylib
0x00000000246d5000 	/System/Library/Frameworks/QuartzCore.framework/Versions/A/QuartzCore
0x00000000246d5000 	/System/Library/Frameworks/Carbon.framework/Versions/A/Frameworks/SpeechRecognition.framework/Versions/A/SpeechRecognition
0x00000000246d5000 	/usr/lib/libauto.dylib
0x00000000246d5000 	/usr/lib/libxml2.2.dylib
0x00000000246d5000 	/System/Library/PrivateFrameworks/CoreUI.framework/Versions/A/CoreUI
0x00000000246d5000 	/System/Library/Frameworks/CoreAudio.framework/Versions/A/CoreAudio
0x00000000246d5000 	/System/Library/Frameworks/DiskArbitration.framework/Versions/A/DiskArbitration
0x00000000246d5000 	/usr/lib/liblangid.dylib
0x00000000246d5000 	/System/Library/PrivateFrameworks/MultitouchSupport.framework/Versions/A/MultitouchSupport
0x00000000246d5000 	/System/Library/Frameworks/IOKit.framework/Versions/A/IOKit
0x00000000246d5000 	/usr/lib/libDiagnosticMessagesClient.dylib
0x00000000246d5000 	/System/Library/Frameworks/CoreServices.framework/Versions/A/CoreServices
0x00000000246d5000 	/System/Library/PrivateFrameworks/PerformanceAnalysis.framework/Versions/A/PerformanceAnalysis
0x00000000246d5000 	/System/Library/PrivateFrameworks/GenerationalStorage.framework/Versions/A/GenerationalStorage
0x00000000246d5000 	/System/Library/Frameworks/OpenGL.framework/Versions/A/OpenGL
0x00000000246d5000 	/System/Library/Frameworks/CoreImage.framework/Versions/A/CoreImage
0x00000000246d5000 	/System/Library/Frameworks/CoreText.framework/Versions/A/CoreText
0x00000000246d5000 	/System/Library/Frameworks/ImageIO.framework/Versions/A/ImageIO
0x00000000246d5000 	/System/Library/PrivateFrameworks/Backup.framework/Versions/A/Backup
0x00000000246d5000 	/usr/lib/libarchive.2.dylib
0x00000000246d5000 	/System/Library/Frameworks/CFNetwork.framework/Versions/A/CFNetwork
0x00000000246d5000 	/System/Library/Frameworks/SystemConfiguration.framework/Versions/A/SystemConfiguration
0x00000000246d5000 	/usr/lib/libCRFSuite.dylib
0x00000000246d5000 	/usr/lib/libc++.1.dylib
0x00000000246d5000 	/usr/lib/libc++abi.dylib
0x00000000246d5000 	/usr/lib/system/libcache.dylib
0x00000000246d5000 	/usr/lib/system/libcommonCrypto.dylib
0x00000000246d5000 	/usr/lib/system/libcompiler_rt.dylib
0x00000000246d5000 	/usr/lib/system/libcopyfile.dylib
0x00000000246d5000 	/usr/lib/system/libcorecrypto.dylib
0x00000000246d5000 	/usr/lib/system/libdispatch.dylib
0x00000000246d5000 	/usr/lib/system/libdyld.dylib
0x00000000246d5000 	/usr/lib/system/libkeymgr.dylib
0x00000000246d5000 	/usr/lib/system/liblaunch.dylib
0x00000000246d5000 	/usr/lib/system/libmacho.dylib
0x00000000246d5000 	/usr/lib/system/libquarantine.dylib
0x00000000246d5000 	/usr/lib/system/libremovefile.dylib
0x00000000246d5000 	/usr/lib/system/libsystem_asl.dylib
0x00000000246d5000 	/usr/lib/system/libsystem_blocks.dylib
0x00000000246d5000 	/usr/lib/system/libsystem_c.dylib
0x00000000246d5000 	/usr/lib/system/libsystem_configuration.dylib
0x00000000246d5000 	/usr/lib/system/libsystem_coreservices.dylib
0x00000000246d5000 	/usr/lib/system/libsystem_coretls.dylib
0x00000000246d5000 	/usr/lib/system/libsystem_dnssd.dylib
0x00000000246d5000 	/usr/lib/system/libsystem_info.dylib
0x00000000246d5000 	/usr/lib/system/libsystem_kernel.dylib
0x00000000246d5000 	/usr/lib/system/libsystem_m.dylib
0x00000000246d5000 	/usr/lib/system/libsystem_malloc.dylib
0x00000000246d5000 	/usr/lib/system/libsystem_network.dylib
0x00000000246d5000 	/usr/lib/system/libsystem_networkextension.dylib
0x00000000246d5000 	/usr/lib/system/libsystem_notify.dylib
0x00000000246d5000 	/usr/lib/system/libsystem_platform.dylib
0x00000000246d5000 	/usr/lib/system/libsystem_pthread.dylib
0x00000000246d5000 	/usr/lib/system/libsystem_sandbox.dylib
0x00000000246d5000 	/usr/lib/system/libsystem_secinit.dylib
0x00000000246d5000 	/usr/lib/system/libsystem_symptoms.dylib
0x00000000246d5000 	/usr/lib/system/libsystem_trace.dylib
0x00000000246d5000 	/usr/lib/system/libunwind.dylib
0x00000000246d5000 	/usr/lib/system/libxpc.dylib
0x00000000246d5000 	/usr/lib/libbsm.0.dylib
0x00000000246d5000 	/usr/lib/system/libkxld.dylib
0x00000000246d5000 	/usr/lib/libcoretls.dylib
0x00000000246d5000 	/usr/lib/libcoretls_cfhelpers.dylib
0x00000000246d5000 	/usr/lib/libOpenScriptingUtil.dylib
0x00000000246d5000 	/usr/lib/libpam.2.dylib
0x00000000246d5000 	/usr/lib/libsqlite3.dylib
0x00000000246d5000 	/usr/lib/libxar.1.dylib
0x00000000246d5000 	/usr/lib/libbz2.1.0.dylib
0x00000000246d5000 	/usr/lib/liblzma.5.dylib
0x00000000246d5000 	/usr/lib/libnetwork.dylib
0x00000000246d5000 	/usr/lib/libpcap.A.dylib
0x00000000246d5000 	/System/Library/Frameworks/CoreServices.framework/Versions/A/Frameworks/FSEvents.framework/Versions/A/FSEvents
0x00000000246d5000 	/System/Library/Frameworks/CoreServices.framework/Versions/A/Frameworks/CarbonCore.framework/Versions/A/CarbonCore
0x00000000246d5000 	/System/Library/Frameworks/CoreServices.framework/Versions/A/Frameworks/Metadata.framework/Versions/A/Metadata
0x00000000246d5000 	/System/Library/Frameworks/CoreServices.framework/Versions/A/Frameworks/OSServices.framework/Versions/A/OSServices
0x00000000246d5000 	/System/Library/Frameworks/CoreServices.framework/Versions/A/Frameworks/SearchKit.framework/Versions/A/SearchKit
0x00000000246d5000 	/System/Library/Frameworks/CoreServices.framework/Versions/A/Frameworks/AE.framework/Versions/A/AE
0x00000000246d5000 	/System/Library/Frameworks/CoreServices.framework/Versions/A/Frameworks/LaunchServices.framework/Versions/A/LaunchServices
0x00000000246d5000 	/System/Library/Frameworks/CoreServices.framework/Versions/A/Frameworks/DictionaryServices.framework/Versions/A/DictionaryServices
0x00000000246d5000 	/System/Library/Frameworks/CoreServices.framework/Versions/A/Frameworks/SharedFileList.framework/Versions/A/SharedFileList
0x00000000246d5000 	/System/Library/Frameworks/NetFS.framework/Versions/A/NetFS
0x00000000246d5000 	/System/Library/PrivateFrameworks/NetAuth.framework/Versions/A/NetAuth
0x00000000246d5000 	/System/Library/PrivateFrameworks/login.framework/Versions/A/Frameworks/loginsupport.framework/Versions/A/loginsupport
0x00000000246d5000 	/System/Library/PrivateFrameworks/TCC.framework/Versions/A/TCC
0x00000000246d5000 	/usr/lib/libmecabra.dylib
0x00000000246d5000 	/System/Library/Frameworks/ApplicationServices.framework/Versions/A/Frameworks/ATS.framework/Versions/A/ATS
0x00000000246d5000 	/System/Library/Frameworks/ApplicationServices.framework/Versions/A/Frameworks/ColorSync.framework/Versions/A/ColorSync
0x00000000246d5000 	/System/Library/Frameworks/ApplicationServices.framework/Versions/A/Frameworks/HIServices.framework/Versions/A/HIServices
0x00000000246d5000 	/System/Library/Frameworks/ApplicationServices.framework/Versions/A/Frameworks/LangAnalysis.framework/Versions/A/LangAnalysis
0x00000000246d5000 	/System/Library/Frameworks/ApplicationServices.framework/Versions/A/Frameworks/PrintCore.framework/Versions/A/PrintCore
0x00000000246d5000 	/System/Library/Frameworks/ApplicationServices.framework/Versions/A/Frameworks/QD.framework/Versions/A/QD
0x00000000246d5000 	/System/Library/Frameworks/ApplicationServices.framework/Versions/A/Frameworks/SpeechSynthesis.framework/Versions/A/SpeechSynthesis
0x00000000246d5000 	/System/Library/Frameworks/Accelerate.framework/Versions/A/Frameworks/vImage.framework/Versions/A/vImage
0x00000000246d5000 	/System/Library/Frameworks/Accelerate.framework/Versions/A/Frameworks/vecLib.framework/Versions/A/vecLib
0x00000000246d5000 	/System/Library/Frameworks/Accelerate.framework/Versions/A/Frameworks/vecLib.framework/Versions/A/libvDSP.dylib
0x00000000246d5000 	/System/Library/Frameworks/Accelerate.framework/Versions/A/Frameworks/vecLib.framework/Versions/A/libBNNS.dylib
0x00000000246d5000 	/System/Library/Frameworks/Accelerate.framework/Versions/A/Frameworks/vecLib.framework/Versions/A/libQuadrature.dylib
0x00000000246d5000 	/System/Library/Frameworks/Accelerate.framework/Versions/A/Frameworks/vecLib.framework/Versions/A/libvMisc.dylib
0x00000000246d5000 	/System/Library/Frameworks/Accelerate.framework/Versions/A/Frameworks/vecLib.framework/Versions/A/libLAPACK.dylib
0x00000000246d5000 	/System/Library/Frameworks/Accelerate.framework/Versions/A/Frameworks/vecLib.framework/Versions/A/libBLAS.dylib
0x00000000246d5000 	/System/Library/Frameworks/Accelerate.framework/Versions/A/Frameworks/vecLib.framework/Versions/A/libLinearAlgebra.dylib
0x00000000246d5000 	/System/Library/Frameworks/Accelerate.framework/Versions/A/Frameworks/vecLib.framework/Versions/A/libSparseBLAS.dylib
0x00000000246d5000 	/System/Library/Frameworks/ApplicationServices.framework/Versions/A/Frameworks/ATS.framework/Versions/A/Resources/libFontParser.dylib
0x00000000246d5000 	/System/Library/Frameworks/ApplicationServices.framework/Versions/A/Frameworks/ATS.framework/Versions/A/Resources/libFontRegistry.dylib
0x00000000246d5000 	/System/Library/Frameworks/ImageIO.framework/Versions/A/Resources/libJPEG.dylib
0x00000000246d5000 	/System/Library/Frameworks/ImageIO.framework/Versions/A/Resources/libTIFF.dylib
0x00000000246d5000 	/System/Library/Frameworks/ImageIO.framework/Versions/A/Resources/libPng.dylib
0x00000000246d5000 	/System/Library/Frameworks/ImageIO.framework/Versions/A/Resources/libGIF.dylib
0x00000000246d5000 	/System/Library/Frameworks/ImageIO.framework/Versions/A/Resources/libJP2.dylib
0x00000000246d5000 	/System/Library/Frameworks/ImageIO.framework/Versions/A/Resources/libRadiance.dylib
0x00000000246d5000 	/usr/lib/libcompression.dylib
0x00000000246d5000 	/System/Library/PrivateFrameworks/AppleJPEG.framework/Versions/A/AppleJPEG
0x00000000246d5000 	/usr/lib/libcups.2.dylib
0x00000000246d5000 	/System/Library/Frameworks/Kerberos.framework/Versions/A/Kerberos
0x00000000246d5000 	/System/Library/Frameworks/GSS.framework/Versions/A/GSS
0x00000000246d5000 	/usr/lib/libresolv.9.dylib
0x00000000246d5000 	/usr/lib/libiconv.2.dylib
0x00000000246d5000 	/System/Library/PrivateFrameworks/Heimdal.framework/Versions/A/Heimdal
0x00000000246d5000 	/usr/lib/libheimdal-asn1.dylib
0x00000000246d5000 	/System/Library/Frameworks/OpenDirectory.framework/Versions/A/OpenDirectory
0x00000000246d5000 	/System/Library/PrivateFrameworks/CommonAuth.framework/Versions/A/CommonAuth
0x00000000246d5000 	/System/Library/Frameworks/OpenDirectory.framework/Versions/A/Frameworks/CFOpenDirectory.framework/Versions/A/CFOpenDirectory
0x00000000246d5000 	/System/Library/Frameworks/SecurityFoundation.framework/Versions/A/SecurityFoundation
0x00000000246d5000 	/System/Library/PrivateFrameworks/LanguageModeling.framework/Versions/A/LanguageModeling
0x00000000246d5000 	/usr/lib/libmarisa.dylib
0x00000000246d5000 	/usr/lib/libChineseTokenizer.dylib
0x00000000246d5000 	/usr/lib/libcmph.dylib
0x00000000246d5000 	/System/Library/PrivateFrameworks/CoreEmoji.framework/Versions/A/CoreEmoji
0x00000000246d5000 	/System/Library/Frameworks/ServiceManagement.framework/Versions/A/ServiceManagement
0x00000000246d5000 	/usr/lib/libxslt.1.dylib
0x00000000246d5000 	/System/Library/Frameworks/Carbon.framework/Versions/A/Frameworks/Ink.framework/Versions/A/Ink
0x00000000246d5000 	/System/Library/PrivateFrameworks/TextureIO.framework/Versions/A/TextureIO
0x00000000246d5000 	/System/Library/Frameworks/Metal.framework/Versions/A/Metal
0x00000000246d5000 	/usr/lib/libate.dylib
0x00000000246d5000 	/System/Library/PrivateFrameworks/GPUCompiler.framework/libmetal_timestamp.dylib
0x00000000246d5000 	/System/Library/Frameworks/OpenGL.framework/Versions/A/Libraries/libCoreFSCache.dylib
0x00000000246d5000 	/System/Library/PrivateFrameworks/IOAccelerator.framework/Versions/A/IOAccelerator
0x00000000246d5000 	/System/Library/Frameworks/CoreVideo.framework/Versions/A/CoreVideo
0x00000000246d5000 	/usr/lib/libFosl_dynamic.dylib
0x00000000246d5000 	/System/Library/PrivateFrameworks/MetalPerformanceShaders.framework/Versions/A/MetalPerformanceShaders
0x00000000246d5000 	/System/Library/PrivateFrameworks/FaceCore.framework/Versions/A/FaceCore
0x00000000246d5000 	/System/Library/Frameworks/OpenCL.framework/Versions/A/OpenCL
0x00000000246d5000 	/System/Library/Frameworks/OpenGL.framework/Versions/A/Libraries/libGLU.dylib
0x00000000246d5000 	/System/Library/Frameworks/OpenGL.framework/Versions/A/Libraries/libGFXShared.dylib
0x00000000246d5000 	/System/Library/Frameworks/OpenGL.framework/Versions/A/Libraries/libGL.dylib
0x00000000246d5000 	/System/Library/Frameworks/OpenGL.framework/Versions/A/Libraries/libGLImage.dylib
0x00000000246d5000 	/System/Library/Frameworks/OpenGL.framework/Versions/A/Libraries/libCVMSPluginSupport.dylib
0x00000000246d5000 	/System/Library/Frameworks/OpenGL.framework/Versions/A/Libraries/libCoreVMClient.dylib
0x00000000246d5000 	/System/Library/PrivateFrameworks/CrashReporterSupport.framework/Versions/A/CrashReporterSupport
0x00000000246d5000 	/System/Library/PrivateFrameworks/Sharing.framework/Versions/A/Sharing
0x00000000246d5000 	/System/Library/PrivateFrameworks/IconServices.framework/Versions/A/IconServices
0x00000000246d5000 	/System/Library/PrivateFrameworks/ProtocolBuffer.framework/Versions/A/ProtocolBuffer
0x00000000246d5000 	/System/Library/PrivateFrameworks/Apple80211.framework/Versions/A/Apple80211
0x00000000246d5000 	/System/Library/Frameworks/CoreWLAN.framework/Versions/A/CoreWLAN
0x00000000246d5000 	/System/Library/PrivateFrameworks/CoreUtils.framework/Versions/A/CoreUtils
0x00000000246d5000 	/System/Library/Frameworks/IOBluetooth.framework/Versions/A/IOBluetooth
0x00000000246d5000 	/System/Library/PrivateFrameworks/CoreWiFi.framework/Versions/A/CoreWiFi
0x00000000246d5000 	/System/Library/Frameworks/CoreBluetooth.framework/Versions/A/CoreBluetooth
0x00000000246d5000 	/System/Library/Frameworks/CoreDisplay.framework/Versions/A/CoreDisplay
0x00000000246d5000 	/System/Library/PrivateFrameworks/IOPresentment.framework/Versions/A/IOPresentment
0x00000000246d5000 	/System/Library/PrivateFrameworks/DSExternalDisplay.framework/Versions/A/DSExternalDisplay
0x00000000246d5000 	/System/Library/PrivateFrameworks/DebugSymbols.framework/Versions/A/DebugSymbols
0x00000000246d5000 	/System/Library/PrivateFrameworks/CoreSymbolication.framework/Versions/A/CoreSymbolication
0x00000000246d5000 	/System/Library/PrivateFrameworks/Symbolication.framework/Versions/A/Symbolication
0x00000000246d5000 	/System/Library/PrivateFrameworks/AppleFSCompression.framework/Versions/A/AppleFSCompression
0x00000000246d5000 	/System/Library/PrivateFrameworks/SpeechRecognitionCore.framework/Versions/A/SpeechRecognitionCore
0x00000000246d5000 	/System/Library/PrivateFrameworks/ChunkingLibrary.framework/Versions/A/ChunkingLibrary
0x000000010020d000 	/Library/Java/JavaVirtualMachines/jdk1.8.0_144.jdk/Contents/Home/jre/lib/server/libjvm.dylib
0x00000000246d5000 	/usr/lib/libstdc++.6.dylib
0x00000001011b4000 	/Library/Java/JavaVirtualMachines/jdk1.8.0_144.jdk/Contents/Home/jre/lib/libverify.dylib
0x00000001011c2000 	/Library/Java/JavaVirtualMachines/jdk1.8.0_144.jdk/Contents/Home/jre/lib/libjava.dylib
0x0000000101201000 	/Library/Java/JavaVirtualMachines/jdk1.8.0_144.jdk/Contents/Home/jre/lib/libzip.dylib
0x000000010837c000 	/System/Library/Frameworks/JavaVM.framework/Frameworks/JavaRuntimeSupport.framework/JavaRuntimeSupport
0x0000000108396000 	/System/Library/Frameworks/JavaVM.framework/Versions/A/Frameworks/JavaNativeFoundation.framework/Versions/A/JavaNativeFoundation
0x00000001015f3000 	/System/Library/Frameworks/JavaVM.framework/Versions/A/JavaVM
0x00000000246d5000 	/System/Library/Frameworks/Carbon.framework/Versions/A/Carbon
0x00000001083ab000 	/System/Library/PrivateFrameworks/JavaLaunching.framework/Versions/A/JavaLaunching
0x00000000246d5000 	/System/Library/Frameworks/Carbon.framework/Versions/A/Frameworks/CommonPanels.framework/Versions/A/CommonPanels
0x00000000246d5000 	/System/Library/Frameworks/Carbon.framework/Versions/A/Frameworks/Help.framework/Versions/A/Help
0x00000000246d5000 	/System/Library/Frameworks/Carbon.framework/Versions/A/Frameworks/ImageCapture.framework/Versions/A/ImageCapture
0x00000000246d5000 	/System/Library/Frameworks/Carbon.framework/Versions/A/Frameworks/OpenScripting.framework/Versions/A/OpenScripting
0x00000000246d5000 	/System/Library/Frameworks/Carbon.framework/Versions/A/Frameworks/Print.framework/Versions/A/Print
0x00000000246d5000 	/System/Library/Frameworks/Carbon.framework/Versions/A/Frameworks/SecurityHI.framework/Versions/A/SecurityHI
0x0000000109d0d000 	/Library/Java/JavaVirtualMachines/jdk1.8.0_144.jdk/Contents/Home/jre/lib/libawt.dylib
0x0000000109db5000 	/Library/Java/JavaVirtualMachines/jdk1.8.0_144.jdk/Contents/Home/jre/lib/./libmlib_image.dylib
0x0000000109e81000 	/Library/Java/JavaVirtualMachines/jdk1.8.0_144.jdk/Contents/Home/jre/lib/libawt_lwawt.dylib
0x0000000109f38000 	/Library/Java/JavaVirtualMachines/jdk1.8.0_144.jdk/Contents/Home/jre/lib/./libosxapp.dylib
0x00000000246d5000 	/System/Library/Frameworks/ExceptionHandling.framework/Versions/A/ExceptionHandling
0x00000000246d5000 	/System/Library/PrivateFrameworks/CoreServicesInternal.framework/Versions/A/CoreServicesInternal
0x00000000246d5000 	/System/Library/CoreServices/RawCamera.bundle/Contents/MacOS/RawCamera
0x00000000246d5000 	/System/Library/Frameworks/Accelerate.framework/Versions/A/Frameworks/vImage.framework/Versions/A/Libraries/libCGInterfaces.dylib
0x00000000246d5000 	/System/Library/Frameworks/ApplicationServices.framework/Versions/A/Frameworks/ATS.framework/Versions/A/Resources/libTrueTypeScaler.dylib
0x000000011abed000 	/System/Library/Frameworks/OpenGL.framework/Resources/GLEngine.bundle/GLEngine
0x00000000246d5000 	/System/Library/Frameworks/OpenGL.framework/Versions/A/Libraries/libGLProgrammability.dylib
0x00000000246d5000 	/System/Library/Extensions/GeForceGLDriver.bundle/Contents/MacOS/GeForceGLDriver
0x00000000246d5000 	/System/Library/Extensions/GeForceGLDriver.bundle/Contents/MacOS/libclh.dylib
0x00000000246d5000 	/System/Library/PrivateFrameworks/GPUSupport.framework/Versions/A/Libraries/libGPUSupportMercury.dylib
0x000000010b9b3000 	/System/Library/Frameworks/OpenGL.framework/Resources//GLRendererFloat.bundle/GLRendererFloat
0x00000000246d5000 	/System/Library/Frameworks/OpenCL.framework/Versions/A/Libraries/libcldcpuengine.dylib
0x00000000246d5000 	/usr/lib/libcrypto.0.9.8.dylib
0x00000000246d5000 	/System/Library/PrivateFrameworks/TrustEvaluationAgent.framework/Versions/A/TrustEvaluationAgent
0x00000000246d5000 	/System/Library/Extensions/GeForceMTLDriver.bundle/Contents/MacOS/GeForceMTLDriver
0x00000000246d5000 	/System/Library/PrivateFrameworks/FamilyControls.framework/Versions/A/FamilyControls
0x00000000246d5000 	/System/Library/PrivateFrameworks/CommerceKit.framework/Versions/A/Frameworks/CommerceCore.framework/Versions/A/CommerceCore
0x00000000246d5000 	/System/Library/PrivateFrameworks/SystemAdministration.framework/Versions/A/SystemAdministration
0x00000000246d5000 	/System/Library/PrivateFrameworks/AppContainer.framework/Versions/A/AppContainer
0x00000000246d5000 	/System/Library/PrivateFrameworks/SecCodeWrapper.framework/Versions/A/SecCodeWrapper
0x00000000246d5000 	/System/Library/Frameworks/DirectoryService.framework/Versions/A/DirectoryService
0x00000000246d5000 	/System/Library/PrivateFrameworks/DiskImages.framework/Versions/A/DiskImages
0x00000000246d5000 	/System/Library/PrivateFrameworks/LoginUIKit.framework/Versions/A/Frameworks/LoginUICore.framework/Versions/A/LoginUICore
0x00000000246d5000 	/usr/lib/libCoreStorage.dylib
0x00000000246d5000 	/usr/lib/libcsfde.dylib
0x00000000246d5000 	/usr/lib/libodfde.dylib
0x00000000246d5000 	/System/Library/Frameworks/DiscRecording.framework/Versions/A/DiscRecording
0x00000000246d5000 	/usr/lib/libcurl.4.dylib
0x00000000246d5000 	/System/Library/PrivateFrameworks/MediaKit.framework/Versions/A/MediaKit
0x00000000246d5000 	/System/Library/PrivateFrameworks/ProtectedCloudStorage.framework/Versions/A/ProtectedCloudStorage
0x00000000246d5000 	/System/Library/PrivateFrameworks/EFILogin.framework/Versions/A/EFILogin
0x00000000246d5000 	/usr/lib/libutil.dylib
0x00000000246d5000 	/System/Library/Frameworks/LDAP.framework/Versions/A/LDAP
0x00000000246d5000 	/usr/lib/libsasl2.2.dylib
0x00000000246d5000 	/System/Library/PrivateFrameworks/CoreDaemon.framework/Versions/B/CoreDaemon
0x00000000246d5000 	/System/Library/PrivateFrameworks/AppleSRP.framework/Versions/A/AppleSRP
0x00000000246d5000 	/System/Library/PrivateFrameworks/APFS.framework/Versions/A/APFS
0x000000011fef5000 	/Library/Java/JavaVirtualMachines/jdk1.8.0_144.jdk/Contents/Home/jre/lib/libfontmanager.dylib
0x000000011ff5c000 	/Users/jhar3975/Documents/slick/liblwjgl.dylib
0x000000010a346000 	/Library/Java/JavaVirtualMachines/jdk1.8.0_144.jdk/Contents/Home/jre/lib/libjawt.dylib
0x00000000246d5000 	/System/Library/PrivateFrameworks/ViewBridge.framework/Versions/A/ViewBridge
0x00000000246d5000 	/System/Library/PrivateFrameworks/XPCService.framework/Versions/A/XPCService
0x00000000246d5000 	/System/Library/PrivateFrameworks/AppSandbox.framework/Versions/A/AppSandbox
0x00000000246d5000 	/usr/lib/libsandbox.1.dylib
0x00000000246d5000 	/usr/lib/libMatch.1.dylib

VM Arguments:
jvm_args: -Djava.library.path=/Users/jhar3975/Documents/slick -Dfile.encoding=UTF-8 
java_command: Main
java_class_path (initial): /Users/jhar3975/eclipse-workspace/Platformer/bin:/Users/jhar3975/Documents/slick/lib/lwjgl.jar:/Users/jhar3975/Documents/slick/lib/slick.jar
Launcher Type: SUN_STANDARD

Environment Variables:
PATH=/usr/bin:/bin:/usr/sbin:/sbin
SHELL=/bin/bash

Signal Handlers:
SIGSEGV: [libjvm.dylib+0x5b26e5], sa_mask[0]=11111111011111110111111111111111, sa_flags=SA_ONSTACK|SA_RESTART|SA_SIGINFO
SIGBUS: [libjvm.dylib+0x5b26e5], sa_mask[0]=11111111011111110111111111111111, sa_flags=SA_RESTART|SA_SIGINFO
SIGFPE: [libjvm.dylib+0x489100], sa_mask[0]=11111111011111110111111111111111, sa_flags=SA_RESTART|SA_SIGINFO
SIGPIPE: [libjvm.dylib+0x489100], sa_mask[0]=11111111011111110111111111111111, sa_flags=SA_RESTART|SA_SIGINFO
SIGXFSZ: [libjvm.dylib+0x489100], sa_mask[0]=11111111011111110111111111111111, sa_flags=SA_RESTART|SA_SIGINFO
SIGILL: [libjvm.dylib+0x489100], sa_mask[0]=11111111011111110111111111111111, sa_flags=SA_RESTART|SA_SIGINFO
SIGUSR1: SIG_DFL, sa_mask[0]=00000000000000000000000000000000, sa_flags=none
SIGUSR2: [libjvm.dylib+0x488c1e], sa_mask[0]=00100000000000000000000000000000, sa_flags=SA_RESTART|SA_SIGINFO
SIGHUP: [libjvm.dylib+0x4871f5], sa_mask[0]=11111111011111110111111111111111, sa_flags=SA_RESTART|SA_SIGINFO
SIGINT: [libjvm.dylib+0x4871f5], sa_mask[0]=11111111011111110111111111111111, sa_flags=SA_RESTART|SA_SIGINFO
SIGTERM: [libjvm.dylib+0x4871f5], sa_mask[0]=11111111011111110111111111111111, sa_flags=SA_RESTART|SA_SIGINFO
SIGQUIT: [libjvm.dylib+0x4871f5], sa_mask[0]=11111111011111110111111111111111, sa_flags=SA_RESTART|SA_SIGINFO


---------------  S Y S T E M  ---------------

OS:Bsduname:Darwin 16.7.0 Darwin Kernel Version 16.7.0: Thu Jun 15 17:36:27 PDT 2017; root:xnu-3789.70.16~2/RELEASE_X86_64 x86_64
rlimit: STACK 8192k, CORE 0k, NPROC 709, NOFILE 10240, AS infinity
load average:1.97 1.81 1.88

CPU:total 4 (initial active 4) (4 cores per cpu, 1 threads per core) family 6 model 60 stepping 3, cmov, cx8, fxsr, mmx, sse, sse2, sse3, ssse3, sse4.1, sse4.2, popcnt, avx, avx2, aes, clmul, erms, rtm, lzcnt, tsc, tscinvbit, bmi1, bmi2

Memory: 4k page, physical 8388608k(372416k free)

/proc/meminfo:


vm_info: Java HotSpot(TM) 64-Bit Server VM (25.144-b01) for bsd-amd64 JRE (1.8.0_144-b01), built on Jul 21 2017 22:07:42 by "java_re" with gcc 4.2.1 (Based on Apple Inc. build 5658) (LLVM build 2336.11.00)

time: Tue Oct 17 09:15:20 2017
elapsed time: 6 seconds (0d 0h 0m 6s)

