#
# A fatal error has been detected by the Java Runtime Environment:
#
#  SIGSEGV (0xb) at pc=0x00007fffbf8e305d, pid=1833, tid=0x0000000000000307
#
# JRE version: Java(TM) SE Runtime Environment (8.0_144-b01) (build 1.8.0_144-b01)
# Java VM: Java HotSpot(TM) 64-Bit Server VM (25.144-b01 mixed mode bsd-amd64 compressed oops)
# Problematic frame:
# C  [libobjc.A.dylib+0x705d]  objc_msgSend+0x1d
#
# Failed to write core dump. Core dumps have been disabled. To enable core dumping, try "ulimit -c unlimited" before starting Java again
#
# If you would like to submit a bug report, please visit:
#   http://bugreport.java.com/bugreport/crash.jsp
# The crash happened outside the Java Virtual Machine in native code.
# See problematic frame for where to report the bug.
#

---------------  T H R E A D  ---------------

Current thread (0x00007f98d20ab800):  JavaThread "AppKit Thread" daemon [_thread_in_native, id=775, stack(0x00007fff53c10000,0x00007fff54410000)]

siginfo: si_signo: 11 (SIGSEGV), si_code: 1 (SEGV_MAPERR), si_addr: 0x000007f98d1495d8

Registers:
RAX=0x0000000000000000, RBX=0x00007f98d1768f90, RCX=0x0000000000000000, RDX=0x00000000000fc040
RSP=0x00007fff5440a8a8, RBP=0x00007fff5440a8d0, RSI=0x00007fffa91cf7ab, RDI=0x00007f98d148bdc0
R8 =0x0000000000000003, R9 =0x0000000000000000, R10=0x000007f98d1495c0, R11=0x00007fffa91cf7ab
R12=0x0000000000000094, R13=0x00007fffa91b217f, R14=0x00007f98d148bdc0, R15=0x0000000000000000
RIP=0x00007fffbf8e305d, EFLAGS=0x0000000000010206, ERR=0x0000000000000004
  TRAPNO=0x000000000000000e

Top of Stack: (sp=0x00007fff5440a8a8)
0x00007fff5440a8a8:   000000012b574598 00007f98d1768f90
0x00007fff5440a8b8:   000000012b5a8c60 00007f98d152a230
0x00007fff5440a8c8:   00007f98d152a230 00007fff5440ae40
0x00007fff5440a8d8:   00007fffa869ee7b 0000000000000000
0x00007fff5440a8e8:   0000000000000000 4084500000000000
0x00007fff5440a8f8:   4086800000000000 0000000000000000
0x00007fff5440a908:   0000000000000000 4084500000000000
0x00007fff5440a918:   4086800000000000 00007fff5440a940
0x00007fff5440a928:   00007fffab1e3f20 0000000000000180
0x00007fff5440a938:   ffff80672eb70450 00007f98d148fbb0
0x00007fff5440a948:   00007fffc9040480 00007fff5440a9b0
0x00007fff5440a958:   00007fffbf8eb243 00007fffc9040600
0x00007fff5440a968:   00000001a916a100 00007f98d148fbb0
0x00007fff5440a978:   ffff80672eb70450 00007f98d2100500
0x00007fff5440a988:   00007f98d176b070 00007fffa916a100
0x00007fff5440a998:   00007f98d1768f90 00007fffbf8e3040
0x00007fff5440a9a8:   00007fff5440aa10 00007fff5440aa00
0x00007fff5440a9b8:   00007fffa8d7891f 401c000000000000
0x00007fff5440a9c8:   4086a00000000000 402c000000000000
0x00007fff5440a9d8:   0000000000000000 00007fff00000000
0x00007fff5440a9e8:   0000000000000000 00007fffa9183bb8
0x00007fff5440a9f8:   00007f98d176b000 000000015440aa50
0x00007fff5440aa08:   00007f98d176b070 0000000000000088
0x00007fff5440aa18:   00007f98d143daf0 012c000000000000
0x00007fff5440aa28:   00007f98d1768f90 00007fff5440aa50
0x00007fff5440aa38:   00007f98d176b070 00007fff5440ab20
0x00007fff5440aa48:   00007f98d176b070 00007fff5440aa90
0x00007fff5440aa58:   00007fffa8756c42 401c000000000000
0x00007fff5440aa68:   4086980000000000 402c000000000000
0x00007fff5440aa78:   4030000000000000 00007fff5440ab20
0x00007fff5440aa88:   00007f98d176b070 00007fff5440ab10
0x00007fff5440aa98:   00007fffa8756be4 401c000000000000 

Instructions: (pc=0x00007fffbf8e305d)
0x00007fffbf8e303d:   0f 1f 00 48 85 ff 2e 74 62 40 f6 c7 01 2e 75 66
0x00007fffbf8e304d:   49 ba f8 ff ff ff ff 7f 00 00 4c 23 17 49 89 f3
0x00007fffbf8e305d:   45 23 5a 18 49 c1 e3 04 4d 03 5a 10 49 3b 33 75
0x00007fffbf8e306d:   04 41 ff 63 08 49 83 3b 01 76 0d 49 83 c3 10 49 

Register to memory mapping:

RAX=0x0000000000000000 is an unknown value
RBX=0x00007f98d1768f90 is an unknown value
RCX=0x0000000000000000 is an unknown value
RDX=0x00000000000fc040 is an unknown value
RSP=0x00007fff5440a8a8 is pointing into the stack for thread: 0x00007f98d20ab800
RBP=0x00007fff5440a8d0 is pointing into the stack for thread: 0x00007f98d20ab800
RSI=0x00007fffa91cf7ab: __NSStyleNameIndexTable+0xe03f3 in /System/Library/Frameworks/AppKit.framework/Versions/C/AppKit at 0x00007fffa8502000
RDI=0x00007f98d148bdc0 is an unknown value
R8 =0x0000000000000003 is an unknown value
R9 =0x0000000000000000 is an unknown value
R10=0x000007f98d1495c0 is an unknown value
R11=0x00007fffa91cf7ab: __NSStyleNameIndexTable+0xe03f3 in /System/Library/Frameworks/AppKit.framework/Versions/C/AppKit at 0x00007fffa8502000
R12=0x0000000000000094 is an unknown value
R13=0x00007fffa91b217f: __NSStyleNameIndexTable+0xc2dc7 in /System/Library/Frameworks/AppKit.framework/Versions/C/AppKit at 0x00007fffa8502000
R14=0x00007f98d148bdc0 is an unknown value
R15=0x0000000000000000 is an unknown value


Stack: [0x00007fff53c10000,0x00007fff54410000],  sp=0x00007fff5440a8a8,  free space=8170k
Native frames: (J=compiled Java code, j=interpreted, Vv=VM code, C=native code)
C  [libobjc.A.dylib+0x705d]  objc_msgSend+0x1d
C  [AppKit+0x19ce7b]  -[NSView _recursiveDisplayRectIfNeededIgnoringOpacity:isVisibleRect:rectIsVisibleRectForView:topView:]+0x6ee
C  [AppKit+0x19d6d1]  -[NSView _recursiveDisplayRectIfNeededIgnoringOpacity:isVisibleRect:rectIsVisibleRectForView:topView:]+0xf44
C  [AppKit+0x19c2af]  -[NSThemeFrame _recursiveDisplayRectIfNeededIgnoringOpacity:isVisibleRect:rectIsVisibleRectForView:topView:]+0x14e
C  [AppKit+0x19a6d8]  -[NSView _displayRectIgnoringOpacity:isVisibleRect:rectIsVisibleRectForView:]+0x994
C  [AppKit+0x195fca]  -[NSView displayIfNeeded]+0x6d4
C  [AppKit+0x1958db]  -[NSWindow displayIfNeeded]+0xe6
C  [AppKit+0x8f5cb4]  ___NSWindowGetDisplayCycleObserver_block_invoke.6228+0x115
C  [AppKit+0x1953b9]  __37+[NSDisplayCycle currentDisplayCycle]_block_invoke+0x1c6
C  [QuartzCore+0x11d06]  CA::Transaction::run_commit_handlers(CATransactionPhase)+0x2e
C  [QuartzCore+0x11b8bc]  CA::Context::commit_transaction(CA::Transaction*)+0xa0
C  [QuartzCore+0x107e1]  CA::Transaction::commit()+0x1db
C  [AppKit+0x4788b1]  __37+[NSDisplayCycle currentDisplayCycle]_block_invoke.31+0x143
C  [CoreFoundation+0xa6d37]  __CFRUNLOOP_IS_CALLING_OUT_TO_AN_OBSERVER_CALLBACK_FUNCTION__+0x17
C  [CoreFoundation+0xa6ca7]  __CFRunLoopDoObservers+0x187
C  [CoreFoundation+0x876d9]  __CFRunLoopRun+0x369
C  [CoreFoundation+0x87114]  CFRunLoopRunSpecific+0x1a4
C  [HIToolbox+0x30ebc]  RunCurrentEventLoopInMode+0xf0
C  [HIToolbox+0x30bf9]  ReceiveNextEventCommon+0xb8
C  [HIToolbox+0x30b26]  _BlockUntilNextEventMatchingListInModeWithFilter+0x47
C  [AppKit+0x46a54]  _DPSNextEvent+0x460
C  [AppKit+0x7c27ee]  -[NSApplication(NSEvent) _nextEventMatchingEventMask:untilDate:inMode:dequeue:]+0xaec
C  [libosxapp.dylib+0x23aa]  -[NSApplicationAWT nextEventMatchingMask:untilDate:inMode:dequeue:]+0x7c
C  [AppKit+0x3b3db]  -[NSApplication run]+0x39e
C  [libosxapp.dylib+0x214d]  +[NSApplicationAWT runAWTLoopWithApp:]+0x9c
C  [libawt_lwawt.dylib+0x45edf]  -[AWTStarter starter:]+0x389
C  [Foundation+0x7152a]  __NSThreadPerformPerform+0x146
C  [CoreFoundation+0xa7321]  __CFRUNLOOP_IS_CALLING_OUT_TO_A_SOURCE0_PERFORM_FUNCTION__+0x11
C  [CoreFoundation+0x8821d]  __CFRunLoopDoSources0+0x22d
C  [CoreFoundation+0x87716]  __CFRunLoopRun+0x3a6
C  [CoreFoundation+0x87114]  CFRunLoopRunSpecific+0x1a4
C  [java+0x6465]  CreateExecutionEnvironment+0x367
C  [java+0x218c]  JLI_Launch+0x7a0
C  [java+0x84c2]  main+0x65
C  [java+0x19e4]  start+0x34
C  0x0000000000000006


---------------  P R O C E S S  ---------------

Java Threads: ( => current thread )
  0x00007f98d32ac000 JavaThread "AWT-Shutdown" [_thread_blocked, id=29747, stack(0x000070000fb0b000,0x000070000fc0b000)]
=>0x00007f98d20ab800 JavaThread "AppKit Thread" daemon [_thread_in_native, id=775, stack(0x00007fff53c10000,0x00007fff54410000)]
  0x00007f98d281d000 JavaThread "Service Thread" daemon [_thread_blocked, id=18691, stack(0x000070000f882000,0x000070000f982000)]
  0x00007f98d281c000 JavaThread "C1 CompilerThread2" daemon [_thread_blocked, id=18179, stack(0x000070000f77f000,0x000070000f87f000)]
  0x00007f98d1874800 JavaThread "C2 CompilerThread1" daemon [_thread_blocked, id=17667, stack(0x000070000f67c000,0x000070000f77c000)]
  0x00007f98d1828800 JavaThread "C2 CompilerThread0" daemon [_thread_blocked, id=17155, stack(0x000070000f579000,0x000070000f679000)]
  0x00007f98d3023800 JavaThread "Signal Dispatcher" daemon [_thread_blocked, id=16643, stack(0x000070000f476000,0x000070000f576000)]
  0x00007f98d2802000 JavaThread "Finalizer" daemon [_thread_blocked, id=12547, stack(0x000070000f373000,0x000070000f473000)]
  0x00007f98d1822000 JavaThread "Reference Handler" daemon [_thread_blocked, id=12035, stack(0x000070000f270000,0x000070000f370000)]
  0x00007f98d180d000 JavaThread "main" [_thread_in_native, id=7171, stack(0x000070000ec5e000,0x000070000ed5e000)]

Other Threads:
  0x00007f98d181d800 VMThread [stack: 0x000070000f16d000,0x000070000f26d000] [id=11523]
  0x00007f98d1875800 WatcherThread [stack: 0x000070000f985000,0x000070000fa85000] [id=19203]

VM state:not at safepoint (normal execution)

VM Mutex/Monitor currently owned by a thread: None

Heap:
 PSYoungGen      total 38400K, used 31784K [0x0000000795580000, 0x0000000798000000, 0x00000007c0000000)
  eden space 33280K, 85% used [0x0000000795580000,0x000000079716e160,0x0000000797600000)
  from space 5120K, 62% used [0x0000000797600000,0x000000079791c078,0x0000000797b00000)
  to   space 5120K, 0% used [0x0000000797b00000,0x0000000797b00000,0x0000000798000000)
 ParOldGen       total 87552K, used 60645K [0x0000000740000000, 0x0000000745580000, 0x0000000795580000)
  object space 87552K, 69% used [0x0000000740000000,0x0000000743b39630,0x0000000745580000)
 Metaspace       used 7507K, capacity 7683K, committed 7808K, reserved 1056768K
  class space    used 753K, capacity 824K, committed 896K, reserved 1048576K

Card table byte_map: [0x000000011c71a000,0x000000011cb1b000] byte_map_base: 0x0000000118d1a000

Marking Bits: (ParMarkBitMap*) 0x000000010d0665d0
 Begin Bits: [0x000000011cdc6000, 0x000000011edc6000)
 End Bits:   [0x000000011edc6000, 0x0000000120dc6000)

Polling page: 0x000000010b8b0000

CodeCache: size=245760Kb used=3996Kb max_used=4001Kb free=241763Kb
 bounds [0x000000010d71a000, 0x000000010db0a000, 0x000000011c71a000]
 total_blobs=1303 nmethods=901 adapters=316
 compilation: enabled

Compilation events (10 events):
Event: 10.033 Thread 0x00007f98d281c000  899       3       java.util.IdentityHashMap::isEmpty (13 bytes)
Event: 10.033 Thread 0x00007f98d281c000 nmethod 899 0x000000010dafc190 code [0x000000010dafc300, 0x000000010dafc4b0]
Event: 10.264 Thread 0x00007f98d1828800  900       4       org.newdawn.slick.opengl.renderer.ImmediateModeOGLRenderer::glColor4f (47 bytes)
Event: 10.266 Thread 0x00007f98d1828800 nmethod 900 0x000000010db04bd0 code [0x000000010db04d40, 0x000000010db04f28]
Event: 10.276 Thread 0x00007f98d281c000  901       3       org.newdawn.slick.Music::update (84 bytes)
Event: 10.277 Thread 0x00007f98d281c000 nmethod 901 0x000000010db04090 code [0x000000010db04280, 0x000000010db048a8]
Event: 10.313 Thread 0x00007f98d281c000  902       3       java.nio.HeapByteBuffer::put (16 bytes)
Event: 10.314 Thread 0x00007f98d281c000 nmethod 902 0x000000010db03990 code [0x000000010db03b20, 0x000000010db03ec8]
Event: 10.326 Thread 0x00007f98d281c000  903       3       java.nio.HeapByteBuffer::get (14 bytes)
Event: 10.327 Thread 0x00007f98d281c000 nmethod 903 0x000000010db03290 code [0x000000010db03420, 0x000000010db037c8]

GC Heap History (2 events):
Event: 1.149 GC heap before
{Heap before GC invocations=1 (full 0):
 PSYoungGen      total 38400K, used 28241K [0x0000000795580000, 0x0000000798000000, 0x00000007c0000000)
  eden space 33280K, 84% used [0x0000000795580000,0x0000000797114438,0x0000000797600000)
  from space 5120K, 0% used [0x0000000797b00000,0x0000000797b00000,0x0000000798000000)
  to   space 5120K, 0% used [0x0000000797600000,0x0000000797600000,0x0000000797b00000)
 ParOldGen       total 87552K, used 0K [0x0000000740000000, 0x0000000745580000, 0x0000000795580000)
  object space 87552K, 0% used [0x0000000740000000,0x0000000740000000,0x0000000745580000)
 Metaspace       used 7251K, capacity 7427K, committed 7552K, reserved 1056768K
  class space    used 742K, capacity 824K, committed 896K, reserved 1048576K
Event: 1.155 GC heap after
Heap after GC invocations=1 (full 0):
 PSYoungGen      total 38400K, used 3184K [0x0000000795580000, 0x0000000798000000, 0x00000007c0000000)
  eden space 33280K, 0% used [0x0000000795580000,0x0000000795580000,0x0000000797600000)
  from space 5120K, 62% used [0x0000000797600000,0x000000079791c078,0x0000000797b00000)
  to   space 5120K, 0% used [0x0000000797b00000,0x0000000797b00000,0x0000000798000000)
 ParOldGen       total 87552K, used 8208K [0x0000000740000000, 0x0000000745580000, 0x0000000795580000)
  object space 87552K, 9% used [0x0000000740000000,0x0000000740804010,0x0000000745580000)
 Metaspace       used 7251K, capacity 7427K, committed 7552K, reserved 1056768K
  class space    used 742K, capacity 824K, committed 896K, reserved 1048576K
}

Deoptimization events (10 events):
Event: 0.638 Thread 0x00007f98d180d000 Uncommon trap: reason=unstable_if action=reinterpret pc=0x000000010d9a17dc method=com.jcraft.jorbis.DspState.synthesis_blockin(Lcom/jcraft/jorbis/Block;)I @ 592
Event: 0.649 Thread 0x00007f98d180d000 Uncommon trap: reason=unstable_if action=reinterpret pc=0x000000010d9b3db8 method=com.jcraft.jorbis.Mapping0.inverse(Lcom/jcraft/jorbis/Block;Ljava/lang/Object;)I @ 596
Event: 0.704 Thread 0x00007f98d180d000 Uncommon trap: reason=unstable_if action=reinterpret pc=0x000000010d9be1c8 method=org.newdawn.slick.openal.OggInputStream.readPCM()V @ 270
Event: 0.746 Thread 0x00007f98d180d000 Uncommon trap: reason=unstable_if action=reinterpret pc=0x000000010d9c8188 method=org.newdawn.slick.openal.OggInputStream.readPCM()V @ 270
Event: 1.639 Thread 0x00007f98d180d000 Uncommon trap: reason=unstable_if action=reinterpret pc=0x000000010d9cb368 method=com.jcraft.jorbis.DspState.synthesis_blockin(Lcom/jcraft/jorbis/Block;)I @ 642
Event: 1.639 Thread 0x00007f98d180d000 Uncommon trap: reason=unstable_if action=reinterpret pc=0x000000010d9d98bc method=org.newdawn.slick.openal.OggInputStream.readPCM()V @ 63
Event: 1.639 Thread 0x00007f98d180d000 Uncommon trap: reason=unstable_if action=reinterpret pc=0x000000010d9b9c90 method=org.newdawn.slick.openal.OggInputStream.atEnd()Z @ 4
Event: 1.639 Thread 0x00007f98d180d000 Uncommon trap: reason=unstable_if action=reinterpret pc=0x000000010d9ca9f8 method=org.newdawn.slick.openal.OggInputStream.atEnd()Z @ 4
Event: 1.658 Thread 0x00007f98d180d000 Uncommon trap: reason=unstable_if action=reinterpret pc=0x000000010d9de698 method=java.nio.Bits.copyFromArray(Ljava/lang/Object;JJJJ)V @ 18
Event: 2.313 Thread 0x00007f98d180d000 Uncommon trap: reason=unstable_if action=reinterpret pc=0x000000010da1313c method=java.nio.DirectByteBuffer.put([BII)Ljava/nio/ByteBuffer; @ 8

Internal exceptions (10 events):
Event: 0.172 Thread 0x00007f98d180d000 Exception <a 'java/lang/NoSuchFieldError': method resolution failed> (0x000000079590d6b0) thrown at [/Users/java_re/workspace/8-2-build-macosx-x86_64/jdk8u144/9417/hotspot/src/share/vm/prims/methodHandles.cpp, line 1146]
Event: 0.299 Thread 0x00007f98d180d000 Exception <a 'java/io/FileNotFoundException'> (0x00000007959882b8) thrown at [/Users/java_re/workspace/8-2-build-macosx-x86_64/jdk8u144/9417/hotspot/src/share/vm/prims/jni.cpp, line 709]
Event: 0.299 Thread 0x00007f98d180d000 Exception <a 'java/io/FileNotFoundException'> (0x0000000795988e38) thrown at [/Users/java_re/workspace/8-2-build-macosx-x86_64/jdk8u144/9417/hotspot/src/share/vm/prims/jni.cpp, line 709]
Event: 0.495 Thread 0x00007f98d180d000 Exception <a 'java/lang/NoClassDefFoundError': net/java/games/input/ControllerEnvironment> (0x0000000795e47f60) thrown at [/Users/java_re/workspace/8-2-build-macosx-x86_64/jdk8u144/9417/hotspot/src/share/vm/classfile/systemDictionary.cpp, line 199]
Event: 0.498 Thread 0x00007f98d180d000 Exception <a 'java/security/PrivilegedActionException'> (0x0000000795e5f7b8) thrown at [/Users/java_re/workspace/8-2-build-macosx-x86_64/jdk8u144/9417/hotspot/src/share/vm/prims/jvm.cpp, line 1390]
Event: 0.498 Thread 0x00007f98d180d000 Exception <a 'java/security/PrivilegedActionException'> (0x0000000795e613a0) thrown at [/Users/java_re/workspace/8-2-build-macosx-x86_64/jdk8u144/9417/hotspot/src/share/vm/prims/jvm.cpp, line 1390]
Event: 0.498 Thread 0x00007f98d180d000 Exception <a 'java/security/PrivilegedActionException'> (0x0000000795e624c0) thrown at [/Users/java_re/workspace/8-2-build-macosx-x86_64/jdk8u144/9417/hotspot/src/share/vm/prims/jvm.cpp, line 1390]
Event: 0.498 Thread 0x00007f98d180d000 Exception <a 'java/security/PrivilegedActionException'> (0x0000000795e675e0) thrown at [/Users/java_re/workspace/8-2-build-macosx-x86_64/jdk8u144/9417/hotspot/src/share/vm/prims/jvm.cpp, line 1390]
Event: 0.498 Thread 0x00007f98d180d000 Exception <a 'java/security/PrivilegedActionException'> (0x0000000795e68238) thrown at [/Users/java_re/workspace/8-2-build-macosx-x86_64/jdk8u144/9417/hotspot/src/share/vm/prims/jvm.cpp, line 1390]
Event: 0.498 Thread 0x00007f98d180d000 Exception <a 'java/security/PrivilegedActionException'> (0x0000000795e68e60) thrown at [/Users/java_re/workspace/8-2-build-macosx-x86_64/jdk8u144/9417/hotspot/src/share/vm/prims/jvm.cpp, line 1390]

Events (10 events):
Event: 2.313 Thread 0x00007f98d180d000 Uncommon trap: trap_request=0xffffff65 fr.pc=0x000000010da1313c
Event: 2.313 Thread 0x00007f98d180d000 DEOPT PACKING pc=0x000000010da1313c sp=0x000070000ed5d4c0
Event: 2.313 Thread 0x00007f98d180d000 DEOPT UNPACKING pc=0x000000010d71f229 sp=0x000070000ed5d480 mode 2
Event: 2.313 Thread 0x00007f98d32ac000 Thread added: 0x00007f98d32ac000
Event: 4.109 Executing VM operation: EnableBiasedLocking
Event: 4.110 Executing VM operation: EnableBiasedLocking done
Event: 4.286 Thread 0x00007f98d180d000 DEOPT PACKING pc=0x000000010da7a933 sp=0x000070000ed5d600
Event: 4.286 Thread 0x00007f98d180d000 DEOPT UNPACKING pc=0x000000010d761633 sp=0x000070000ed5d430 mode 0
Event: 10.442 loading class org/lwjgl/opengl/CallbackUtil
Event: 10.442 loading class org/lwjgl/opengl/CallbackUtil done


Dynamic libraries:
0x0000000035651000 	/System/Library/Frameworks/Cocoa.framework/Versions/A/Cocoa
0x0000000035651000 	/System/Library/Frameworks/Security.framework/Versions/A/Security
0x0000000035651000 	/System/Library/Frameworks/ApplicationServices.framework/Versions/A/ApplicationServices
0x0000000035651000 	/usr/lib/libz.1.dylib
0x0000000035651000 	/usr/lib/libSystem.B.dylib
0x0000000035651000 	/usr/lib/libobjc.A.dylib
0x0000000035651000 	/System/Library/Frameworks/CoreFoundation.framework/Versions/A/CoreFoundation
0x0000000035651000 	/System/Library/Frameworks/Foundation.framework/Versions/C/Foundation
0x0000000035651000 	/System/Library/Frameworks/AppKit.framework/Versions/C/AppKit
0x0000000035651000 	/System/Library/Frameworks/CoreData.framework/Versions/A/CoreData
0x0000000035651000 	/System/Library/PrivateFrameworks/RemoteViewServices.framework/Versions/A/RemoteViewServices
0x0000000035651000 	/System/Library/PrivateFrameworks/UIFoundation.framework/Versions/A/UIFoundation
0x0000000035651000 	/System/Library/PrivateFrameworks/DFRFoundation.framework/Versions/A/DFRFoundation
0x0000000035651000 	/usr/lib/libenergytrace.dylib
0x0000000035651000 	/System/Library/PrivateFrameworks/SkyLight.framework/Versions/A/SkyLight
0x0000000035651000 	/System/Library/Frameworks/CoreGraphics.framework/Versions/A/CoreGraphics
0x0000000035651000 	/usr/lib/libScreenReader.dylib
0x0000000035651000 	/System/Library/Frameworks/Accelerate.framework/Versions/A/Accelerate
0x0000000035651000 	/System/Library/Frameworks/IOSurface.framework/Versions/A/IOSurface
0x0000000035651000 	/System/Library/Frameworks/AudioToolbox.framework/Versions/A/AudioToolbox
0x0000000035651000 	/System/Library/Frameworks/AudioUnit.framework/Versions/A/AudioUnit
0x0000000035651000 	/System/Library/PrivateFrameworks/DataDetectorsCore.framework/Versions/A/DataDetectorsCore
0x0000000035651000 	/System/Library/PrivateFrameworks/DesktopServicesPriv.framework/Versions/A/DesktopServicesPriv
0x0000000035651000 	/System/Library/Frameworks/Carbon.framework/Versions/A/Frameworks/HIToolbox.framework/Versions/A/HIToolbox
0x0000000035651000 	/usr/lib/libicucore.A.dylib
0x0000000035651000 	/System/Library/Frameworks/QuartzCore.framework/Versions/A/QuartzCore
0x0000000035651000 	/System/Library/Frameworks/Carbon.framework/Versions/A/Frameworks/SpeechRecognition.framework/Versions/A/SpeechRecognition
0x0000000035651000 	/usr/lib/libauto.dylib
0x0000000035651000 	/usr/lib/libxml2.2.dylib
0x0000000035651000 	/System/Library/PrivateFrameworks/CoreUI.framework/Versions/A/CoreUI
0x0000000035651000 	/System/Library/Frameworks/CoreAudio.framework/Versions/A/CoreAudio
0x0000000035651000 	/System/Library/Frameworks/DiskArbitration.framework/Versions/A/DiskArbitration
0x0000000035651000 	/usr/lib/liblangid.dylib
0x0000000035651000 	/System/Library/PrivateFrameworks/MultitouchSupport.framework/Versions/A/MultitouchSupport
0x0000000035651000 	/System/Library/Frameworks/IOKit.framework/Versions/A/IOKit
0x0000000035651000 	/usr/lib/libDiagnosticMessagesClient.dylib
0x0000000035651000 	/System/Library/Frameworks/CoreServices.framework/Versions/A/CoreServices
0x0000000035651000 	/System/Library/PrivateFrameworks/PerformanceAnalysis.framework/Versions/A/PerformanceAnalysis
0x0000000035651000 	/System/Library/PrivateFrameworks/GenerationalStorage.framework/Versions/A/GenerationalStorage
0x0000000035651000 	/System/Library/Frameworks/OpenGL.framework/Versions/A/OpenGL
0x0000000035651000 	/System/Library/Frameworks/CoreImage.framework/Versions/A/CoreImage
0x0000000035651000 	/System/Library/Frameworks/CoreText.framework/Versions/A/CoreText
0x0000000035651000 	/System/Library/Frameworks/ImageIO.framework/Versions/A/ImageIO
0x0000000035651000 	/System/Library/PrivateFrameworks/Backup.framework/Versions/A/Backup
0x0000000035651000 	/usr/lib/libarchive.2.dylib
0x0000000035651000 	/System/Library/Frameworks/CFNetwork.framework/Versions/A/CFNetwork
0x0000000035651000 	/System/Library/Frameworks/SystemConfiguration.framework/Versions/A/SystemConfiguration
0x0000000035651000 	/usr/lib/libCRFSuite.dylib
0x0000000035651000 	/usr/lib/libc++.1.dylib
0x0000000035651000 	/usr/lib/libc++abi.dylib
0x0000000035651000 	/usr/lib/system/libcache.dylib
0x0000000035651000 	/usr/lib/system/libcommonCrypto.dylib
0x0000000035651000 	/usr/lib/system/libcompiler_rt.dylib
0x0000000035651000 	/usr/lib/system/libcopyfile.dylib
0x0000000035651000 	/usr/lib/system/libcorecrypto.dylib
0x0000000035651000 	/usr/lib/system/libdispatch.dylib
0x0000000035651000 	/usr/lib/system/libdyld.dylib
0x0000000035651000 	/usr/lib/system/libkeymgr.dylib
0x0000000035651000 	/usr/lib/system/liblaunch.dylib
0x0000000035651000 	/usr/lib/system/libmacho.dylib
0x0000000035651000 	/usr/lib/system/libquarantine.dylib
0x0000000035651000 	/usr/lib/system/libremovefile.dylib
0x0000000035651000 	/usr/lib/system/libsystem_asl.dylib
0x0000000035651000 	/usr/lib/system/libsystem_blocks.dylib
0x0000000035651000 	/usr/lib/system/libsystem_c.dylib
0x0000000035651000 	/usr/lib/system/libsystem_configuration.dylib
0x0000000035651000 	/usr/lib/system/libsystem_coreservices.dylib
0x0000000035651000 	/usr/lib/system/libsystem_coretls.dylib
0x0000000035651000 	/usr/lib/system/libsystem_dnssd.dylib
0x0000000035651000 	/usr/lib/system/libsystem_info.dylib
0x0000000035651000 	/usr/lib/system/libsystem_kernel.dylib
0x0000000035651000 	/usr/lib/system/libsystem_m.dylib
0x0000000035651000 	/usr/lib/system/libsystem_malloc.dylib
0x0000000035651000 	/usr/lib/system/libsystem_network.dylib
0x0000000035651000 	/usr/lib/system/libsystem_networkextension.dylib
0x0000000035651000 	/usr/lib/system/libsystem_notify.dylib
0x0000000035651000 	/usr/lib/system/libsystem_platform.dylib
0x0000000035651000 	/usr/lib/system/libsystem_pthread.dylib
0x0000000035651000 	/usr/lib/system/libsystem_sandbox.dylib
0x0000000035651000 	/usr/lib/system/libsystem_secinit.dylib
0x0000000035651000 	/usr/lib/system/libsystem_symptoms.dylib
0x0000000035651000 	/usr/lib/system/libsystem_trace.dylib
0x0000000035651000 	/usr/lib/system/libunwind.dylib
0x0000000035651000 	/usr/lib/system/libxpc.dylib
0x0000000035651000 	/usr/lib/libbsm.0.dylib
0x0000000035651000 	/usr/lib/system/libkxld.dylib
0x0000000035651000 	/usr/lib/libcoretls.dylib
0x0000000035651000 	/usr/lib/libcoretls_cfhelpers.dylib
0x0000000035651000 	/usr/lib/libOpenScriptingUtil.dylib
0x0000000035651000 	/usr/lib/libpam.2.dylib
0x0000000035651000 	/usr/lib/libsqlite3.dylib
0x0000000035651000 	/usr/lib/libxar.1.dylib
0x0000000035651000 	/usr/lib/libbz2.1.0.dylib
0x0000000035651000 	/usr/lib/liblzma.5.dylib
0x0000000035651000 	/usr/lib/libnetwork.dylib
0x0000000035651000 	/usr/lib/libpcap.A.dylib
0x0000000035651000 	/System/Library/Frameworks/CoreServices.framework/Versions/A/Frameworks/FSEvents.framework/Versions/A/FSEvents
0x0000000035651000 	/System/Library/Frameworks/CoreServices.framework/Versions/A/Frameworks/CarbonCore.framework/Versions/A/CarbonCore
0x0000000035651000 	/System/Library/Frameworks/CoreServices.framework/Versions/A/Frameworks/Metadata.framework/Versions/A/Metadata
0x0000000035651000 	/System/Library/Frameworks/CoreServices.framework/Versions/A/Frameworks/OSServices.framework/Versions/A/OSServices
0x0000000035651000 	/System/Library/Frameworks/CoreServices.framework/Versions/A/Frameworks/SearchKit.framework/Versions/A/SearchKit
0x0000000035651000 	/System/Library/Frameworks/CoreServices.framework/Versions/A/Frameworks/AE.framework/Versions/A/AE
0x0000000035651000 	/System/Library/Frameworks/CoreServices.framework/Versions/A/Frameworks/LaunchServices.framework/Versions/A/LaunchServices
0x0000000035651000 	/System/Library/Frameworks/CoreServices.framework/Versions/A/Frameworks/DictionaryServices.framework/Versions/A/DictionaryServices
0x0000000035651000 	/System/Library/Frameworks/CoreServices.framework/Versions/A/Frameworks/SharedFileList.framework/Versions/A/SharedFileList
0x0000000035651000 	/System/Library/Frameworks/NetFS.framework/Versions/A/NetFS
0x0000000035651000 	/System/Library/PrivateFrameworks/NetAuth.framework/Versions/A/NetAuth
0x0000000035651000 	/System/Library/PrivateFrameworks/login.framework/Versions/A/Frameworks/loginsupport.framework/Versions/A/loginsupport
0x0000000035651000 	/System/Library/PrivateFrameworks/TCC.framework/Versions/A/TCC
0x0000000035651000 	/usr/lib/libmecabra.dylib
0x0000000035651000 	/System/Library/Frameworks/ApplicationServices.framework/Versions/A/Frameworks/ATS.framework/Versions/A/ATS
0x0000000035651000 	/System/Library/Frameworks/ApplicationServices.framework/Versions/A/Frameworks/ColorSync.framework/Versions/A/ColorSync
0x0000000035651000 	/System/Library/Frameworks/ApplicationServices.framework/Versions/A/Frameworks/HIServices.framework/Versions/A/HIServices
0x0000000035651000 	/System/Library/Frameworks/ApplicationServices.framework/Versions/A/Frameworks/LangAnalysis.framework/Versions/A/LangAnalysis
0x0000000035651000 	/System/Library/Frameworks/ApplicationServices.framework/Versions/A/Frameworks/PrintCore.framework/Versions/A/PrintCore
0x0000000035651000 	/System/Library/Frameworks/ApplicationServices.framework/Versions/A/Frameworks/QD.framework/Versions/A/QD
0x0000000035651000 	/System/Library/Frameworks/ApplicationServices.framework/Versions/A/Frameworks/SpeechSynthesis.framework/Versions/A/SpeechSynthesis
0x0000000035651000 	/System/Library/Frameworks/Accelerate.framework/Versions/A/Frameworks/vImage.framework/Versions/A/vImage
0x0000000035651000 	/System/Library/Frameworks/Accelerate.framework/Versions/A/Frameworks/vecLib.framework/Versions/A/vecLib
0x0000000035651000 	/System/Library/Frameworks/Accelerate.framework/Versions/A/Frameworks/vecLib.framework/Versions/A/libvDSP.dylib
0x0000000035651000 	/System/Library/Frameworks/Accelerate.framework/Versions/A/Frameworks/vecLib.framework/Versions/A/libBNNS.dylib
0x0000000035651000 	/System/Library/Frameworks/Accelerate.framework/Versions/A/Frameworks/vecLib.framework/Versions/A/libQuadrature.dylib
0x0000000035651000 	/System/Library/Frameworks/Accelerate.framework/Versions/A/Frameworks/vecLib.framework/Versions/A/libvMisc.dylib
0x0000000035651000 	/System/Library/Frameworks/Accelerate.framework/Versions/A/Frameworks/vecLib.framework/Versions/A/libLAPACK.dylib
0x0000000035651000 	/System/Library/Frameworks/Accelerate.framework/Versions/A/Frameworks/vecLib.framework/Versions/A/libBLAS.dylib
0x0000000035651000 	/System/Library/Frameworks/Accelerate.framework/Versions/A/Frameworks/vecLib.framework/Versions/A/libLinearAlgebra.dylib
0x0000000035651000 	/System/Library/Frameworks/Accelerate.framework/Versions/A/Frameworks/vecLib.framework/Versions/A/libSparseBLAS.dylib
0x0000000035651000 	/System/Library/Frameworks/ApplicationServices.framework/Versions/A/Frameworks/ATS.framework/Versions/A/Resources/libFontParser.dylib
0x0000000035651000 	/System/Library/Frameworks/ApplicationServices.framework/Versions/A/Frameworks/ATS.framework/Versions/A/Resources/libFontRegistry.dylib
0x0000000035651000 	/System/Library/Frameworks/ImageIO.framework/Versions/A/Resources/libJPEG.dylib
0x0000000035651000 	/System/Library/Frameworks/ImageIO.framework/Versions/A/Resources/libTIFF.dylib
0x0000000035651000 	/System/Library/Frameworks/ImageIO.framework/Versions/A/Resources/libPng.dylib
0x0000000035651000 	/System/Library/Frameworks/ImageIO.framework/Versions/A/Resources/libGIF.dylib
0x0000000035651000 	/System/Library/Frameworks/ImageIO.framework/Versions/A/Resources/libJP2.dylib
0x0000000035651000 	/System/Library/Frameworks/ImageIO.framework/Versions/A/Resources/libRadiance.dylib
0x0000000035651000 	/usr/lib/libcompression.dylib
0x0000000035651000 	/System/Library/PrivateFrameworks/AppleJPEG.framework/Versions/A/AppleJPEG
0x0000000035651000 	/usr/lib/libcups.2.dylib
0x0000000035651000 	/System/Library/Frameworks/Kerberos.framework/Versions/A/Kerberos
0x0000000035651000 	/System/Library/Frameworks/GSS.framework/Versions/A/GSS
0x0000000035651000 	/usr/lib/libresolv.9.dylib
0x0000000035651000 	/usr/lib/libiconv.2.dylib
0x0000000035651000 	/System/Library/PrivateFrameworks/Heimdal.framework/Versions/A/Heimdal
0x0000000035651000 	/usr/lib/libheimdal-asn1.dylib
0x0000000035651000 	/System/Library/Frameworks/OpenDirectory.framework/Versions/A/OpenDirectory
0x0000000035651000 	/System/Library/PrivateFrameworks/CommonAuth.framework/Versions/A/CommonAuth
0x0000000035651000 	/System/Library/Frameworks/OpenDirectory.framework/Versions/A/Frameworks/CFOpenDirectory.framework/Versions/A/CFOpenDirectory
0x0000000035651000 	/System/Library/Frameworks/SecurityFoundation.framework/Versions/A/SecurityFoundation
0x0000000035651000 	/System/Library/PrivateFrameworks/LanguageModeling.framework/Versions/A/LanguageModeling
0x0000000035651000 	/usr/lib/libmarisa.dylib
0x0000000035651000 	/usr/lib/libChineseTokenizer.dylib
0x0000000035651000 	/usr/lib/libcmph.dylib
0x0000000035651000 	/System/Library/PrivateFrameworks/CoreEmoji.framework/Versions/A/CoreEmoji
0x0000000035651000 	/System/Library/Frameworks/ServiceManagement.framework/Versions/A/ServiceManagement
0x0000000035651000 	/usr/lib/libxslt.1.dylib
0x0000000035651000 	/System/Library/Frameworks/Carbon.framework/Versions/A/Frameworks/Ink.framework/Versions/A/Ink
0x0000000035651000 	/System/Library/PrivateFrameworks/TextureIO.framework/Versions/A/TextureIO
0x0000000035651000 	/System/Library/Frameworks/Metal.framework/Versions/A/Metal
0x0000000035651000 	/usr/lib/libate.dylib
0x0000000035651000 	/System/Library/PrivateFrameworks/GPUCompiler.framework/libmetal_timestamp.dylib
0x0000000035651000 	/System/Library/Frameworks/OpenGL.framework/Versions/A/Libraries/libCoreFSCache.dylib
0x0000000035651000 	/System/Library/PrivateFrameworks/IOAccelerator.framework/Versions/A/IOAccelerator
0x0000000035651000 	/System/Library/Frameworks/CoreVideo.framework/Versions/A/CoreVideo
0x0000000035651000 	/usr/lib/libFosl_dynamic.dylib
0x0000000035651000 	/System/Library/PrivateFrameworks/MetalPerformanceShaders.framework/Versions/A/MetalPerformanceShaders
0x0000000035651000 	/System/Library/PrivateFrameworks/FaceCore.framework/Versions/A/FaceCore
0x0000000035651000 	/System/Library/Frameworks/OpenCL.framework/Versions/A/OpenCL
0x0000000035651000 	/System/Library/Frameworks/OpenGL.framework/Versions/A/Libraries/libGLU.dylib
0x0000000035651000 	/System/Library/Frameworks/OpenGL.framework/Versions/A/Libraries/libGFXShared.dylib
0x0000000035651000 	/System/Library/Frameworks/OpenGL.framework/Versions/A/Libraries/libGL.dylib
0x0000000035651000 	/System/Library/Frameworks/OpenGL.framework/Versions/A/Libraries/libGLImage.dylib
0x0000000035651000 	/System/Library/Frameworks/OpenGL.framework/Versions/A/Libraries/libCVMSPluginSupport.dylib
0x0000000035651000 	/System/Library/Frameworks/OpenGL.framework/Versions/A/Libraries/libCoreVMClient.dylib
0x0000000035651000 	/System/Library/PrivateFrameworks/CrashReporterSupport.framework/Versions/A/CrashReporterSupport
0x0000000035651000 	/System/Library/PrivateFrameworks/Sharing.framework/Versions/A/Sharing
0x0000000035651000 	/System/Library/PrivateFrameworks/IconServices.framework/Versions/A/IconServices
0x0000000035651000 	/System/Library/PrivateFrameworks/ProtocolBuffer.framework/Versions/A/ProtocolBuffer
0x0000000035651000 	/System/Library/PrivateFrameworks/Apple80211.framework/Versions/A/Apple80211
0x0000000035651000 	/System/Library/Frameworks/CoreWLAN.framework/Versions/A/CoreWLAN
0x0000000035651000 	/System/Library/PrivateFrameworks/CoreUtils.framework/Versions/A/CoreUtils
0x0000000035651000 	/System/Library/Frameworks/IOBluetooth.framework/Versions/A/IOBluetooth
0x0000000035651000 	/System/Library/PrivateFrameworks/CoreWiFi.framework/Versions/A/CoreWiFi
0x0000000035651000 	/System/Library/Frameworks/CoreBluetooth.framework/Versions/A/CoreBluetooth
0x0000000035651000 	/System/Library/Frameworks/CoreDisplay.framework/Versions/A/CoreDisplay
0x0000000035651000 	/System/Library/PrivateFrameworks/IOPresentment.framework/Versions/A/IOPresentment
0x0000000035651000 	/System/Library/PrivateFrameworks/DSExternalDisplay.framework/Versions/A/DSExternalDisplay
0x0000000035651000 	/System/Library/PrivateFrameworks/DebugSymbols.framework/Versions/A/DebugSymbols
0x0000000035651000 	/System/Library/PrivateFrameworks/CoreSymbolication.framework/Versions/A/CoreSymbolication
0x0000000035651000 	/System/Library/PrivateFrameworks/Symbolication.framework/Versions/A/Symbolication
0x0000000035651000 	/System/Library/PrivateFrameworks/AppleFSCompression.framework/Versions/A/AppleFSCompression
0x0000000035651000 	/System/Library/PrivateFrameworks/SpeechRecognitionCore.framework/Versions/A/SpeechRecognitionCore
0x0000000035651000 	/System/Library/PrivateFrameworks/ChunkingLibrary.framework/Versions/A/ChunkingLibrary
0x000000010c773000 	/Library/Java/JavaVirtualMachines/jdk1.8.0_144.jdk/Contents/Home/jre/lib/server/libjvm.dylib
0x0000000035651000 	/usr/lib/libstdc++.6.dylib
0x000000010b86d000 	/Library/Java/JavaVirtualMachines/jdk1.8.0_144.jdk/Contents/Home/jre/lib/libverify.dylib
0x000000010b87b000 	/Library/Java/JavaVirtualMachines/jdk1.8.0_144.jdk/Contents/Home/jre/lib/libjava.dylib
0x000000010b8ba000 	/Library/Java/JavaVirtualMachines/jdk1.8.0_144.jdk/Contents/Home/jre/lib/libzip.dylib
0x000000010b9e5000 	/System/Library/Frameworks/JavaVM.framework/Frameworks/JavaRuntimeSupport.framework/JavaRuntimeSupport
0x000000010c6b1000 	/System/Library/Frameworks/JavaVM.framework/Versions/A/Frameworks/JavaNativeFoundation.framework/Versions/A/JavaNativeFoundation
0x000000010c6c6000 	/System/Library/Frameworks/JavaVM.framework/Versions/A/JavaVM
0x0000000035651000 	/System/Library/Frameworks/Carbon.framework/Versions/A/Carbon
0x000000010c6d3000 	/System/Library/PrivateFrameworks/JavaLaunching.framework/Versions/A/JavaLaunching
0x0000000035651000 	/System/Library/Frameworks/Carbon.framework/Versions/A/Frameworks/CommonPanels.framework/Versions/A/CommonPanels
0x0000000035651000 	/System/Library/Frameworks/Carbon.framework/Versions/A/Frameworks/Help.framework/Versions/A/Help
0x0000000035651000 	/System/Library/Frameworks/Carbon.framework/Versions/A/Frameworks/ImageCapture.framework/Versions/A/ImageCapture
0x0000000035651000 	/System/Library/Frameworks/Carbon.framework/Versions/A/Frameworks/OpenScripting.framework/Versions/A/OpenScripting
0x0000000035651000 	/System/Library/Frameworks/Carbon.framework/Versions/A/Frameworks/Print.framework/Versions/A/Print
0x0000000035651000 	/System/Library/Frameworks/Carbon.framework/Versions/A/Frameworks/SecurityHI.framework/Versions/A/SecurityHI
0x00000001243f9000 	/Library/Java/JavaVirtualMachines/jdk1.8.0_144.jdk/Contents/Home/jre/lib/libawt.dylib
0x00000001244a1000 	/Library/Java/JavaVirtualMachines/jdk1.8.0_144.jdk/Contents/Home/jre/lib/./libmlib_image.dylib
0x000000012456d000 	/Library/Java/JavaVirtualMachines/jdk1.8.0_144.jdk/Contents/Home/jre/lib/libawt_lwawt.dylib
0x0000000124624000 	/Library/Java/JavaVirtualMachines/jdk1.8.0_144.jdk/Contents/Home/jre/lib/./libosxapp.dylib
0x0000000035651000 	/System/Library/Frameworks/ExceptionHandling.framework/Versions/A/ExceptionHandling
0x0000000035651000 	/System/Library/PrivateFrameworks/CoreServicesInternal.framework/Versions/A/CoreServicesInternal
0x0000000035651000 	/System/Library/CoreServices/RawCamera.bundle/Contents/MacOS/RawCamera
0x0000000035651000 	/System/Library/Frameworks/Accelerate.framework/Versions/A/Frameworks/vImage.framework/Versions/A/Libraries/libCGInterfaces.dylib
0x0000000035651000 	/System/Library/Frameworks/ApplicationServices.framework/Versions/A/Frameworks/ATS.framework/Versions/A/Resources/libTrueTypeScaler.dylib
0x000000012603c000 	/System/Library/Frameworks/OpenGL.framework/Resources/GLEngine.bundle/GLEngine
0x0000000035651000 	/System/Library/Frameworks/OpenGL.framework/Versions/A/Libraries/libGLProgrammability.dylib
0x0000000035651000 	/System/Library/Extensions/GeForceGLDriver.bundle/Contents/MacOS/GeForceGLDriver
0x0000000035651000 	/System/Library/Extensions/GeForceGLDriver.bundle/Contents/MacOS/libclh.dylib
0x0000000035651000 	/System/Library/PrivateFrameworks/GPUSupport.framework/Versions/A/Libraries/libGPUSupportMercury.dylib
0x0000000126221000 	/System/Library/Frameworks/OpenGL.framework/Resources//GLRendererFloat.bundle/GLRendererFloat
0x0000000035651000 	/System/Library/Frameworks/OpenCL.framework/Versions/A/Libraries/libcldcpuengine.dylib
0x0000000035651000 	/usr/lib/libcrypto.0.9.8.dylib
0x0000000035651000 	/System/Library/PrivateFrameworks/TrustEvaluationAgent.framework/Versions/A/TrustEvaluationAgent
0x0000000035651000 	/System/Library/Extensions/GeForceMTLDriver.bundle/Contents/MacOS/GeForceMTLDriver
0x0000000035651000 	/System/Library/PrivateFrameworks/FamilyControls.framework/Versions/A/FamilyControls
0x0000000035651000 	/System/Library/PrivateFrameworks/CommerceKit.framework/Versions/A/Frameworks/CommerceCore.framework/Versions/A/CommerceCore
0x0000000035651000 	/System/Library/PrivateFrameworks/SystemAdministration.framework/Versions/A/SystemAdministration
0x0000000035651000 	/System/Library/PrivateFrameworks/AppContainer.framework/Versions/A/AppContainer
0x0000000035651000 	/System/Library/PrivateFrameworks/SecCodeWrapper.framework/Versions/A/SecCodeWrapper
0x0000000035651000 	/System/Library/Frameworks/DirectoryService.framework/Versions/A/DirectoryService
0x0000000035651000 	/System/Library/PrivateFrameworks/DiskImages.framework/Versions/A/DiskImages
0x0000000035651000 	/System/Library/PrivateFrameworks/LoginUIKit.framework/Versions/A/Frameworks/LoginUICore.framework/Versions/A/LoginUICore
0x0000000035651000 	/usr/lib/libCoreStorage.dylib
0x0000000035651000 	/usr/lib/libcsfde.dylib
0x0000000035651000 	/usr/lib/libodfde.dylib
0x0000000035651000 	/System/Library/Frameworks/DiscRecording.framework/Versions/A/DiscRecording
0x0000000035651000 	/usr/lib/libcurl.4.dylib
0x0000000035651000 	/System/Library/PrivateFrameworks/MediaKit.framework/Versions/A/MediaKit
0x0000000035651000 	/System/Library/PrivateFrameworks/ProtectedCloudStorage.framework/Versions/A/ProtectedCloudStorage
0x0000000035651000 	/System/Library/PrivateFrameworks/EFILogin.framework/Versions/A/EFILogin
0x0000000035651000 	/usr/lib/libutil.dylib
0x0000000035651000 	/System/Library/Frameworks/LDAP.framework/Versions/A/LDAP
0x0000000035651000 	/usr/lib/libsasl2.2.dylib
0x0000000035651000 	/System/Library/PrivateFrameworks/CoreDaemon.framework/Versions/B/CoreDaemon
0x0000000035651000 	/System/Library/PrivateFrameworks/AppleSRP.framework/Versions/A/AppleSRP
0x0000000035651000 	/System/Library/PrivateFrameworks/APFS.framework/Versions/A/APFS
0x000000012b503000 	/Library/Java/JavaVirtualMachines/jdk1.8.0_144.jdk/Contents/Home/jre/lib/libfontmanager.dylib
0x000000012b56a000 	/Users/jhar3975/Documents/slick/liblwjgl.dylib
0x0000000125102000 	/Library/Java/JavaVirtualMachines/jdk1.8.0_144.jdk/Contents/Home/jre/lib/libjawt.dylib
0x000000012c459000 	/Users/jhar3975/Documents/slick/openal.dylib
0x000000012c4dd000 	/System/Library/Components/CoreAudio.component/Contents/MacOS/CoreAudio
0x000000012c6db000 	/System/Library/Extensions/AppleHDA.kext/Contents/PlugIns/AppleHDAHALPlugIn.bundle/Contents/MacOS/AppleHDAHALPlugIn
0x0000000035651000 	/System/Library/PrivateFrameworks/ViewBridge.framework/Versions/A/ViewBridge
0x0000000035651000 	/System/Library/PrivateFrameworks/XPCService.framework/Versions/A/XPCService
0x0000000035651000 	/System/Library/PrivateFrameworks/AppSandbox.framework/Versions/A/AppSandbox
0x0000000035651000 	/usr/lib/libsandbox.1.dylib
0x0000000035651000 	/usr/lib/libMatch.1.dylib

VM Arguments:
jvm_args: -Djava.library.path=/Users/jhar3975/Documents/slick -Dfile.encoding=UTF-8 
java_command: game.plat.Main
java_class_path (initial): /Users/jhar3975/eclipse-workspace/Platformer/bin:/Users/jhar3975/Documents/slick/lib/lwjgl.jar:/Users/jhar3975/Documents/slick/lib/slick.jar:/Users/jhar3975/Documents/slick/lib/jogg-0.0.7.jar:/Users/jhar3975/Documents/slick/lib/jorbis-0.0.15.jar
Launcher Type: SUN_STANDARD

Environment Variables:
PATH=/usr/bin:/bin:/usr/sbin:/sbin
SHELL=/bin/bash

Signal Handlers:
SIGSEGV: [libjvm.dylib+0x5b26e5], sa_mask[0]=11111111011111110111111111111111, sa_flags=SA_ONSTACK|SA_RESTART|SA_SIGINFO
SIGBUS: [libjvm.dylib+0x5b26e5], sa_mask[0]=11111111011111110111111111111111, sa_flags=SA_RESTART|SA_SIGINFO
SIGFPE: [libjvm.dylib+0x489100], sa_mask[0]=11111111011111110111111111111111, sa_flags=SA_RESTART|SA_SIGINFO
SIGPIPE: [libjvm.dylib+0x489100], sa_mask[0]=11111111011111110111111111111111, sa_flags=SA_RESTART|SA_SIGINFO
SIGXFSZ: [libjvm.dylib+0x489100], sa_mask[0]=11111111011111110111111111111111, sa_flags=SA_RESTART|SA_SIGINFO
SIGILL: [libjvm.dylib+0x489100], sa_mask[0]=11111111011111110111111111111111, sa_flags=SA_RESTART|SA_SIGINFO
SIGUSR1: SIG_DFL, sa_mask[0]=00000000000000000000000000000000, sa_flags=none
SIGUSR2: [libjvm.dylib+0x488c1e], sa_mask[0]=00100000000000000000000000000000, sa_flags=SA_RESTART|SA_SIGINFO
SIGHUP: [libjvm.dylib+0x4871f5], sa_mask[0]=11111111011111110111111111111111, sa_flags=SA_RESTART|SA_SIGINFO
SIGINT: [libjvm.dylib+0x4871f5], sa_mask[0]=11111111011111110111111111111111, sa_flags=SA_RESTART|SA_SIGINFO
SIGTERM: [libjvm.dylib+0x4871f5], sa_mask[0]=11111111011111110111111111111111, sa_flags=SA_RESTART|SA_SIGINFO
SIGQUIT: [libjvm.dylib+0x4871f5], sa_mask[0]=11111111011111110111111111111111, sa_flags=SA_RESTART|SA_SIGINFO


---------------  S Y S T E M  ---------------

OS:Bsduname:Darwin 16.7.0 Darwin Kernel Version 16.7.0: Thu Jun 15 17:36:27 PDT 2017; root:xnu-3789.70.16~2/RELEASE_X86_64 x86_64
rlimit: STACK 8192k, CORE 0k, NPROC 709, NOFILE 10240, AS infinity
load average:1.59 1.68 1.58

CPU:total 4 (initial active 4) (4 cores per cpu, 1 threads per core) family 6 model 60 stepping 3, cmov, cx8, fxsr, mmx, sse, sse2, sse3, ssse3, sse4.1, sse4.2, popcnt, avx, avx2, aes, clmul, erms, rtm, lzcnt, tsc, tscinvbit, bmi1, bmi2

Memory: 4k page, physical 8388608k(3095256k free)

/proc/meminfo:


vm_info: Java HotSpot(TM) 64-Bit Server VM (25.144-b01) for bsd-amd64 JRE (1.8.0_144-b01), built on Jul 21 2017 22:07:42 by "java_re" with gcc 4.2.1 (Based on Apple Inc. build 5658) (LLVM build 2336.11.00)

time: Tue Nov 21 08:09:11 2017
elapsed time: 10 seconds (0d 0h 0m 10s)

